[2021-06-11 13:54:20,391] {scheduler_job.py:182} INFO - Started process (PID=167) to work on /home/airflow/.local/lib/python3.6/site-packages/airflow/example_dags/example_python_operator.py
[2021-06-11 13:54:20,393] {scheduler_job.py:633} INFO - Processing file /home/airflow/.local/lib/python3.6/site-packages/airflow/example_dags/example_python_operator.py for tasks to queue
[2021-06-11 13:54:20,394] {logging_mixin.py:104} INFO - [2021-06-11 13:54:20,394] {dagbag.py:487} INFO - Filling up the DagBag from /home/airflow/.local/lib/python3.6/site-packages/airflow/example_dags/example_python_operator.py
[2021-06-11 13:54:20,408] {scheduler_job.py:643} INFO - DAG(s) dict_keys(['example_python_operator']) retrieved from /home/airflow/.local/lib/python3.6/site-packages/airflow/example_dags/example_python_operator.py
[2021-06-11 13:54:22,570] {logging_mixin.py:104} INFO - [2021-06-11 13:54:22,569] {dag.py:1832} INFO - Sync 1 DAGs
[2021-06-11 13:54:22,580] {logging_mixin.py:104} INFO - [2021-06-11 13:54:22,579] {dag.py:1851} INFO - Creating ORM DAG for example_python_operator
[2021-06-11 13:54:22,594] {logging_mixin.py:104} INFO - [2021-06-11 13:54:22,594] {dag.py:2305} INFO - Setting next_dagrun for example_python_operator to None
[2021-06-11 13:54:22,615] {scheduler_job.py:190} INFO - Processing /home/airflow/.local/lib/python3.6/site-packages/airflow/example_dags/example_python_operator.py took 2.228 seconds
[2021-06-11 13:54:56,691] {scheduler_job.py:182} INFO - Started process (PID=234) to work on /home/airflow/.local/lib/python3.6/site-packages/airflow/example_dags/example_python_operator.py
[2021-06-11 13:54:56,706] {scheduler_job.py:633} INFO - Processing file /home/airflow/.local/lib/python3.6/site-packages/airflow/example_dags/example_python_operator.py for tasks to queue
[2021-06-11 13:54:56,723] {logging_mixin.py:104} INFO - [2021-06-11 13:54:56,722] {dagbag.py:487} INFO - Filling up the DagBag from /home/airflow/.local/lib/python3.6/site-packages/airflow/example_dags/example_python_operator.py
[2021-06-11 13:54:56,814] {scheduler_job.py:643} INFO - DAG(s) dict_keys(['example_python_operator']) retrieved from /home/airflow/.local/lib/python3.6/site-packages/airflow/example_dags/example_python_operator.py
[2021-06-11 13:54:56,933] {logging_mixin.py:104} INFO - [2021-06-11 13:54:56,933] {dag.py:1832} INFO - Sync 1 DAGs
[2021-06-11 13:54:56,966] {logging_mixin.py:104} INFO - [2021-06-11 13:54:56,966] {dag.py:2305} INFO - Setting next_dagrun for example_python_operator to None
[2021-06-11 13:54:56,987] {scheduler_job.py:190} INFO - Processing /home/airflow/.local/lib/python3.6/site-packages/airflow/example_dags/example_python_operator.py took 0.302 seconds
[2021-06-11 13:55:27,096] {scheduler_job.py:182} INFO - Started process (PID=313) to work on /home/airflow/.local/lib/python3.6/site-packages/airflow/example_dags/example_python_operator.py
[2021-06-11 13:55:27,098] {scheduler_job.py:633} INFO - Processing file /home/airflow/.local/lib/python3.6/site-packages/airflow/example_dags/example_python_operator.py for tasks to queue
[2021-06-11 13:55:27,101] {logging_mixin.py:104} INFO - [2021-06-11 13:55:27,100] {dagbag.py:487} INFO - Filling up the DagBag from /home/airflow/.local/lib/python3.6/site-packages/airflow/example_dags/example_python_operator.py
[2021-06-11 13:55:27,119] {scheduler_job.py:643} INFO - DAG(s) dict_keys(['example_python_operator']) retrieved from /home/airflow/.local/lib/python3.6/site-packages/airflow/example_dags/example_python_operator.py
[2021-06-11 13:55:27,150] {logging_mixin.py:104} INFO - [2021-06-11 13:55:27,150] {dag.py:1832} INFO - Sync 1 DAGs
[2021-06-11 13:55:27,164] {logging_mixin.py:104} INFO - [2021-06-11 13:55:27,164] {dag.py:2305} INFO - Setting next_dagrun for example_python_operator to None
[2021-06-11 13:55:27,176] {scheduler_job.py:190} INFO - Processing /home/airflow/.local/lib/python3.6/site-packages/airflow/example_dags/example_python_operator.py took 0.084 seconds
[2021-06-11 13:55:57,665] {scheduler_job.py:182} INFO - Started process (PID=388) to work on /home/airflow/.local/lib/python3.6/site-packages/airflow/example_dags/example_python_operator.py
[2021-06-11 13:55:57,667] {scheduler_job.py:633} INFO - Processing file /home/airflow/.local/lib/python3.6/site-packages/airflow/example_dags/example_python_operator.py for tasks to queue
[2021-06-11 13:55:57,668] {logging_mixin.py:104} INFO - [2021-06-11 13:55:57,668] {dagbag.py:487} INFO - Filling up the DagBag from /home/airflow/.local/lib/python3.6/site-packages/airflow/example_dags/example_python_operator.py
[2021-06-11 13:55:57,681] {scheduler_job.py:643} INFO - DAG(s) dict_keys(['example_python_operator']) retrieved from /home/airflow/.local/lib/python3.6/site-packages/airflow/example_dags/example_python_operator.py
[2021-06-11 13:55:57,707] {logging_mixin.py:104} INFO - [2021-06-11 13:55:57,707] {dag.py:1832} INFO - Sync 1 DAGs
[2021-06-11 13:55:57,732] {logging_mixin.py:104} INFO - [2021-06-11 13:55:57,731] {dag.py:2305} INFO - Setting next_dagrun for example_python_operator to None
[2021-06-11 13:55:57,752] {scheduler_job.py:190} INFO - Processing /home/airflow/.local/lib/python3.6/site-packages/airflow/example_dags/example_python_operator.py took 0.091 seconds
[2021-06-11 13:56:55,229] {scheduler_job.py:182} INFO - Started process (PID=55) to work on /home/airflow/.local/lib/python3.6/site-packages/airflow/example_dags/example_python_operator.py
[2021-06-11 13:56:55,234] {scheduler_job.py:633} INFO - Processing file /home/airflow/.local/lib/python3.6/site-packages/airflow/example_dags/example_python_operator.py for tasks to queue
[2021-06-11 13:56:55,238] {logging_mixin.py:104} INFO - [2021-06-11 13:56:55,238] {dagbag.py:487} INFO - Filling up the DagBag from /home/airflow/.local/lib/python3.6/site-packages/airflow/example_dags/example_python_operator.py
[2021-06-11 13:56:55,279] {scheduler_job.py:643} INFO - DAG(s) dict_keys(['example_python_operator']) retrieved from /home/airflow/.local/lib/python3.6/site-packages/airflow/example_dags/example_python_operator.py
[2021-06-11 13:56:55,340] {logging_mixin.py:104} INFO - [2021-06-11 13:56:55,340] {dag.py:1832} INFO - Sync 1 DAGs
[2021-06-11 13:56:55,383] {logging_mixin.py:104} INFO - [2021-06-11 13:56:55,383] {dag.py:2305} INFO - Setting next_dagrun for example_python_operator to None
[2021-06-11 13:56:55,417] {scheduler_job.py:190} INFO - Processing /home/airflow/.local/lib/python3.6/site-packages/airflow/example_dags/example_python_operator.py took 0.207 seconds
