[2021-06-11 14:02:09,134] {scheduler_job.py:182} INFO - Started process (PID=39) to work on /home/airflow/.local/lib/python3.6/site-packages/airflow/example_dags/example_kubernetes_executor_config.py
[2021-06-11 14:02:09,137] {scheduler_job.py:633} INFO - Processing file /home/airflow/.local/lib/python3.6/site-packages/airflow/example_dags/example_kubernetes_executor_config.py for tasks to queue
[2021-06-11 14:02:09,139] {logging_mixin.py:104} INFO - [2021-06-11 14:02:09,139] {dagbag.py:487} INFO - Filling up the DagBag from /home/airflow/.local/lib/python3.6/site-packages/airflow/example_dags/example_kubernetes_executor_config.py
[2021-06-11 14:02:09,167] {scheduler_job.py:643} INFO - DAG(s) dict_keys(['example_kubernetes_executor_config']) retrieved from /home/airflow/.local/lib/python3.6/site-packages/airflow/example_dags/example_kubernetes_executor_config.py
[2021-06-11 14:02:09,209] {logging_mixin.py:104} INFO - [2021-06-11 14:02:09,209] {dag.py:1832} INFO - Sync 1 DAGs
[2021-06-11 14:02:09,249] {logging_mixin.py:104} INFO - [2021-06-11 14:02:09,248] {dag.py:2305} INFO - Setting next_dagrun for example_kubernetes_executor_config to None
[2021-06-11 14:02:09,267] {scheduler_job.py:190} INFO - Processing /home/airflow/.local/lib/python3.6/site-packages/airflow/example_dags/example_kubernetes_executor_config.py took 0.142 seconds
[2021-06-11 14:02:40,197] {scheduler_job.py:182} INFO - Started process (PID=100) to work on /home/airflow/.local/lib/python3.6/site-packages/airflow/example_dags/example_kubernetes_executor_config.py
[2021-06-11 14:02:40,200] {scheduler_job.py:633} INFO - Processing file /home/airflow/.local/lib/python3.6/site-packages/airflow/example_dags/example_kubernetes_executor_config.py for tasks to queue
[2021-06-11 14:02:40,203] {logging_mixin.py:104} INFO - [2021-06-11 14:02:40,203] {dagbag.py:487} INFO - Filling up the DagBag from /home/airflow/.local/lib/python3.6/site-packages/airflow/example_dags/example_kubernetes_executor_config.py
[2021-06-11 14:02:40,227] {scheduler_job.py:643} INFO - DAG(s) dict_keys(['example_kubernetes_executor_config']) retrieved from /home/airflow/.local/lib/python3.6/site-packages/airflow/example_dags/example_kubernetes_executor_config.py
[2021-06-11 14:02:40,262] {logging_mixin.py:104} INFO - [2021-06-11 14:02:40,261] {dag.py:1832} INFO - Sync 1 DAGs
[2021-06-11 14:02:40,286] {logging_mixin.py:104} INFO - [2021-06-11 14:02:40,286] {dag.py:2305} INFO - Setting next_dagrun for example_kubernetes_executor_config to None
[2021-06-11 14:02:40,312] {scheduler_job.py:190} INFO - Processing /home/airflow/.local/lib/python3.6/site-packages/airflow/example_dags/example_kubernetes_executor_config.py took 0.121 seconds
[2021-06-11 14:03:10,897] {scheduler_job.py:182} INFO - Started process (PID=162) to work on /home/airflow/.local/lib/python3.6/site-packages/airflow/example_dags/example_kubernetes_executor_config.py
[2021-06-11 14:03:10,899] {scheduler_job.py:633} INFO - Processing file /home/airflow/.local/lib/python3.6/site-packages/airflow/example_dags/example_kubernetes_executor_config.py for tasks to queue
[2021-06-11 14:03:10,901] {logging_mixin.py:104} INFO - [2021-06-11 14:03:10,901] {dagbag.py:487} INFO - Filling up the DagBag from /home/airflow/.local/lib/python3.6/site-packages/airflow/example_dags/example_kubernetes_executor_config.py
[2021-06-11 14:03:10,949] {scheduler_job.py:643} INFO - DAG(s) dict_keys(['example_kubernetes_executor_config']) retrieved from /home/airflow/.local/lib/python3.6/site-packages/airflow/example_dags/example_kubernetes_executor_config.py
[2021-06-11 14:03:11,011] {logging_mixin.py:104} INFO - [2021-06-11 14:03:11,011] {dag.py:1832} INFO - Sync 1 DAGs
[2021-06-11 14:03:11,041] {logging_mixin.py:104} INFO - [2021-06-11 14:03:11,041] {dag.py:2305} INFO - Setting next_dagrun for example_kubernetes_executor_config to None
[2021-06-11 14:03:11,054] {scheduler_job.py:190} INFO - Processing /home/airflow/.local/lib/python3.6/site-packages/airflow/example_dags/example_kubernetes_executor_config.py took 0.161 seconds
