[2021-06-11 13:53:11,376] {scheduler_job.py:182} INFO - Started process (PID=91) to work on /home/airflow/.local/lib/python3.6/site-packages/airflow/example_dags/example_complex.py
[2021-06-11 13:53:11,378] {scheduler_job.py:633} INFO - Processing file /home/airflow/.local/lib/python3.6/site-packages/airflow/example_dags/example_complex.py for tasks to queue
[2021-06-11 13:53:11,379] {logging_mixin.py:104} INFO - [2021-06-11 13:53:11,379] {dagbag.py:487} INFO - Filling up the DagBag from /home/airflow/.local/lib/python3.6/site-packages/airflow/example_dags/example_complex.py
[2021-06-11 13:53:11,408] {scheduler_job.py:643} INFO - DAG(s) dict_keys(['example_complex']) retrieved from /home/airflow/.local/lib/python3.6/site-packages/airflow/example_dags/example_complex.py
[2021-06-11 13:53:13,671] {logging_mixin.py:104} INFO - [2021-06-11 13:53:13,671] {dag.py:1832} INFO - Sync 1 DAGs
[2021-06-11 13:53:13,684] {logging_mixin.py:104} INFO - [2021-06-11 13:53:13,683] {dag.py:1851} INFO - Creating ORM DAG for example_complex
[2021-06-11 13:53:13,691] {logging_mixin.py:104} INFO - [2021-06-11 13:53:13,691] {dag.py:2305} INFO - Setting next_dagrun for example_complex to None
[2021-06-11 13:53:13,705] {scheduler_job.py:190} INFO - Processing /home/airflow/.local/lib/python3.6/site-packages/airflow/example_dags/example_complex.py took 2.334 seconds
[2021-06-11 13:54:12,424] {scheduler_job.py:182} INFO - Started process (PID=151) to work on /home/airflow/.local/lib/python3.6/site-packages/airflow/example_dags/example_complex.py
[2021-06-11 13:54:12,426] {scheduler_job.py:633} INFO - Processing file /home/airflow/.local/lib/python3.6/site-packages/airflow/example_dags/example_complex.py for tasks to queue
[2021-06-11 13:54:12,427] {logging_mixin.py:104} INFO - [2021-06-11 13:54:12,427] {dagbag.py:487} INFO - Filling up the DagBag from /home/airflow/.local/lib/python3.6/site-packages/airflow/example_dags/example_complex.py
[2021-06-11 13:54:12,449] {scheduler_job.py:643} INFO - DAG(s) dict_keys(['example_complex']) retrieved from /home/airflow/.local/lib/python3.6/site-packages/airflow/example_dags/example_complex.py
[2021-06-11 13:54:12,479] {logging_mixin.py:104} INFO - [2021-06-11 13:54:12,479] {dag.py:1832} INFO - Sync 1 DAGs
[2021-06-11 13:54:12,493] {logging_mixin.py:104} INFO - [2021-06-11 13:54:12,493] {dag.py:2305} INFO - Setting next_dagrun for example_complex to None
[2021-06-11 13:54:12,507] {scheduler_job.py:190} INFO - Processing /home/airflow/.local/lib/python3.6/site-packages/airflow/example_dags/example_complex.py took 0.086 seconds
[2021-06-11 13:54:42,926] {scheduler_job.py:182} INFO - Started process (PID=208) to work on /home/airflow/.local/lib/python3.6/site-packages/airflow/example_dags/example_complex.py
[2021-06-11 13:54:42,928] {scheduler_job.py:633} INFO - Processing file /home/airflow/.local/lib/python3.6/site-packages/airflow/example_dags/example_complex.py for tasks to queue
[2021-06-11 13:54:42,929] {logging_mixin.py:104} INFO - [2021-06-11 13:54:42,929] {dagbag.py:487} INFO - Filling up the DagBag from /home/airflow/.local/lib/python3.6/site-packages/airflow/example_dags/example_complex.py
[2021-06-11 13:54:42,951] {scheduler_job.py:643} INFO - DAG(s) dict_keys(['example_complex']) retrieved from /home/airflow/.local/lib/python3.6/site-packages/airflow/example_dags/example_complex.py
[2021-06-11 13:54:42,977] {logging_mixin.py:104} INFO - [2021-06-11 13:54:42,977] {dag.py:1832} INFO - Sync 1 DAGs
[2021-06-11 13:54:42,989] {logging_mixin.py:104} INFO - [2021-06-11 13:54:42,989] {dag.py:2305} INFO - Setting next_dagrun for example_complex to None
[2021-06-11 13:54:43,000] {scheduler_job.py:190} INFO - Processing /home/airflow/.local/lib/python3.6/site-packages/airflow/example_dags/example_complex.py took 0.077 seconds
[2021-06-11 13:55:13,760] {scheduler_job.py:182} INFO - Started process (PID=287) to work on /home/airflow/.local/lib/python3.6/site-packages/airflow/example_dags/example_complex.py
[2021-06-11 13:55:13,762] {scheduler_job.py:633} INFO - Processing file /home/airflow/.local/lib/python3.6/site-packages/airflow/example_dags/example_complex.py for tasks to queue
[2021-06-11 13:55:13,763] {logging_mixin.py:104} INFO - [2021-06-11 13:55:13,763] {dagbag.py:487} INFO - Filling up the DagBag from /home/airflow/.local/lib/python3.6/site-packages/airflow/example_dags/example_complex.py
[2021-06-11 13:55:13,789] {scheduler_job.py:643} INFO - DAG(s) dict_keys(['example_complex']) retrieved from /home/airflow/.local/lib/python3.6/site-packages/airflow/example_dags/example_complex.py
[2021-06-11 13:55:13,824] {logging_mixin.py:104} INFO - [2021-06-11 13:55:13,823] {dag.py:1832} INFO - Sync 1 DAGs
[2021-06-11 13:55:13,839] {logging_mixin.py:104} INFO - [2021-06-11 13:55:13,839] {dag.py:2305} INFO - Setting next_dagrun for example_complex to None
[2021-06-11 13:55:13,857] {scheduler_job.py:190} INFO - Processing /home/airflow/.local/lib/python3.6/site-packages/airflow/example_dags/example_complex.py took 0.102 seconds
[2021-06-11 13:55:44,163] {scheduler_job.py:182} INFO - Started process (PID=350) to work on /home/airflow/.local/lib/python3.6/site-packages/airflow/example_dags/example_complex.py
[2021-06-11 13:55:44,165] {scheduler_job.py:633} INFO - Processing file /home/airflow/.local/lib/python3.6/site-packages/airflow/example_dags/example_complex.py for tasks to queue
[2021-06-11 13:55:44,167] {logging_mixin.py:104} INFO - [2021-06-11 13:55:44,166] {dagbag.py:487} INFO - Filling up the DagBag from /home/airflow/.local/lib/python3.6/site-packages/airflow/example_dags/example_complex.py
[2021-06-11 13:55:44,191] {scheduler_job.py:643} INFO - DAG(s) dict_keys(['example_complex']) retrieved from /home/airflow/.local/lib/python3.6/site-packages/airflow/example_dags/example_complex.py
[2021-06-11 13:55:44,227] {logging_mixin.py:104} INFO - [2021-06-11 13:55:44,227] {dag.py:1832} INFO - Sync 1 DAGs
[2021-06-11 13:55:44,240] {logging_mixin.py:104} INFO - [2021-06-11 13:55:44,240] {dag.py:2305} INFO - Setting next_dagrun for example_complex to None
[2021-06-11 13:55:44,255] {scheduler_job.py:190} INFO - Processing /home/airflow/.local/lib/python3.6/site-packages/airflow/example_dags/example_complex.py took 0.096 seconds
[2021-06-11 13:56:14,957] {scheduler_job.py:182} INFO - Started process (PID=431) to work on /home/airflow/.local/lib/python3.6/site-packages/airflow/example_dags/example_complex.py
[2021-06-11 13:56:14,959] {scheduler_job.py:633} INFO - Processing file /home/airflow/.local/lib/python3.6/site-packages/airflow/example_dags/example_complex.py for tasks to queue
[2021-06-11 13:56:14,961] {logging_mixin.py:104} INFO - [2021-06-11 13:56:14,961] {dagbag.py:487} INFO - Filling up the DagBag from /home/airflow/.local/lib/python3.6/site-packages/airflow/example_dags/example_complex.py
[2021-06-11 13:56:14,985] {scheduler_job.py:643} INFO - DAG(s) dict_keys(['example_complex']) retrieved from /home/airflow/.local/lib/python3.6/site-packages/airflow/example_dags/example_complex.py
[2021-06-11 13:56:15,014] {logging_mixin.py:104} INFO - [2021-06-11 13:56:15,014] {dag.py:1832} INFO - Sync 1 DAGs
[2021-06-11 13:56:15,028] {logging_mixin.py:104} INFO - [2021-06-11 13:56:15,028] {dag.py:2305} INFO - Setting next_dagrun for example_complex to None
[2021-06-11 13:56:15,038] {scheduler_job.py:190} INFO - Processing /home/airflow/.local/lib/python3.6/site-packages/airflow/example_dags/example_complex.py took 0.085 seconds
[2021-06-11 13:56:53,591] {scheduler_job.py:182} INFO - Started process (PID=45) to work on /home/airflow/.local/lib/python3.6/site-packages/airflow/example_dags/example_complex.py
[2021-06-11 13:56:53,593] {scheduler_job.py:633} INFO - Processing file /home/airflow/.local/lib/python3.6/site-packages/airflow/example_dags/example_complex.py for tasks to queue
[2021-06-11 13:56:53,596] {logging_mixin.py:104} INFO - [2021-06-11 13:56:53,595] {dagbag.py:487} INFO - Filling up the DagBag from /home/airflow/.local/lib/python3.6/site-packages/airflow/example_dags/example_complex.py
[2021-06-11 13:56:53,628] {scheduler_job.py:643} INFO - DAG(s) dict_keys(['example_complex']) retrieved from /home/airflow/.local/lib/python3.6/site-packages/airflow/example_dags/example_complex.py
[2021-06-11 13:56:53,669] {logging_mixin.py:104} INFO - [2021-06-11 13:56:53,669] {dag.py:1832} INFO - Sync 1 DAGs
[2021-06-11 13:56:53,692] {logging_mixin.py:104} INFO - [2021-06-11 13:56:53,692] {dag.py:2305} INFO - Setting next_dagrun for example_complex to None
[2021-06-11 13:56:53,709] {scheduler_job.py:190} INFO - Processing /home/airflow/.local/lib/python3.6/site-packages/airflow/example_dags/example_complex.py took 0.123 seconds
[2021-06-11 13:57:24,873] {scheduler_job.py:182} INFO - Started process (PID=118) to work on /home/airflow/.local/lib/python3.6/site-packages/airflow/example_dags/example_complex.py
[2021-06-11 13:57:24,875] {scheduler_job.py:633} INFO - Processing file /home/airflow/.local/lib/python3.6/site-packages/airflow/example_dags/example_complex.py for tasks to queue
[2021-06-11 13:57:24,878] {logging_mixin.py:104} INFO - [2021-06-11 13:57:24,878] {dagbag.py:487} INFO - Filling up the DagBag from /home/airflow/.local/lib/python3.6/site-packages/airflow/example_dags/example_complex.py
[2021-06-11 13:57:24,925] {scheduler_job.py:643} INFO - DAG(s) dict_keys(['example_complex']) retrieved from /home/airflow/.local/lib/python3.6/site-packages/airflow/example_dags/example_complex.py
[2021-06-11 13:57:25,005] {logging_mixin.py:104} INFO - [2021-06-11 13:57:25,005] {dag.py:1832} INFO - Sync 1 DAGs
[2021-06-11 13:57:25,049] {logging_mixin.py:104} INFO - [2021-06-11 13:57:25,048] {dag.py:2305} INFO - Setting next_dagrun for example_complex to None
[2021-06-11 13:57:25,079] {scheduler_job.py:190} INFO - Processing /home/airflow/.local/lib/python3.6/site-packages/airflow/example_dags/example_complex.py took 0.216 seconds
