[2021-06-11 13:54:18,250] {scheduler_job.py:182} INFO - Started process (PID=163) to work on /home/airflow/.local/lib/python3.6/site-packages/airflow/example_dags/example_skip_dag.py
[2021-06-11 13:54:18,251] {scheduler_job.py:633} INFO - Processing file /home/airflow/.local/lib/python3.6/site-packages/airflow/example_dags/example_skip_dag.py for tasks to queue
[2021-06-11 13:54:18,253] {logging_mixin.py:104} INFO - [2021-06-11 13:54:18,253] {dagbag.py:487} INFO - Filling up the DagBag from /home/airflow/.local/lib/python3.6/site-packages/airflow/example_dags/example_skip_dag.py
[2021-06-11 13:54:18,266] {scheduler_job.py:643} INFO - DAG(s) dict_keys(['example_skip_dag']) retrieved from /home/airflow/.local/lib/python3.6/site-packages/airflow/example_dags/example_skip_dag.py
[2021-06-11 13:54:20,318] {logging_mixin.py:104} INFO - [2021-06-11 13:54:20,318] {dag.py:1832} INFO - Sync 1 DAGs
[2021-06-11 13:54:20,328] {logging_mixin.py:104} INFO - [2021-06-11 13:54:20,327] {dag.py:1851} INFO - Creating ORM DAG for example_skip_dag
[2021-06-11 13:54:20,333] {logging_mixin.py:104} INFO - [2021-06-11 13:54:20,333] {dag.py:2305} INFO - Setting next_dagrun for example_skip_dag to 2021-06-09 00:00:00+00:00
[2021-06-11 13:54:20,342] {scheduler_job.py:190} INFO - Processing /home/airflow/.local/lib/python3.6/site-packages/airflow/example_dags/example_skip_dag.py took 2.096 seconds
[2021-06-11 13:54:51,248] {scheduler_job.py:182} INFO - Started process (PID=232) to work on /home/airflow/.local/lib/python3.6/site-packages/airflow/example_dags/example_skip_dag.py
[2021-06-11 13:54:51,251] {scheduler_job.py:633} INFO - Processing file /home/airflow/.local/lib/python3.6/site-packages/airflow/example_dags/example_skip_dag.py for tasks to queue
[2021-06-11 13:54:51,254] {logging_mixin.py:104} INFO - [2021-06-11 13:54:51,254] {dagbag.py:487} INFO - Filling up the DagBag from /home/airflow/.local/lib/python3.6/site-packages/airflow/example_dags/example_skip_dag.py
[2021-06-11 13:54:51,278] {scheduler_job.py:643} INFO - DAG(s) dict_keys(['example_skip_dag']) retrieved from /home/airflow/.local/lib/python3.6/site-packages/airflow/example_dags/example_skip_dag.py
[2021-06-11 13:54:51,354] {logging_mixin.py:104} INFO - [2021-06-11 13:54:51,353] {dag.py:1832} INFO - Sync 1 DAGs
[2021-06-11 13:54:51,370] {logging_mixin.py:104} INFO - [2021-06-11 13:54:51,370] {dag.py:2305} INFO - Setting next_dagrun for example_skip_dag to 2021-06-09 00:00:00+00:00
[2021-06-11 13:54:51,401] {scheduler_job.py:190} INFO - Processing /home/airflow/.local/lib/python3.6/site-packages/airflow/example_dags/example_skip_dag.py took 0.166 seconds
[2021-06-11 13:55:21,967] {scheduler_job.py:182} INFO - Started process (PID=295) to work on /home/airflow/.local/lib/python3.6/site-packages/airflow/example_dags/example_skip_dag.py
[2021-06-11 13:55:21,969] {scheduler_job.py:633} INFO - Processing file /home/airflow/.local/lib/python3.6/site-packages/airflow/example_dags/example_skip_dag.py for tasks to queue
[2021-06-11 13:55:21,971] {logging_mixin.py:104} INFO - [2021-06-11 13:55:21,971] {dagbag.py:487} INFO - Filling up the DagBag from /home/airflow/.local/lib/python3.6/site-packages/airflow/example_dags/example_skip_dag.py
[2021-06-11 13:55:21,987] {scheduler_job.py:643} INFO - DAG(s) dict_keys(['example_skip_dag']) retrieved from /home/airflow/.local/lib/python3.6/site-packages/airflow/example_dags/example_skip_dag.py
[2021-06-11 13:55:22,021] {logging_mixin.py:104} INFO - [2021-06-11 13:55:22,020] {dag.py:1832} INFO - Sync 1 DAGs
[2021-06-11 13:55:22,037] {logging_mixin.py:104} INFO - [2021-06-11 13:55:22,036] {dag.py:2305} INFO - Setting next_dagrun for example_skip_dag to 2021-06-09 00:00:00+00:00
[2021-06-11 13:55:22,048] {scheduler_job.py:190} INFO - Processing /home/airflow/.local/lib/python3.6/site-packages/airflow/example_dags/example_skip_dag.py took 0.086 seconds
[2021-06-11 13:55:52,551] {scheduler_job.py:182} INFO - Started process (PID=374) to work on /home/airflow/.local/lib/python3.6/site-packages/airflow/example_dags/example_skip_dag.py
[2021-06-11 13:55:52,554] {scheduler_job.py:633} INFO - Processing file /home/airflow/.local/lib/python3.6/site-packages/airflow/example_dags/example_skip_dag.py for tasks to queue
[2021-06-11 13:55:52,555] {logging_mixin.py:104} INFO - [2021-06-11 13:55:52,555] {dagbag.py:487} INFO - Filling up the DagBag from /home/airflow/.local/lib/python3.6/site-packages/airflow/example_dags/example_skip_dag.py
[2021-06-11 13:55:52,570] {scheduler_job.py:643} INFO - DAG(s) dict_keys(['example_skip_dag']) retrieved from /home/airflow/.local/lib/python3.6/site-packages/airflow/example_dags/example_skip_dag.py
[2021-06-11 13:55:52,597] {logging_mixin.py:104} INFO - [2021-06-11 13:55:52,597] {dag.py:1832} INFO - Sync 1 DAGs
[2021-06-11 13:55:52,610] {logging_mixin.py:104} INFO - [2021-06-11 13:55:52,610] {dag.py:2305} INFO - Setting next_dagrun for example_skip_dag to 2021-06-09 00:00:00+00:00
[2021-06-11 13:55:52,621] {scheduler_job.py:190} INFO - Processing /home/airflow/.local/lib/python3.6/site-packages/airflow/example_dags/example_skip_dag.py took 0.075 seconds
[2021-06-11 13:56:22,719] {scheduler_job.py:182} INFO - Started process (PID=455) to work on /home/airflow/.local/lib/python3.6/site-packages/airflow/example_dags/example_skip_dag.py
[2021-06-11 13:56:22,722] {scheduler_job.py:633} INFO - Processing file /home/airflow/.local/lib/python3.6/site-packages/airflow/example_dags/example_skip_dag.py for tasks to queue
[2021-06-11 13:56:22,723] {logging_mixin.py:104} INFO - [2021-06-11 13:56:22,723] {dagbag.py:487} INFO - Filling up the DagBag from /home/airflow/.local/lib/python3.6/site-packages/airflow/example_dags/example_skip_dag.py
[2021-06-11 13:56:22,739] {scheduler_job.py:643} INFO - DAG(s) dict_keys(['example_skip_dag']) retrieved from /home/airflow/.local/lib/python3.6/site-packages/airflow/example_dags/example_skip_dag.py
[2021-06-11 13:56:22,769] {logging_mixin.py:104} INFO - [2021-06-11 13:56:22,769] {dag.py:1832} INFO - Sync 1 DAGs
[2021-06-11 13:56:22,783] {logging_mixin.py:104} INFO - [2021-06-11 13:56:22,783] {dag.py:2305} INFO - Setting next_dagrun for example_skip_dag to 2021-06-09 00:00:00+00:00
[2021-06-11 13:56:22,795] {scheduler_job.py:190} INFO - Processing /home/airflow/.local/lib/python3.6/site-packages/airflow/example_dags/example_skip_dag.py took 0.080 seconds
[2021-06-11 13:56:54,816] {scheduler_job.py:182} INFO - Started process (PID=53) to work on /home/airflow/.local/lib/python3.6/site-packages/airflow/example_dags/example_skip_dag.py
[2021-06-11 13:56:54,820] {scheduler_job.py:633} INFO - Processing file /home/airflow/.local/lib/python3.6/site-packages/airflow/example_dags/example_skip_dag.py for tasks to queue
[2021-06-11 13:56:54,825] {logging_mixin.py:104} INFO - [2021-06-11 13:56:54,824] {dagbag.py:487} INFO - Filling up the DagBag from /home/airflow/.local/lib/python3.6/site-packages/airflow/example_dags/example_skip_dag.py
[2021-06-11 13:56:54,853] {scheduler_job.py:643} INFO - DAG(s) dict_keys(['example_skip_dag']) retrieved from /home/airflow/.local/lib/python3.6/site-packages/airflow/example_dags/example_skip_dag.py
[2021-06-11 13:56:54,926] {logging_mixin.py:104} INFO - [2021-06-11 13:56:54,925] {dag.py:1832} INFO - Sync 1 DAGs
[2021-06-11 13:56:54,988] {logging_mixin.py:104} INFO - [2021-06-11 13:56:54,987] {dag.py:2305} INFO - Setting next_dagrun for example_skip_dag to 2021-06-09 00:00:00+00:00
[2021-06-11 13:56:55,050] {scheduler_job.py:190} INFO - Processing /home/airflow/.local/lib/python3.6/site-packages/airflow/example_dags/example_skip_dag.py took 0.247 seconds
