[2021-06-11 14:02:09,017] {scheduler_job.py:182} INFO - Started process (PID=38) to work on /home/airflow/.local/lib/python3.6/site-packages/airflow/example_dags/example_trigger_controller_dag.py
[2021-06-11 14:02:09,020] {scheduler_job.py:633} INFO - Processing file /home/airflow/.local/lib/python3.6/site-packages/airflow/example_dags/example_trigger_controller_dag.py for tasks to queue
[2021-06-11 14:02:09,022] {logging_mixin.py:104} INFO - [2021-06-11 14:02:09,022] {dagbag.py:487} INFO - Filling up the DagBag from /home/airflow/.local/lib/python3.6/site-packages/airflow/example_dags/example_trigger_controller_dag.py
[2021-06-11 14:02:09,045] {scheduler_job.py:643} INFO - DAG(s) dict_keys(['example_trigger_controller_dag']) retrieved from /home/airflow/.local/lib/python3.6/site-packages/airflow/example_dags/example_trigger_controller_dag.py
[2021-06-11 14:02:09,113] {logging_mixin.py:104} INFO - [2021-06-11 14:02:09,113] {dag.py:1832} INFO - Sync 1 DAGs
[2021-06-11 14:02:09,154] {logging_mixin.py:104} INFO - [2021-06-11 14:02:09,154] {dag.py:2305} INFO - Setting next_dagrun for example_trigger_controller_dag to 2021-06-09 00:00:00+00:00
[2021-06-11 14:02:09,183] {scheduler_job.py:190} INFO - Processing /home/airflow/.local/lib/python3.6/site-packages/airflow/example_dags/example_trigger_controller_dag.py took 0.173 seconds
[2021-06-11 14:02:40,064] {scheduler_job.py:182} INFO - Started process (PID=99) to work on /home/airflow/.local/lib/python3.6/site-packages/airflow/example_dags/example_trigger_controller_dag.py
[2021-06-11 14:02:40,066] {scheduler_job.py:633} INFO - Processing file /home/airflow/.local/lib/python3.6/site-packages/airflow/example_dags/example_trigger_controller_dag.py for tasks to queue
[2021-06-11 14:02:40,068] {logging_mixin.py:104} INFO - [2021-06-11 14:02:40,068] {dagbag.py:487} INFO - Filling up the DagBag from /home/airflow/.local/lib/python3.6/site-packages/airflow/example_dags/example_trigger_controller_dag.py
[2021-06-11 14:02:40,085] {scheduler_job.py:643} INFO - DAG(s) dict_keys(['example_trigger_controller_dag']) retrieved from /home/airflow/.local/lib/python3.6/site-packages/airflow/example_dags/example_trigger_controller_dag.py
[2021-06-11 14:02:40,120] {logging_mixin.py:104} INFO - [2021-06-11 14:02:40,120] {dag.py:1832} INFO - Sync 1 DAGs
[2021-06-11 14:02:40,144] {logging_mixin.py:104} INFO - [2021-06-11 14:02:40,144] {dag.py:2305} INFO - Setting next_dagrun for example_trigger_controller_dag to 2021-06-09 00:00:00+00:00
[2021-06-11 14:02:40,161] {scheduler_job.py:190} INFO - Processing /home/airflow/.local/lib/python3.6/site-packages/airflow/example_dags/example_trigger_controller_dag.py took 0.102 seconds
[2021-06-11 14:03:10,808] {scheduler_job.py:182} INFO - Started process (PID=161) to work on /home/airflow/.local/lib/python3.6/site-packages/airflow/example_dags/example_trigger_controller_dag.py
[2021-06-11 14:03:10,810] {scheduler_job.py:633} INFO - Processing file /home/airflow/.local/lib/python3.6/site-packages/airflow/example_dags/example_trigger_controller_dag.py for tasks to queue
[2021-06-11 14:03:10,812] {logging_mixin.py:104} INFO - [2021-06-11 14:03:10,812] {dagbag.py:487} INFO - Filling up the DagBag from /home/airflow/.local/lib/python3.6/site-packages/airflow/example_dags/example_trigger_controller_dag.py
[2021-06-11 14:03:10,824] {scheduler_job.py:643} INFO - DAG(s) dict_keys(['example_trigger_controller_dag']) retrieved from /home/airflow/.local/lib/python3.6/site-packages/airflow/example_dags/example_trigger_controller_dag.py
[2021-06-11 14:03:10,849] {logging_mixin.py:104} INFO - [2021-06-11 14:03:10,849] {dag.py:1832} INFO - Sync 1 DAGs
[2021-06-11 14:03:10,864] {logging_mixin.py:104} INFO - [2021-06-11 14:03:10,864] {dag.py:2305} INFO - Setting next_dagrun for example_trigger_controller_dag to 2021-06-09 00:00:00+00:00
[2021-06-11 14:03:10,874] {scheduler_job.py:190} INFO - Processing /home/airflow/.local/lib/python3.6/site-packages/airflow/example_dags/example_trigger_controller_dag.py took 0.070 seconds
