[2021-06-11 13:53:16,205] {scheduler_job.py:182} INFO - Started process (PID=111) to work on /home/airflow/.local/lib/python3.6/site-packages/airflow/example_dags/example_task_group_decorator.py
[2021-06-11 13:53:16,208] {scheduler_job.py:633} INFO - Processing file /home/airflow/.local/lib/python3.6/site-packages/airflow/example_dags/example_task_group_decorator.py for tasks to queue
[2021-06-11 13:53:16,211] {logging_mixin.py:104} INFO - [2021-06-11 13:53:16,211] {dagbag.py:487} INFO - Filling up the DagBag from /home/airflow/.local/lib/python3.6/site-packages/airflow/example_dags/example_task_group_decorator.py
[2021-06-11 13:53:16,252] {scheduler_job.py:643} INFO - DAG(s) dict_keys(['example_task_group_decorator']) retrieved from /home/airflow/.local/lib/python3.6/site-packages/airflow/example_dags/example_task_group_decorator.py
[2021-06-11 13:54:13,051] {scheduler_job.py:182} INFO - Started process (PID=155) to work on /home/airflow/.local/lib/python3.6/site-packages/airflow/example_dags/example_task_group_decorator.py
[2021-06-11 13:54:13,054] {scheduler_job.py:633} INFO - Processing file /home/airflow/.local/lib/python3.6/site-packages/airflow/example_dags/example_task_group_decorator.py for tasks to queue
[2021-06-11 13:54:13,056] {logging_mixin.py:104} INFO - [2021-06-11 13:54:13,056] {dagbag.py:487} INFO - Filling up the DagBag from /home/airflow/.local/lib/python3.6/site-packages/airflow/example_dags/example_task_group_decorator.py
[2021-06-11 13:54:13,093] {scheduler_job.py:643} INFO - DAG(s) dict_keys(['example_task_group_decorator']) retrieved from /home/airflow/.local/lib/python3.6/site-packages/airflow/example_dags/example_task_group_decorator.py
[2021-06-11 13:54:15,150] {logging_mixin.py:104} INFO - [2021-06-11 13:54:15,150] {dag.py:1832} INFO - Sync 1 DAGs
[2021-06-11 13:54:15,169] {logging_mixin.py:104} INFO - [2021-06-11 13:54:15,167] {dag.py:1851} INFO - Creating ORM DAG for example_task_group_decorator
[2021-06-11 13:54:15,177] {logging_mixin.py:104} INFO - [2021-06-11 13:54:15,176] {dag.py:2305} INFO - Setting next_dagrun for example_task_group_decorator to 2021-06-09 00:00:00+00:00
[2021-06-11 13:54:15,191] {scheduler_job.py:190} INFO - Processing /home/airflow/.local/lib/python3.6/site-packages/airflow/example_dags/example_task_group_decorator.py took 2.146 seconds
[2021-06-11 13:54:46,230] {scheduler_job.py:182} INFO - Started process (PID=223) to work on /home/airflow/.local/lib/python3.6/site-packages/airflow/example_dags/example_task_group_decorator.py
[2021-06-11 13:54:46,234] {scheduler_job.py:633} INFO - Processing file /home/airflow/.local/lib/python3.6/site-packages/airflow/example_dags/example_task_group_decorator.py for tasks to queue
[2021-06-11 13:54:46,237] {logging_mixin.py:104} INFO - [2021-06-11 13:54:46,237] {dagbag.py:487} INFO - Filling up the DagBag from /home/airflow/.local/lib/python3.6/site-packages/airflow/example_dags/example_task_group_decorator.py
[2021-06-11 13:54:46,295] {scheduler_job.py:643} INFO - DAG(s) dict_keys(['example_task_group_decorator']) retrieved from /home/airflow/.local/lib/python3.6/site-packages/airflow/example_dags/example_task_group_decorator.py
[2021-06-11 13:54:46,664] {logging_mixin.py:104} INFO - [2021-06-11 13:54:46,664] {dag.py:1832} INFO - Sync 1 DAGs
[2021-06-11 13:54:46,676] {logging_mixin.py:104} INFO - [2021-06-11 13:54:46,676] {dag.py:2305} INFO - Setting next_dagrun for example_task_group_decorator to 2021-06-09 00:00:00+00:00
[2021-06-11 13:54:46,691] {scheduler_job.py:190} INFO - Processing /home/airflow/.local/lib/python3.6/site-packages/airflow/example_dags/example_task_group_decorator.py took 0.466 seconds
[2021-06-11 13:55:17,045] {scheduler_job.py:182} INFO - Started process (PID=291) to work on /home/airflow/.local/lib/python3.6/site-packages/airflow/example_dags/example_task_group_decorator.py
[2021-06-11 13:55:17,047] {scheduler_job.py:633} INFO - Processing file /home/airflow/.local/lib/python3.6/site-packages/airflow/example_dags/example_task_group_decorator.py for tasks to queue
[2021-06-11 13:55:17,049] {logging_mixin.py:104} INFO - [2021-06-11 13:55:17,049] {dagbag.py:487} INFO - Filling up the DagBag from /home/airflow/.local/lib/python3.6/site-packages/airflow/example_dags/example_task_group_decorator.py
[2021-06-11 13:55:17,075] {scheduler_job.py:643} INFO - DAG(s) dict_keys(['example_task_group_decorator']) retrieved from /home/airflow/.local/lib/python3.6/site-packages/airflow/example_dags/example_task_group_decorator.py
[2021-06-11 13:55:17,401] {logging_mixin.py:104} INFO - [2021-06-11 13:55:17,401] {dag.py:1832} INFO - Sync 1 DAGs
[2021-06-11 13:55:17,429] {logging_mixin.py:104} INFO - [2021-06-11 13:55:17,428] {dag.py:2305} INFO - Setting next_dagrun for example_task_group_decorator to 2021-06-09 00:00:00+00:00
[2021-06-11 13:55:17,447] {scheduler_job.py:190} INFO - Processing /home/airflow/.local/lib/python3.6/site-packages/airflow/example_dags/example_task_group_decorator.py took 0.406 seconds
[2021-06-11 13:55:48,389] {scheduler_job.py:182} INFO - Started process (PID=370) to work on /home/airflow/.local/lib/python3.6/site-packages/airflow/example_dags/example_task_group_decorator.py
[2021-06-11 13:55:48,392] {scheduler_job.py:633} INFO - Processing file /home/airflow/.local/lib/python3.6/site-packages/airflow/example_dags/example_task_group_decorator.py for tasks to queue
[2021-06-11 13:55:48,393] {logging_mixin.py:104} INFO - [2021-06-11 13:55:48,393] {dagbag.py:487} INFO - Filling up the DagBag from /home/airflow/.local/lib/python3.6/site-packages/airflow/example_dags/example_task_group_decorator.py
[2021-06-11 13:55:48,421] {scheduler_job.py:643} INFO - DAG(s) dict_keys(['example_task_group_decorator']) retrieved from /home/airflow/.local/lib/python3.6/site-packages/airflow/example_dags/example_task_group_decorator.py
[2021-06-11 13:55:48,704] {logging_mixin.py:104} INFO - [2021-06-11 13:55:48,704] {dag.py:1832} INFO - Sync 1 DAGs
[2021-06-11 13:55:48,716] {logging_mixin.py:104} INFO - [2021-06-11 13:55:48,716] {dag.py:2305} INFO - Setting next_dagrun for example_task_group_decorator to 2021-06-09 00:00:00+00:00
[2021-06-11 13:55:48,727] {scheduler_job.py:190} INFO - Processing /home/airflow/.local/lib/python3.6/site-packages/airflow/example_dags/example_task_group_decorator.py took 0.341 seconds
[2021-06-11 13:56:19,157] {scheduler_job.py:182} INFO - Started process (PID=435) to work on /home/airflow/.local/lib/python3.6/site-packages/airflow/example_dags/example_task_group_decorator.py
[2021-06-11 13:56:19,158] {scheduler_job.py:633} INFO - Processing file /home/airflow/.local/lib/python3.6/site-packages/airflow/example_dags/example_task_group_decorator.py for tasks to queue
[2021-06-11 13:56:19,159] {logging_mixin.py:104} INFO - [2021-06-11 13:56:19,159] {dagbag.py:487} INFO - Filling up the DagBag from /home/airflow/.local/lib/python3.6/site-packages/airflow/example_dags/example_task_group_decorator.py
[2021-06-11 13:56:19,183] {scheduler_job.py:643} INFO - DAG(s) dict_keys(['example_task_group_decorator']) retrieved from /home/airflow/.local/lib/python3.6/site-packages/airflow/example_dags/example_task_group_decorator.py
[2021-06-11 13:56:19,460] {logging_mixin.py:104} INFO - [2021-06-11 13:56:19,459] {dag.py:1832} INFO - Sync 1 DAGs
[2021-06-11 13:56:19,471] {logging_mixin.py:104} INFO - [2021-06-11 13:56:19,471] {dag.py:2305} INFO - Setting next_dagrun for example_task_group_decorator to 2021-06-09 00:00:00+00:00
[2021-06-11 13:56:19,489] {scheduler_job.py:190} INFO - Processing /home/airflow/.local/lib/python3.6/site-packages/airflow/example_dags/example_task_group_decorator.py took 0.335 seconds
[2021-06-11 13:56:54,150] {scheduler_job.py:182} INFO - Started process (PID=49) to work on /home/airflow/.local/lib/python3.6/site-packages/airflow/example_dags/example_task_group_decorator.py
[2021-06-11 13:56:54,153] {scheduler_job.py:633} INFO - Processing file /home/airflow/.local/lib/python3.6/site-packages/airflow/example_dags/example_task_group_decorator.py for tasks to queue
[2021-06-11 13:56:54,155] {logging_mixin.py:104} INFO - [2021-06-11 13:56:54,155] {dagbag.py:487} INFO - Filling up the DagBag from /home/airflow/.local/lib/python3.6/site-packages/airflow/example_dags/example_task_group_decorator.py
[2021-06-11 13:56:54,198] {scheduler_job.py:643} INFO - DAG(s) dict_keys(['example_task_group_decorator']) retrieved from /home/airflow/.local/lib/python3.6/site-packages/airflow/example_dags/example_task_group_decorator.py
[2021-06-11 13:56:54,522] {logging_mixin.py:104} INFO - [2021-06-11 13:56:54,522] {dag.py:1832} INFO - Sync 1 DAGs
[2021-06-11 13:56:54,543] {logging_mixin.py:104} INFO - [2021-06-11 13:56:54,543] {dag.py:2305} INFO - Setting next_dagrun for example_task_group_decorator to 2021-06-09 00:00:00+00:00
[2021-06-11 13:56:54,571] {scheduler_job.py:190} INFO - Processing /home/airflow/.local/lib/python3.6/site-packages/airflow/example_dags/example_task_group_decorator.py took 0.426 seconds
[2021-06-11 13:57:25,437] {scheduler_job.py:182} INFO - Started process (PID=127) to work on /home/airflow/.local/lib/python3.6/site-packages/airflow/example_dags/example_task_group_decorator.py
[2021-06-11 13:57:25,440] {scheduler_job.py:633} INFO - Processing file /home/airflow/.local/lib/python3.6/site-packages/airflow/example_dags/example_task_group_decorator.py for tasks to queue
[2021-06-11 13:57:25,442] {logging_mixin.py:104} INFO - [2021-06-11 13:57:25,441] {dagbag.py:487} INFO - Filling up the DagBag from /home/airflow/.local/lib/python3.6/site-packages/airflow/example_dags/example_task_group_decorator.py
[2021-06-11 13:57:25,483] {scheduler_job.py:643} INFO - DAG(s) dict_keys(['example_task_group_decorator']) retrieved from /home/airflow/.local/lib/python3.6/site-packages/airflow/example_dags/example_task_group_decorator.py
[2021-06-11 13:57:26,967] {logging_mixin.py:104} INFO - [2021-06-11 13:57:26,967] {process_utils.py:207} INFO - Waiting up to 5 seconds for processes to exit...
