[2021-06-11 14:02:08,153] {scheduler_job.py:182} INFO - Started process (PID=34) to work on /home/airflow/.local/lib/python3.6/site-packages/airflow/example_dags/example_subdag_operator.py
[2021-06-11 14:02:08,156] {scheduler_job.py:633} INFO - Processing file /home/airflow/.local/lib/python3.6/site-packages/airflow/example_dags/example_subdag_operator.py for tasks to queue
[2021-06-11 14:02:08,158] {logging_mixin.py:104} INFO - [2021-06-11 14:02:08,157] {dagbag.py:487} INFO - Filling up the DagBag from /home/airflow/.local/lib/python3.6/site-packages/airflow/example_dags/example_subdag_operator.py
[2021-06-11 14:02:08,202] {scheduler_job.py:643} INFO - DAG(s) dict_keys(['example_subdag_operator.section-1', 'example_subdag_operator.section-2', 'example_subdag_operator']) retrieved from /home/airflow/.local/lib/python3.6/site-packages/airflow/example_dags/example_subdag_operator.py
[2021-06-11 14:02:08,224] {logging_mixin.py:104} INFO - [2021-06-11 14:02:08,224] {dag.py:1832} INFO - Sync 3 DAGs
[2021-06-11 14:02:08,251] {logging_mixin.py:104} INFO - [2021-06-11 14:02:08,251] {dag.py:2305} INFO - Setting next_dagrun for example_subdag_operator to 2021-06-09 00:00:00+00:00
[2021-06-11 14:02:08,255] {logging_mixin.py:104} INFO - [2021-06-11 14:02:08,254] {dag.py:2305} INFO - Setting next_dagrun for example_subdag_operator.section-1 to None
[2021-06-11 14:02:08,256] {logging_mixin.py:104} INFO - [2021-06-11 14:02:08,256] {dag.py:2305} INFO - Setting next_dagrun for example_subdag_operator.section-2 to None
[2021-06-11 14:02:08,299] {logging_mixin.py:104} INFO - [2021-06-11 14:02:08,286] {dag.py:1832} INFO - Sync 2 DAGs
[2021-06-11 14:02:08,319] {logging_mixin.py:104} INFO - [2021-06-11 14:02:08,319] {dag.py:2305} INFO - Setting next_dagrun for example_subdag_operator.section-1 to None
[2021-06-11 14:02:08,321] {logging_mixin.py:104} INFO - [2021-06-11 14:02:08,321] {dag.py:2305} INFO - Setting next_dagrun for example_subdag_operator.section-2 to None
[2021-06-11 14:02:08,342] {scheduler_job.py:190} INFO - Processing /home/airflow/.local/lib/python3.6/site-packages/airflow/example_dags/example_subdag_operator.py took 0.195 seconds
[2021-06-11 14:02:38,657] {scheduler_job.py:182} INFO - Started process (PID=94) to work on /home/airflow/.local/lib/python3.6/site-packages/airflow/example_dags/example_subdag_operator.py
[2021-06-11 14:02:38,659] {scheduler_job.py:633} INFO - Processing file /home/airflow/.local/lib/python3.6/site-packages/airflow/example_dags/example_subdag_operator.py for tasks to queue
[2021-06-11 14:02:38,660] {logging_mixin.py:104} INFO - [2021-06-11 14:02:38,660] {dagbag.py:487} INFO - Filling up the DagBag from /home/airflow/.local/lib/python3.6/site-packages/airflow/example_dags/example_subdag_operator.py
[2021-06-11 14:02:38,725] {scheduler_job.py:643} INFO - DAG(s) dict_keys(['example_subdag_operator.section-1', 'example_subdag_operator.section-2', 'example_subdag_operator']) retrieved from /home/airflow/.local/lib/python3.6/site-packages/airflow/example_dags/example_subdag_operator.py
[2021-06-11 14:02:38,739] {logging_mixin.py:104} INFO - [2021-06-11 14:02:38,739] {dag.py:1832} INFO - Sync 3 DAGs
[2021-06-11 14:02:38,760] {logging_mixin.py:104} INFO - [2021-06-11 14:02:38,760] {dag.py:2305} INFO - Setting next_dagrun for example_subdag_operator to 2021-06-09 00:00:00+00:00
[2021-06-11 14:02:38,762] {logging_mixin.py:104} INFO - [2021-06-11 14:02:38,762] {dag.py:2305} INFO - Setting next_dagrun for example_subdag_operator.section-1 to None
[2021-06-11 14:02:38,763] {logging_mixin.py:104} INFO - [2021-06-11 14:02:38,763] {dag.py:2305} INFO - Setting next_dagrun for example_subdag_operator.section-2 to None
[2021-06-11 14:02:38,777] {logging_mixin.py:104} INFO - [2021-06-11 14:02:38,777] {dag.py:1832} INFO - Sync 2 DAGs
[2021-06-11 14:02:38,785] {logging_mixin.py:104} INFO - [2021-06-11 14:02:38,785] {dag.py:2305} INFO - Setting next_dagrun for example_subdag_operator.section-1 to None
[2021-06-11 14:02:38,786] {logging_mixin.py:104} INFO - [2021-06-11 14:02:38,786] {dag.py:2305} INFO - Setting next_dagrun for example_subdag_operator.section-2 to None
[2021-06-11 14:02:38,794] {scheduler_job.py:190} INFO - Processing /home/airflow/.local/lib/python3.6/site-packages/airflow/example_dags/example_subdag_operator.py took 0.142 seconds
[2021-06-11 14:03:09,426] {scheduler_job.py:182} INFO - Started process (PID=156) to work on /home/airflow/.local/lib/python3.6/site-packages/airflow/example_dags/example_subdag_operator.py
[2021-06-11 14:03:09,429] {scheduler_job.py:633} INFO - Processing file /home/airflow/.local/lib/python3.6/site-packages/airflow/example_dags/example_subdag_operator.py for tasks to queue
[2021-06-11 14:03:09,432] {logging_mixin.py:104} INFO - [2021-06-11 14:03:09,431] {dagbag.py:487} INFO - Filling up the DagBag from /home/airflow/.local/lib/python3.6/site-packages/airflow/example_dags/example_subdag_operator.py
[2021-06-11 14:03:09,504] {scheduler_job.py:643} INFO - DAG(s) dict_keys(['example_subdag_operator.section-1', 'example_subdag_operator.section-2', 'example_subdag_operator']) retrieved from /home/airflow/.local/lib/python3.6/site-packages/airflow/example_dags/example_subdag_operator.py
[2021-06-11 14:03:09,535] {logging_mixin.py:104} INFO - [2021-06-11 14:03:09,535] {dag.py:1832} INFO - Sync 3 DAGs
[2021-06-11 14:03:09,601] {logging_mixin.py:104} INFO - [2021-06-11 14:03:09,601] {dag.py:2305} INFO - Setting next_dagrun for example_subdag_operator to 2021-06-09 00:00:00+00:00
[2021-06-11 14:03:09,606] {logging_mixin.py:104} INFO - [2021-06-11 14:03:09,606] {dag.py:2305} INFO - Setting next_dagrun for example_subdag_operator.section-1 to None
[2021-06-11 14:03:09,608] {logging_mixin.py:104} INFO - [2021-06-11 14:03:09,608] {dag.py:2305} INFO - Setting next_dagrun for example_subdag_operator.section-2 to None
[2021-06-11 14:03:09,630] {logging_mixin.py:104} INFO - [2021-06-11 14:03:09,630] {dag.py:1832} INFO - Sync 2 DAGs
[2021-06-11 14:03:09,643] {logging_mixin.py:104} INFO - [2021-06-11 14:03:09,642] {dag.py:2305} INFO - Setting next_dagrun for example_subdag_operator.section-1 to None
[2021-06-11 14:03:09,644] {logging_mixin.py:104} INFO - [2021-06-11 14:03:09,644] {dag.py:2305} INFO - Setting next_dagrun for example_subdag_operator.section-2 to None
[2021-06-11 14:03:09,658] {scheduler_job.py:190} INFO - Processing /home/airflow/.local/lib/python3.6/site-packages/airflow/example_dags/example_subdag_operator.py took 0.247 seconds
