[2021-06-11 14:02:09,457] {scheduler_job.py:182} INFO - Started process (PID=42) to work on /home/airflow/.local/lib/python3.6/site-packages/airflow/example_dags/example_short_circuit_operator.py
[2021-06-11 14:02:09,462] {scheduler_job.py:633} INFO - Processing file /home/airflow/.local/lib/python3.6/site-packages/airflow/example_dags/example_short_circuit_operator.py for tasks to queue
[2021-06-11 14:02:09,464] {logging_mixin.py:104} INFO - [2021-06-11 14:02:09,464] {dagbag.py:487} INFO - Filling up the DagBag from /home/airflow/.local/lib/python3.6/site-packages/airflow/example_dags/example_short_circuit_operator.py
[2021-06-11 14:02:09,486] {scheduler_job.py:643} INFO - DAG(s) dict_keys(['example_short_circuit_operator']) retrieved from /home/airflow/.local/lib/python3.6/site-packages/airflow/example_dags/example_short_circuit_operator.py
[2021-06-11 14:02:09,513] {logging_mixin.py:104} INFO - [2021-06-11 14:02:09,513] {dag.py:1832} INFO - Sync 1 DAGs
[2021-06-11 14:02:09,533] {logging_mixin.py:104} INFO - [2021-06-11 14:02:09,533] {dag.py:2305} INFO - Setting next_dagrun for example_short_circuit_operator to 2021-06-09 00:00:00+00:00
[2021-06-11 14:02:09,546] {scheduler_job.py:190} INFO - Processing /home/airflow/.local/lib/python3.6/site-packages/airflow/example_dags/example_short_circuit_operator.py took 0.095 seconds
[2021-06-11 14:02:40,590] {scheduler_job.py:182} INFO - Started process (PID=103) to work on /home/airflow/.local/lib/python3.6/site-packages/airflow/example_dags/example_short_circuit_operator.py
[2021-06-11 14:02:40,592] {scheduler_job.py:633} INFO - Processing file /home/airflow/.local/lib/python3.6/site-packages/airflow/example_dags/example_short_circuit_operator.py for tasks to queue
[2021-06-11 14:02:40,596] {logging_mixin.py:104} INFO - [2021-06-11 14:02:40,596] {dagbag.py:487} INFO - Filling up the DagBag from /home/airflow/.local/lib/python3.6/site-packages/airflow/example_dags/example_short_circuit_operator.py
[2021-06-11 14:02:40,627] {scheduler_job.py:643} INFO - DAG(s) dict_keys(['example_short_circuit_operator']) retrieved from /home/airflow/.local/lib/python3.6/site-packages/airflow/example_dags/example_short_circuit_operator.py
[2021-06-11 14:02:40,663] {logging_mixin.py:104} INFO - [2021-06-11 14:02:40,663] {dag.py:1832} INFO - Sync 1 DAGs
[2021-06-11 14:02:40,699] {logging_mixin.py:104} INFO - [2021-06-11 14:02:40,698] {dag.py:2305} INFO - Setting next_dagrun for example_short_circuit_operator to 2021-06-09 00:00:00+00:00
[2021-06-11 14:02:40,721] {scheduler_job.py:190} INFO - Processing /home/airflow/.local/lib/python3.6/site-packages/airflow/example_dags/example_short_circuit_operator.py took 0.136 seconds
[2021-06-11 14:03:11,395] {scheduler_job.py:182} INFO - Started process (PID=165) to work on /home/airflow/.local/lib/python3.6/site-packages/airflow/example_dags/example_short_circuit_operator.py
[2021-06-11 14:03:11,397] {scheduler_job.py:633} INFO - Processing file /home/airflow/.local/lib/python3.6/site-packages/airflow/example_dags/example_short_circuit_operator.py for tasks to queue
[2021-06-11 14:03:11,400] {logging_mixin.py:104} INFO - [2021-06-11 14:03:11,400] {dagbag.py:487} INFO - Filling up the DagBag from /home/airflow/.local/lib/python3.6/site-packages/airflow/example_dags/example_short_circuit_operator.py
[2021-06-11 14:03:11,424] {scheduler_job.py:643} INFO - DAG(s) dict_keys(['example_short_circuit_operator']) retrieved from /home/airflow/.local/lib/python3.6/site-packages/airflow/example_dags/example_short_circuit_operator.py
[2021-06-11 14:03:11,456] {logging_mixin.py:104} INFO - [2021-06-11 14:03:11,456] {dag.py:1832} INFO - Sync 1 DAGs
[2021-06-11 14:03:11,483] {logging_mixin.py:104} INFO - [2021-06-11 14:03:11,483] {dag.py:2305} INFO - Setting next_dagrun for example_short_circuit_operator to 2021-06-09 00:00:00+00:00
[2021-06-11 14:03:11,498] {scheduler_job.py:190} INFO - Processing /home/airflow/.local/lib/python3.6/site-packages/airflow/example_dags/example_short_circuit_operator.py took 0.108 seconds
