[2021-06-11 13:54:37,473] {scheduler_job.py:182} INFO - Started process (PID=190) to work on /home/airflow/.local/lib/python3.6/site-packages/airflow/example_dags/example_latest_only.py
[2021-06-11 13:54:37,475] {scheduler_job.py:633} INFO - Processing file /home/airflow/.local/lib/python3.6/site-packages/airflow/example_dags/example_latest_only.py for tasks to queue
[2021-06-11 13:54:37,476] {logging_mixin.py:104} INFO - [2021-06-11 13:54:37,476] {dagbag.py:487} INFO - Filling up the DagBag from /home/airflow/.local/lib/python3.6/site-packages/airflow/example_dags/example_latest_only.py
[2021-06-11 13:54:37,492] {scheduler_job.py:643} INFO - DAG(s) dict_keys(['latest_only']) retrieved from /home/airflow/.local/lib/python3.6/site-packages/airflow/example_dags/example_latest_only.py
[2021-06-11 13:54:39,273] {logging_mixin.py:104} INFO - [2021-06-11 13:54:39,273] {dag.py:1832} INFO - Sync 1 DAGs
[2021-06-11 13:54:39,283] {logging_mixin.py:104} INFO - [2021-06-11 13:54:39,282] {dag.py:1851} INFO - Creating ORM DAG for latest_only
[2021-06-11 13:54:39,287] {logging_mixin.py:104} INFO - [2021-06-11 13:54:39,287] {dag.py:2305} INFO - Setting next_dagrun for latest_only to 2021-06-09 00:00:00+00:00
[2021-06-11 13:54:39,297] {scheduler_job.py:190} INFO - Processing /home/airflow/.local/lib/python3.6/site-packages/airflow/example_dags/example_latest_only.py took 1.828 seconds
[2021-06-11 13:55:09,420] {scheduler_job.py:182} INFO - Started process (PID=254) to work on /home/airflow/.local/lib/python3.6/site-packages/airflow/example_dags/example_latest_only.py
[2021-06-11 13:55:09,422] {scheduler_job.py:633} INFO - Processing file /home/airflow/.local/lib/python3.6/site-packages/airflow/example_dags/example_latest_only.py for tasks to queue
[2021-06-11 13:55:09,423] {logging_mixin.py:104} INFO - [2021-06-11 13:55:09,423] {dagbag.py:487} INFO - Filling up the DagBag from /home/airflow/.local/lib/python3.6/site-packages/airflow/example_dags/example_latest_only.py
[2021-06-11 13:55:09,441] {scheduler_job.py:643} INFO - DAG(s) dict_keys(['latest_only']) retrieved from /home/airflow/.local/lib/python3.6/site-packages/airflow/example_dags/example_latest_only.py
[2021-06-11 13:55:09,488] {logging_mixin.py:104} INFO - [2021-06-11 13:55:09,488] {dag.py:1832} INFO - Sync 1 DAGs
[2021-06-11 13:55:09,510] {logging_mixin.py:104} INFO - [2021-06-11 13:55:09,510] {dag.py:2305} INFO - Setting next_dagrun for latest_only to 2021-06-09 00:00:00+00:00
[2021-06-11 13:55:09,527] {scheduler_job.py:190} INFO - Processing /home/airflow/.local/lib/python3.6/site-packages/airflow/example_dags/example_latest_only.py took 0.112 seconds
[2021-06-11 13:55:40,225] {scheduler_job.py:182} INFO - Started process (PID=333) to work on /home/airflow/.local/lib/python3.6/site-packages/airflow/example_dags/example_latest_only.py
[2021-06-11 13:55:40,227] {scheduler_job.py:633} INFO - Processing file /home/airflow/.local/lib/python3.6/site-packages/airflow/example_dags/example_latest_only.py for tasks to queue
[2021-06-11 13:55:40,228] {logging_mixin.py:104} INFO - [2021-06-11 13:55:40,228] {dagbag.py:487} INFO - Filling up the DagBag from /home/airflow/.local/lib/python3.6/site-packages/airflow/example_dags/example_latest_only.py
[2021-06-11 13:55:40,240] {scheduler_job.py:643} INFO - DAG(s) dict_keys(['latest_only']) retrieved from /home/airflow/.local/lib/python3.6/site-packages/airflow/example_dags/example_latest_only.py
[2021-06-11 13:55:40,262] {logging_mixin.py:104} INFO - [2021-06-11 13:55:40,262] {dag.py:1832} INFO - Sync 1 DAGs
[2021-06-11 13:55:40,273] {logging_mixin.py:104} INFO - [2021-06-11 13:55:40,273] {dag.py:2305} INFO - Setting next_dagrun for latest_only to 2021-06-09 00:00:00+00:00
[2021-06-11 13:55:40,285] {scheduler_job.py:190} INFO - Processing /home/airflow/.local/lib/python3.6/site-packages/airflow/example_dags/example_latest_only.py took 0.063 seconds
[2021-06-11 13:56:10,878] {scheduler_job.py:182} INFO - Started process (PID=414) to work on /home/airflow/.local/lib/python3.6/site-packages/airflow/example_dags/example_latest_only.py
[2021-06-11 13:56:10,880] {scheduler_job.py:633} INFO - Processing file /home/airflow/.local/lib/python3.6/site-packages/airflow/example_dags/example_latest_only.py for tasks to queue
[2021-06-11 13:56:10,881] {logging_mixin.py:104} INFO - [2021-06-11 13:56:10,881] {dagbag.py:487} INFO - Filling up the DagBag from /home/airflow/.local/lib/python3.6/site-packages/airflow/example_dags/example_latest_only.py
[2021-06-11 13:56:10,899] {scheduler_job.py:643} INFO - DAG(s) dict_keys(['latest_only']) retrieved from /home/airflow/.local/lib/python3.6/site-packages/airflow/example_dags/example_latest_only.py
[2021-06-11 13:56:10,921] {logging_mixin.py:104} INFO - [2021-06-11 13:56:10,921] {dag.py:1832} INFO - Sync 1 DAGs
[2021-06-11 13:56:10,932] {logging_mixin.py:104} INFO - [2021-06-11 13:56:10,932] {dag.py:2305} INFO - Setting next_dagrun for latest_only to 2021-06-09 00:00:00+00:00
[2021-06-11 13:56:10,942] {scheduler_job.py:190} INFO - Processing /home/airflow/.local/lib/python3.6/site-packages/airflow/example_dags/example_latest_only.py took 0.069 seconds
[2021-06-11 13:56:56,067] {scheduler_job.py:182} INFO - Started process (PID=59) to work on /home/airflow/.local/lib/python3.6/site-packages/airflow/example_dags/example_latest_only.py
[2021-06-11 13:56:56,076] {scheduler_job.py:633} INFO - Processing file /home/airflow/.local/lib/python3.6/site-packages/airflow/example_dags/example_latest_only.py for tasks to queue
[2021-06-11 13:56:56,078] {logging_mixin.py:104} INFO - [2021-06-11 13:56:56,078] {dagbag.py:487} INFO - Filling up the DagBag from /home/airflow/.local/lib/python3.6/site-packages/airflow/example_dags/example_latest_only.py
[2021-06-11 13:56:56,103] {scheduler_job.py:643} INFO - DAG(s) dict_keys(['latest_only']) retrieved from /home/airflow/.local/lib/python3.6/site-packages/airflow/example_dags/example_latest_only.py
[2021-06-11 13:56:56,152] {logging_mixin.py:104} INFO - [2021-06-11 13:56:56,152] {dag.py:1832} INFO - Sync 1 DAGs
[2021-06-11 13:56:56,178] {logging_mixin.py:104} INFO - [2021-06-11 13:56:56,178] {dag.py:2305} INFO - Setting next_dagrun for latest_only to 2021-06-09 00:00:00+00:00
[2021-06-11 13:56:56,199] {scheduler_job.py:190} INFO - Processing /home/airflow/.local/lib/python3.6/site-packages/airflow/example_dags/example_latest_only.py took 0.162 seconds
