[2021-06-11 14:02:10,723] {scheduler_job.py:182} INFO - Started process (PID=48) to work on /home/airflow/.local/lib/python3.6/site-packages/airflow/example_dags/example_kubernetes_executor.py
[2021-06-11 14:02:10,736] {scheduler_job.py:633} INFO - Processing file /home/airflow/.local/lib/python3.6/site-packages/airflow/example_dags/example_kubernetes_executor.py for tasks to queue
[2021-06-11 14:02:10,741] {logging_mixin.py:104} INFO - [2021-06-11 14:02:10,741] {dagbag.py:487} INFO - Filling up the DagBag from /home/airflow/.local/lib/python3.6/site-packages/airflow/example_dags/example_kubernetes_executor.py
[2021-06-11 14:02:10,823] {scheduler_job.py:643} INFO - DAG(s) dict_keys(['example_kubernetes_executor']) retrieved from /home/airflow/.local/lib/python3.6/site-packages/airflow/example_dags/example_kubernetes_executor.py
[2021-06-11 14:02:10,874] {logging_mixin.py:104} INFO - [2021-06-11 14:02:10,874] {dag.py:1832} INFO - Sync 1 DAGs
[2021-06-11 14:02:10,912] {logging_mixin.py:104} INFO - [2021-06-11 14:02:10,912] {dag.py:2305} INFO - Setting next_dagrun for example_kubernetes_executor to None
[2021-06-11 14:02:10,930] {scheduler_job.py:190} INFO - Processing /home/airflow/.local/lib/python3.6/site-packages/airflow/example_dags/example_kubernetes_executor.py took 0.214 seconds
[2021-06-11 14:02:41,276] {scheduler_job.py:182} INFO - Started process (PID=109) to work on /home/airflow/.local/lib/python3.6/site-packages/airflow/example_dags/example_kubernetes_executor.py
[2021-06-11 14:02:41,279] {scheduler_job.py:633} INFO - Processing file /home/airflow/.local/lib/python3.6/site-packages/airflow/example_dags/example_kubernetes_executor.py for tasks to queue
[2021-06-11 14:02:41,281] {logging_mixin.py:104} INFO - [2021-06-11 14:02:41,281] {dagbag.py:487} INFO - Filling up the DagBag from /home/airflow/.local/lib/python3.6/site-packages/airflow/example_dags/example_kubernetes_executor.py
[2021-06-11 14:02:41,305] {scheduler_job.py:643} INFO - DAG(s) dict_keys(['example_kubernetes_executor']) retrieved from /home/airflow/.local/lib/python3.6/site-packages/airflow/example_dags/example_kubernetes_executor.py
[2021-06-11 14:02:41,344] {logging_mixin.py:104} INFO - [2021-06-11 14:02:41,344] {dag.py:1832} INFO - Sync 1 DAGs
[2021-06-11 14:02:41,366] {logging_mixin.py:104} INFO - [2021-06-11 14:02:41,366] {dag.py:2305} INFO - Setting next_dagrun for example_kubernetes_executor to None
[2021-06-11 14:02:41,377] {scheduler_job.py:190} INFO - Processing /home/airflow/.local/lib/python3.6/site-packages/airflow/example_dags/example_kubernetes_executor.py took 0.106 seconds
[2021-06-11 14:03:12,229] {scheduler_job.py:182} INFO - Started process (PID=171) to work on /home/airflow/.local/lib/python3.6/site-packages/airflow/example_dags/example_kubernetes_executor.py
[2021-06-11 14:03:12,232] {scheduler_job.py:633} INFO - Processing file /home/airflow/.local/lib/python3.6/site-packages/airflow/example_dags/example_kubernetes_executor.py for tasks to queue
[2021-06-11 14:03:12,236] {logging_mixin.py:104} INFO - [2021-06-11 14:03:12,236] {dagbag.py:487} INFO - Filling up the DagBag from /home/airflow/.local/lib/python3.6/site-packages/airflow/example_dags/example_kubernetes_executor.py
[2021-06-11 14:03:12,259] {scheduler_job.py:643} INFO - DAG(s) dict_keys(['example_kubernetes_executor']) retrieved from /home/airflow/.local/lib/python3.6/site-packages/airflow/example_dags/example_kubernetes_executor.py
[2021-06-11 14:03:12,292] {logging_mixin.py:104} INFO - [2021-06-11 14:03:12,292] {dag.py:1832} INFO - Sync 1 DAGs
[2021-06-11 14:03:12,315] {logging_mixin.py:104} INFO - [2021-06-11 14:03:12,315] {dag.py:2305} INFO - Setting next_dagrun for example_kubernetes_executor to None
[2021-06-11 14:03:12,333] {scheduler_job.py:190} INFO - Processing /home/airflow/.local/lib/python3.6/site-packages/airflow/example_dags/example_kubernetes_executor.py took 0.112 seconds
