[2021-06-11 13:52:05,040] {scheduler_job.py:182} INFO - Started process (PID=30) to work on /home/airflow/.local/lib/python3.6/site-packages/airflow/example_dags/example_dag_decorator.py
[2021-06-11 13:52:05,043] {scheduler_job.py:633} INFO - Processing file /home/airflow/.local/lib/python3.6/site-packages/airflow/example_dags/example_dag_decorator.py for tasks to queue
[2021-06-11 13:52:05,052] {logging_mixin.py:104} INFO - [2021-06-11 13:52:05,052] {dagbag.py:487} INFO - Filling up the DagBag from /home/airflow/.local/lib/python3.6/site-packages/airflow/example_dags/example_dag_decorator.py
[2021-06-11 13:52:05,121] {scheduler_job.py:643} INFO - DAG(s) dict_keys(['example_dag_decorator']) retrieved from /home/airflow/.local/lib/python3.6/site-packages/airflow/example_dags/example_dag_decorator.py
[2021-06-11 13:52:50,296] {logging_mixin.py:104} INFO - [2021-06-11 13:52:50,295] {dag.py:1832} INFO - Sync 1 DAGs
[2021-06-11 13:52:50,308] {logging_mixin.py:104} INFO - [2021-06-11 13:52:50,307] {dag.py:1851} INFO - Creating ORM DAG for example_dag_decorator
[2021-06-11 13:52:50,314] {logging_mixin.py:104} INFO - [2021-06-11 13:52:50,314] {dag.py:2305} INFO - Setting next_dagrun for example_dag_decorator to None
[2021-06-11 13:52:50,324] {scheduler_job.py:190} INFO - Processing /home/airflow/.local/lib/python3.6/site-packages/airflow/example_dags/example_dag_decorator.py took 44.797 seconds
[2021-06-11 13:54:08,888] {scheduler_job.py:182} INFO - Started process (PID=130) to work on /home/airflow/.local/lib/python3.6/site-packages/airflow/example_dags/example_dag_decorator.py
[2021-06-11 13:54:08,892] {scheduler_job.py:633} INFO - Processing file /home/airflow/.local/lib/python3.6/site-packages/airflow/example_dags/example_dag_decorator.py for tasks to queue
[2021-06-11 13:54:08,896] {logging_mixin.py:104} INFO - [2021-06-11 13:54:08,895] {dagbag.py:487} INFO - Filling up the DagBag from /home/airflow/.local/lib/python3.6/site-packages/airflow/example_dags/example_dag_decorator.py
[2021-06-11 13:54:08,996] {scheduler_job.py:643} INFO - DAG(s) dict_keys(['example_dag_decorator']) retrieved from /home/airflow/.local/lib/python3.6/site-packages/airflow/example_dags/example_dag_decorator.py
[2021-06-11 13:54:10,026] {logging_mixin.py:104} INFO - [2021-06-11 13:54:10,026] {dag.py:1832} INFO - Sync 1 DAGs
[2021-06-11 13:54:10,039] {logging_mixin.py:104} INFO - [2021-06-11 13:54:10,039] {dag.py:2305} INFO - Setting next_dagrun for example_dag_decorator to None
[2021-06-11 13:54:10,054] {scheduler_job.py:190} INFO - Processing /home/airflow/.local/lib/python3.6/site-packages/airflow/example_dags/example_dag_decorator.py took 1.172 seconds
[2021-06-11 13:54:40,367] {scheduler_job.py:182} INFO - Started process (PID=194) to work on /home/airflow/.local/lib/python3.6/site-packages/airflow/example_dags/example_dag_decorator.py
[2021-06-11 13:54:40,369] {scheduler_job.py:633} INFO - Processing file /home/airflow/.local/lib/python3.6/site-packages/airflow/example_dags/example_dag_decorator.py for tasks to queue
[2021-06-11 13:54:40,371] {logging_mixin.py:104} INFO - [2021-06-11 13:54:40,371] {dagbag.py:487} INFO - Filling up the DagBag from /home/airflow/.local/lib/python3.6/site-packages/airflow/example_dags/example_dag_decorator.py
[2021-06-11 13:54:40,398] {scheduler_job.py:643} INFO - DAG(s) dict_keys(['example_dag_decorator']) retrieved from /home/airflow/.local/lib/python3.6/site-packages/airflow/example_dags/example_dag_decorator.py
[2021-06-11 13:54:40,833] {logging_mixin.py:104} INFO - [2021-06-11 13:54:40,833] {dag.py:1832} INFO - Sync 1 DAGs
[2021-06-11 13:54:40,855] {logging_mixin.py:104} INFO - [2021-06-11 13:54:40,854] {dag.py:2305} INFO - Setting next_dagrun for example_dag_decorator to None
[2021-06-11 13:54:40,890] {scheduler_job.py:190} INFO - Processing /home/airflow/.local/lib/python3.6/site-packages/airflow/example_dags/example_dag_decorator.py took 0.527 seconds
[2021-06-11 13:55:11,606] {scheduler_job.py:182} INFO - Started process (PID=273) to work on /home/airflow/.local/lib/python3.6/site-packages/airflow/example_dags/example_dag_decorator.py
[2021-06-11 13:55:11,610] {scheduler_job.py:633} INFO - Processing file /home/airflow/.local/lib/python3.6/site-packages/airflow/example_dags/example_dag_decorator.py for tasks to queue
[2021-06-11 13:55:11,612] {logging_mixin.py:104} INFO - [2021-06-11 13:55:11,612] {dagbag.py:487} INFO - Filling up the DagBag from /home/airflow/.local/lib/python3.6/site-packages/airflow/example_dags/example_dag_decorator.py
[2021-06-11 13:55:11,643] {scheduler_job.py:643} INFO - DAG(s) dict_keys(['example_dag_decorator']) retrieved from /home/airflow/.local/lib/python3.6/site-packages/airflow/example_dags/example_dag_decorator.py
[2021-06-11 13:55:12,047] {logging_mixin.py:104} INFO - [2021-06-11 13:55:12,047] {dag.py:1832} INFO - Sync 1 DAGs
[2021-06-11 13:55:12,073] {logging_mixin.py:104} INFO - [2021-06-11 13:55:12,073] {dag.py:2305} INFO - Setting next_dagrun for example_dag_decorator to None
[2021-06-11 13:55:12,101] {scheduler_job.py:190} INFO - Processing /home/airflow/.local/lib/python3.6/site-packages/airflow/example_dags/example_dag_decorator.py took 0.501 seconds
[2021-06-11 13:55:42,354] {scheduler_job.py:182} INFO - Started process (PID=336) to work on /home/airflow/.local/lib/python3.6/site-packages/airflow/example_dags/example_dag_decorator.py
[2021-06-11 13:55:42,356] {scheduler_job.py:633} INFO - Processing file /home/airflow/.local/lib/python3.6/site-packages/airflow/example_dags/example_dag_decorator.py for tasks to queue
[2021-06-11 13:55:42,358] {logging_mixin.py:104} INFO - [2021-06-11 13:55:42,357] {dagbag.py:487} INFO - Filling up the DagBag from /home/airflow/.local/lib/python3.6/site-packages/airflow/example_dags/example_dag_decorator.py
[2021-06-11 13:55:42,376] {scheduler_job.py:643} INFO - DAG(s) dict_keys(['example_dag_decorator']) retrieved from /home/airflow/.local/lib/python3.6/site-packages/airflow/example_dags/example_dag_decorator.py
[2021-06-11 13:55:42,672] {logging_mixin.py:104} INFO - [2021-06-11 13:55:42,672] {dag.py:1832} INFO - Sync 1 DAGs
[2021-06-11 13:55:42,689] {logging_mixin.py:104} INFO - [2021-06-11 13:55:42,689] {dag.py:2305} INFO - Setting next_dagrun for example_dag_decorator to None
[2021-06-11 13:55:42,706] {scheduler_job.py:190} INFO - Processing /home/airflow/.local/lib/python3.6/site-packages/airflow/example_dags/example_dag_decorator.py took 0.356 seconds
[2021-06-11 13:56:13,025] {scheduler_job.py:182} INFO - Started process (PID=417) to work on /home/airflow/.local/lib/python3.6/site-packages/airflow/example_dags/example_dag_decorator.py
[2021-06-11 13:56:13,027] {scheduler_job.py:633} INFO - Processing file /home/airflow/.local/lib/python3.6/site-packages/airflow/example_dags/example_dag_decorator.py for tasks to queue
[2021-06-11 13:56:13,028] {logging_mixin.py:104} INFO - [2021-06-11 13:56:13,028] {dagbag.py:487} INFO - Filling up the DagBag from /home/airflow/.local/lib/python3.6/site-packages/airflow/example_dags/example_dag_decorator.py
[2021-06-11 13:56:13,046] {scheduler_job.py:643} INFO - DAG(s) dict_keys(['example_dag_decorator']) retrieved from /home/airflow/.local/lib/python3.6/site-packages/airflow/example_dags/example_dag_decorator.py
[2021-06-11 13:56:13,332] {logging_mixin.py:104} INFO - [2021-06-11 13:56:13,331] {dag.py:1832} INFO - Sync 1 DAGs
[2021-06-11 13:56:13,342] {logging_mixin.py:104} INFO - [2021-06-11 13:56:13,342] {dag.py:2305} INFO - Setting next_dagrun for example_dag_decorator to None
[2021-06-11 13:56:13,353] {scheduler_job.py:190} INFO - Processing /home/airflow/.local/lib/python3.6/site-packages/airflow/example_dags/example_dag_decorator.py took 0.332 seconds
[2021-06-11 13:56:51,165] {scheduler_job.py:182} INFO - Started process (PID=30) to work on /home/airflow/.local/lib/python3.6/site-packages/airflow/example_dags/example_dag_decorator.py
[2021-06-11 13:56:51,174] {scheduler_job.py:633} INFO - Processing file /home/airflow/.local/lib/python3.6/site-packages/airflow/example_dags/example_dag_decorator.py for tasks to queue
[2021-06-11 13:56:51,177] {logging_mixin.py:104} INFO - [2021-06-11 13:56:51,176] {dagbag.py:487} INFO - Filling up the DagBag from /home/airflow/.local/lib/python3.6/site-packages/airflow/example_dags/example_dag_decorator.py
[2021-06-11 13:56:51,250] {scheduler_job.py:643} INFO - DAG(s) dict_keys(['example_dag_decorator']) retrieved from /home/airflow/.local/lib/python3.6/site-packages/airflow/example_dags/example_dag_decorator.py
[2021-06-11 13:56:51,694] {logging_mixin.py:104} INFO - [2021-06-11 13:56:51,694] {dag.py:1832} INFO - Sync 1 DAGs
[2021-06-11 13:56:51,723] {logging_mixin.py:104} INFO - [2021-06-11 13:56:51,723] {dag.py:2305} INFO - Setting next_dagrun for example_dag_decorator to None
[2021-06-11 13:56:51,746] {scheduler_job.py:190} INFO - Processing /home/airflow/.local/lib/python3.6/site-packages/airflow/example_dags/example_dag_decorator.py took 0.585 seconds
[2021-06-11 13:57:22,292] {scheduler_job.py:182} INFO - Started process (PID=93) to work on /home/airflow/.local/lib/python3.6/site-packages/airflow/example_dags/example_dag_decorator.py
[2021-06-11 13:57:22,294] {scheduler_job.py:633} INFO - Processing file /home/airflow/.local/lib/python3.6/site-packages/airflow/example_dags/example_dag_decorator.py for tasks to queue
[2021-06-11 13:57:22,297] {logging_mixin.py:104} INFO - [2021-06-11 13:57:22,296] {dagbag.py:487} INFO - Filling up the DagBag from /home/airflow/.local/lib/python3.6/site-packages/airflow/example_dags/example_dag_decorator.py
[2021-06-11 13:57:22,337] {scheduler_job.py:643} INFO - DAG(s) dict_keys(['example_dag_decorator']) retrieved from /home/airflow/.local/lib/python3.6/site-packages/airflow/example_dags/example_dag_decorator.py
[2021-06-11 13:57:22,825] {logging_mixin.py:104} INFO - [2021-06-11 13:57:22,825] {dag.py:1832} INFO - Sync 1 DAGs
[2021-06-11 13:57:22,842] {logging_mixin.py:104} INFO - [2021-06-11 13:57:22,842] {dag.py:2305} INFO - Setting next_dagrun for example_dag_decorator to None
[2021-06-11 13:57:22,859] {scheduler_job.py:190} INFO - Processing /home/airflow/.local/lib/python3.6/site-packages/airflow/example_dags/example_dag_decorator.py took 0.573 seconds
