[2021-06-11 13:52:53,429] {scheduler_job.py:182} INFO - Started process (PID=54) to work on /home/airflow/.local/lib/python3.6/site-packages/airflow/example_dags/example_xcom.py
[2021-06-11 13:52:53,452] {scheduler_job.py:633} INFO - Processing file /home/airflow/.local/lib/python3.6/site-packages/airflow/example_dags/example_xcom.py for tasks to queue
[2021-06-11 13:52:53,459] {logging_mixin.py:104} INFO - [2021-06-11 13:52:53,458] {dagbag.py:487} INFO - Filling up the DagBag from /home/airflow/.local/lib/python3.6/site-packages/airflow/example_dags/example_xcom.py
[2021-06-11 13:52:53,553] {scheduler_job.py:643} INFO - DAG(s) dict_keys(['example_xcom']) retrieved from /home/airflow/.local/lib/python3.6/site-packages/airflow/example_dags/example_xcom.py
[2021-06-11 13:52:56,503] {logging_mixin.py:104} INFO - [2021-06-11 13:52:56,503] {dag.py:1832} INFO - Sync 1 DAGs
[2021-06-11 13:52:56,519] {logging_mixin.py:104} INFO - [2021-06-11 13:52:56,518] {dag.py:1851} INFO - Creating ORM DAG for example_xcom
[2021-06-11 13:52:56,527] {logging_mixin.py:104} INFO - [2021-06-11 13:52:56,527] {dag.py:2305} INFO - Setting next_dagrun for example_xcom to 2021-06-09 00:00:00+00:00
[2021-06-11 13:52:56,544] {scheduler_job.py:190} INFO - Processing /home/airflow/.local/lib/python3.6/site-packages/airflow/example_dags/example_xcom.py took 3.146 seconds
[2021-06-11 13:54:10,370] {scheduler_job.py:182} INFO - Started process (PID=139) to work on /home/airflow/.local/lib/python3.6/site-packages/airflow/example_dags/example_xcom.py
[2021-06-11 13:54:10,372] {scheduler_job.py:633} INFO - Processing file /home/airflow/.local/lib/python3.6/site-packages/airflow/example_dags/example_xcom.py for tasks to queue
[2021-06-11 13:54:10,373] {logging_mixin.py:104} INFO - [2021-06-11 13:54:10,373] {dagbag.py:487} INFO - Filling up the DagBag from /home/airflow/.local/lib/python3.6/site-packages/airflow/example_dags/example_xcom.py
[2021-06-11 13:54:10,390] {scheduler_job.py:643} INFO - DAG(s) dict_keys(['example_xcom']) retrieved from /home/airflow/.local/lib/python3.6/site-packages/airflow/example_dags/example_xcom.py
[2021-06-11 13:54:10,419] {logging_mixin.py:104} INFO - [2021-06-11 13:54:10,419] {dag.py:1832} INFO - Sync 1 DAGs
[2021-06-11 13:54:10,435] {logging_mixin.py:104} INFO - [2021-06-11 13:54:10,435] {dag.py:2305} INFO - Setting next_dagrun for example_xcom to 2021-06-09 00:00:00+00:00
[2021-06-11 13:54:10,450] {scheduler_job.py:190} INFO - Processing /home/airflow/.local/lib/python3.6/site-packages/airflow/example_dags/example_xcom.py took 0.085 seconds
[2021-06-11 13:54:40,670] {scheduler_job.py:182} INFO - Started process (PID=197) to work on /home/airflow/.local/lib/python3.6/site-packages/airflow/example_dags/example_xcom.py
[2021-06-11 13:54:40,672] {scheduler_job.py:633} INFO - Processing file /home/airflow/.local/lib/python3.6/site-packages/airflow/example_dags/example_xcom.py for tasks to queue
[2021-06-11 13:54:40,674] {logging_mixin.py:104} INFO - [2021-06-11 13:54:40,674] {dagbag.py:487} INFO - Filling up the DagBag from /home/airflow/.local/lib/python3.6/site-packages/airflow/example_dags/example_xcom.py
[2021-06-11 13:54:40,696] {scheduler_job.py:643} INFO - DAG(s) dict_keys(['example_xcom']) retrieved from /home/airflow/.local/lib/python3.6/site-packages/airflow/example_dags/example_xcom.py
[2021-06-11 13:54:40,729] {logging_mixin.py:104} INFO - [2021-06-11 13:54:40,728] {dag.py:1832} INFO - Sync 1 DAGs
[2021-06-11 13:54:40,766] {logging_mixin.py:104} INFO - [2021-06-11 13:54:40,766] {dag.py:2305} INFO - Setting next_dagrun for example_xcom to 2021-06-09 00:00:00+00:00
[2021-06-11 13:54:40,791] {scheduler_job.py:190} INFO - Processing /home/airflow/.local/lib/python3.6/site-packages/airflow/example_dags/example_xcom.py took 0.126 seconds
[2021-06-11 13:55:11,745] {scheduler_job.py:182} INFO - Started process (PID=275) to work on /home/airflow/.local/lib/python3.6/site-packages/airflow/example_dags/example_xcom.py
[2021-06-11 13:55:11,748] {scheduler_job.py:633} INFO - Processing file /home/airflow/.local/lib/python3.6/site-packages/airflow/example_dags/example_xcom.py for tasks to queue
[2021-06-11 13:55:11,750] {logging_mixin.py:104} INFO - [2021-06-11 13:55:11,750] {dagbag.py:487} INFO - Filling up the DagBag from /home/airflow/.local/lib/python3.6/site-packages/airflow/example_dags/example_xcom.py
[2021-06-11 13:55:11,770] {scheduler_job.py:643} INFO - DAG(s) dict_keys(['example_xcom']) retrieved from /home/airflow/.local/lib/python3.6/site-packages/airflow/example_dags/example_xcom.py
[2021-06-11 13:55:11,802] {logging_mixin.py:104} INFO - [2021-06-11 13:55:11,802] {dag.py:1832} INFO - Sync 1 DAGs
[2021-06-11 13:55:11,827] {logging_mixin.py:104} INFO - [2021-06-11 13:55:11,827] {dag.py:2305} INFO - Setting next_dagrun for example_xcom to 2021-06-09 00:00:00+00:00
[2021-06-11 13:55:11,839] {scheduler_job.py:190} INFO - Processing /home/airflow/.local/lib/python3.6/site-packages/airflow/example_dags/example_xcom.py took 0.100 seconds
[2021-06-11 13:55:42,438] {scheduler_job.py:182} INFO - Started process (PID=338) to work on /home/airflow/.local/lib/python3.6/site-packages/airflow/example_dags/example_xcom.py
[2021-06-11 13:55:42,440] {scheduler_job.py:633} INFO - Processing file /home/airflow/.local/lib/python3.6/site-packages/airflow/example_dags/example_xcom.py for tasks to queue
[2021-06-11 13:55:42,442] {logging_mixin.py:104} INFO - [2021-06-11 13:55:42,442] {dagbag.py:487} INFO - Filling up the DagBag from /home/airflow/.local/lib/python3.6/site-packages/airflow/example_dags/example_xcom.py
[2021-06-11 13:55:42,454] {scheduler_job.py:643} INFO - DAG(s) dict_keys(['example_xcom']) retrieved from /home/airflow/.local/lib/python3.6/site-packages/airflow/example_dags/example_xcom.py
[2021-06-11 13:55:42,477] {logging_mixin.py:104} INFO - [2021-06-11 13:55:42,477] {dag.py:1832} INFO - Sync 1 DAGs
[2021-06-11 13:55:42,490] {logging_mixin.py:104} INFO - [2021-06-11 13:55:42,490] {dag.py:2305} INFO - Setting next_dagrun for example_xcom to 2021-06-09 00:00:00+00:00
[2021-06-11 13:55:42,520] {scheduler_job.py:190} INFO - Processing /home/airflow/.local/lib/python3.6/site-packages/airflow/example_dags/example_xcom.py took 0.085 seconds
[2021-06-11 13:56:13,120] {scheduler_job.py:182} INFO - Started process (PID=419) to work on /home/airflow/.local/lib/python3.6/site-packages/airflow/example_dags/example_xcom.py
[2021-06-11 13:56:13,121] {scheduler_job.py:633} INFO - Processing file /home/airflow/.local/lib/python3.6/site-packages/airflow/example_dags/example_xcom.py for tasks to queue
[2021-06-11 13:56:13,123] {logging_mixin.py:104} INFO - [2021-06-11 13:56:13,123] {dagbag.py:487} INFO - Filling up the DagBag from /home/airflow/.local/lib/python3.6/site-packages/airflow/example_dags/example_xcom.py
[2021-06-11 13:56:13,137] {scheduler_job.py:643} INFO - DAG(s) dict_keys(['example_xcom']) retrieved from /home/airflow/.local/lib/python3.6/site-packages/airflow/example_dags/example_xcom.py
[2021-06-11 13:56:13,164] {logging_mixin.py:104} INFO - [2021-06-11 13:56:13,164] {dag.py:1832} INFO - Sync 1 DAGs
[2021-06-11 13:56:13,181] {logging_mixin.py:104} INFO - [2021-06-11 13:56:13,181] {dag.py:2305} INFO - Setting next_dagrun for example_xcom to 2021-06-09 00:00:00+00:00
[2021-06-11 13:56:13,197] {scheduler_job.py:190} INFO - Processing /home/airflow/.local/lib/python3.6/site-packages/airflow/example_dags/example_xcom.py took 0.081 seconds
[2021-06-11 13:56:51,972] {scheduler_job.py:182} INFO - Started process (PID=34) to work on /home/airflow/.local/lib/python3.6/site-packages/airflow/example_dags/example_xcom.py
[2021-06-11 13:56:51,977] {scheduler_job.py:633} INFO - Processing file /home/airflow/.local/lib/python3.6/site-packages/airflow/example_dags/example_xcom.py for tasks to queue
[2021-06-11 13:56:51,985] {logging_mixin.py:104} INFO - [2021-06-11 13:56:51,984] {dagbag.py:487} INFO - Filling up the DagBag from /home/airflow/.local/lib/python3.6/site-packages/airflow/example_dags/example_xcom.py
[2021-06-11 13:56:52,012] {scheduler_job.py:643} INFO - DAG(s) dict_keys(['example_xcom']) retrieved from /home/airflow/.local/lib/python3.6/site-packages/airflow/example_dags/example_xcom.py
[2021-06-11 13:56:52,055] {logging_mixin.py:104} INFO - [2021-06-11 13:56:52,055] {dag.py:1832} INFO - Sync 1 DAGs
[2021-06-11 13:56:52,122] {logging_mixin.py:104} INFO - [2021-06-11 13:56:52,122] {dag.py:2305} INFO - Setting next_dagrun for example_xcom to 2021-06-09 00:00:00+00:00
[2021-06-11 13:56:52,156] {scheduler_job.py:190} INFO - Processing /home/airflow/.local/lib/python3.6/site-packages/airflow/example_dags/example_xcom.py took 0.202 seconds
[2021-06-11 13:57:22,762] {scheduler_job.py:182} INFO - Started process (PID=97) to work on /home/airflow/.local/lib/python3.6/site-packages/airflow/example_dags/example_xcom.py
[2021-06-11 13:57:22,765] {scheduler_job.py:633} INFO - Processing file /home/airflow/.local/lib/python3.6/site-packages/airflow/example_dags/example_xcom.py for tasks to queue
[2021-06-11 13:57:22,767] {logging_mixin.py:104} INFO - [2021-06-11 13:57:22,767] {dagbag.py:487} INFO - Filling up the DagBag from /home/airflow/.local/lib/python3.6/site-packages/airflow/example_dags/example_xcom.py
[2021-06-11 13:57:22,786] {scheduler_job.py:643} INFO - DAG(s) dict_keys(['example_xcom']) retrieved from /home/airflow/.local/lib/python3.6/site-packages/airflow/example_dags/example_xcom.py
[2021-06-11 13:57:22,821] {logging_mixin.py:104} INFO - [2021-06-11 13:57:22,821] {dag.py:1832} INFO - Sync 1 DAGs
[2021-06-11 13:57:22,844] {logging_mixin.py:104} INFO - [2021-06-11 13:57:22,844] {dag.py:2305} INFO - Setting next_dagrun for example_xcom to 2021-06-09 00:00:00+00:00
[2021-06-11 13:57:22,860] {scheduler_job.py:190} INFO - Processing /home/airflow/.local/lib/python3.6/site-packages/airflow/example_dags/example_xcom.py took 0.103 seconds
