[2021-06-11 14:02:12,803] {scheduler_job.py:182} INFO - Started process (PID=66) to work on /home/airflow/.local/lib/python3.6/site-packages/airflow/example_dags/example_branch_day_of_week_operator.py
[2021-06-11 14:02:12,807] {scheduler_job.py:633} INFO - Processing file /home/airflow/.local/lib/python3.6/site-packages/airflow/example_dags/example_branch_day_of_week_operator.py for tasks to queue
[2021-06-11 14:02:12,812] {logging_mixin.py:104} INFO - [2021-06-11 14:02:12,811] {dagbag.py:487} INFO - Filling up the DagBag from /home/airflow/.local/lib/python3.6/site-packages/airflow/example_dags/example_branch_day_of_week_operator.py
[2021-06-11 14:02:12,857] {scheduler_job.py:643} INFO - DAG(s) dict_keys(['example_weekday_branch_operator']) retrieved from /home/airflow/.local/lib/python3.6/site-packages/airflow/example_dags/example_branch_day_of_week_operator.py
[2021-06-11 14:02:12,901] {logging_mixin.py:104} INFO - [2021-06-11 14:02:12,901] {dag.py:1832} INFO - Sync 1 DAGs
[2021-06-11 14:02:12,989] {logging_mixin.py:104} INFO - [2021-06-11 14:02:12,988] {dag.py:2305} INFO - Setting next_dagrun for example_weekday_branch_operator to 2021-06-09 00:00:00+00:00
[2021-06-11 14:02:13,005] {scheduler_job.py:190} INFO - Processing /home/airflow/.local/lib/python3.6/site-packages/airflow/example_dags/example_branch_day_of_week_operator.py took 0.210 seconds
[2021-06-11 14:02:43,201] {scheduler_job.py:182} INFO - Started process (PID=119) to work on /home/airflow/.local/lib/python3.6/site-packages/airflow/example_dags/example_branch_day_of_week_operator.py
[2021-06-11 14:02:43,204] {scheduler_job.py:633} INFO - Processing file /home/airflow/.local/lib/python3.6/site-packages/airflow/example_dags/example_branch_day_of_week_operator.py for tasks to queue
[2021-06-11 14:02:43,206] {logging_mixin.py:104} INFO - [2021-06-11 14:02:43,206] {dagbag.py:487} INFO - Filling up the DagBag from /home/airflow/.local/lib/python3.6/site-packages/airflow/example_dags/example_branch_day_of_week_operator.py
[2021-06-11 14:02:43,226] {scheduler_job.py:643} INFO - DAG(s) dict_keys(['example_weekday_branch_operator']) retrieved from /home/airflow/.local/lib/python3.6/site-packages/airflow/example_dags/example_branch_day_of_week_operator.py
[2021-06-11 14:02:43,256] {logging_mixin.py:104} INFO - [2021-06-11 14:02:43,256] {dag.py:1832} INFO - Sync 1 DAGs
[2021-06-11 14:02:43,281] {logging_mixin.py:104} INFO - [2021-06-11 14:02:43,280] {dag.py:2305} INFO - Setting next_dagrun for example_weekday_branch_operator to 2021-06-09 00:00:00+00:00
[2021-06-11 14:02:43,294] {scheduler_job.py:190} INFO - Processing /home/airflow/.local/lib/python3.6/site-packages/airflow/example_dags/example_branch_day_of_week_operator.py took 0.098 seconds
[2021-06-11 14:03:14,439] {scheduler_job.py:182} INFO - Started process (PID=181) to work on /home/airflow/.local/lib/python3.6/site-packages/airflow/example_dags/example_branch_day_of_week_operator.py
[2021-06-11 14:03:14,441] {scheduler_job.py:633} INFO - Processing file /home/airflow/.local/lib/python3.6/site-packages/airflow/example_dags/example_branch_day_of_week_operator.py for tasks to queue
[2021-06-11 14:03:14,443] {logging_mixin.py:104} INFO - [2021-06-11 14:03:14,442] {dagbag.py:487} INFO - Filling up the DagBag from /home/airflow/.local/lib/python3.6/site-packages/airflow/example_dags/example_branch_day_of_week_operator.py
[2021-06-11 14:03:14,462] {scheduler_job.py:643} INFO - DAG(s) dict_keys(['example_weekday_branch_operator']) retrieved from /home/airflow/.local/lib/python3.6/site-packages/airflow/example_dags/example_branch_day_of_week_operator.py
[2021-06-11 14:03:14,497] {logging_mixin.py:104} INFO - [2021-06-11 14:03:14,496] {dag.py:1832} INFO - Sync 1 DAGs
[2021-06-11 14:03:14,524] {logging_mixin.py:104} INFO - [2021-06-11 14:03:14,523] {dag.py:2305} INFO - Setting next_dagrun for example_weekday_branch_operator to 2021-06-09 00:00:00+00:00
[2021-06-11 14:03:14,538] {scheduler_job.py:190} INFO - Processing /home/airflow/.local/lib/python3.6/site-packages/airflow/example_dags/example_branch_day_of_week_operator.py took 0.104 seconds
