[2021-06-11 13:53:07,075] {scheduler_job.py:182} INFO - Started process (PID=83) to work on /home/airflow/.local/lib/python3.6/site-packages/airflow/example_dags/example_external_task_marker_dag.py
[2021-06-11 13:53:07,077] {scheduler_job.py:633} INFO - Processing file /home/airflow/.local/lib/python3.6/site-packages/airflow/example_dags/example_external_task_marker_dag.py for tasks to queue
[2021-06-11 13:53:07,079] {logging_mixin.py:104} INFO - [2021-06-11 13:53:07,079] {dagbag.py:487} INFO - Filling up the DagBag from /home/airflow/.local/lib/python3.6/site-packages/airflow/example_dags/example_external_task_marker_dag.py
[2021-06-11 13:53:07,099] {scheduler_job.py:643} INFO - DAG(s) dict_keys(['example_external_task_marker_parent', 'example_external_task_marker_child']) retrieved from /home/airflow/.local/lib/python3.6/site-packages/airflow/example_dags/example_external_task_marker_dag.py
[2021-06-11 13:53:09,190] {logging_mixin.py:104} INFO - [2021-06-11 13:53:09,190] {dag.py:1832} INFO - Sync 2 DAGs
[2021-06-11 13:53:09,202] {logging_mixin.py:104} INFO - [2021-06-11 13:53:09,201] {dag.py:1851} INFO - Creating ORM DAG for example_external_task_marker_parent
[2021-06-11 13:53:09,204] {logging_mixin.py:104} INFO - [2021-06-11 13:53:09,204] {dag.py:1851} INFO - Creating ORM DAG for example_external_task_marker_child
[2021-06-11 13:53:09,209] {logging_mixin.py:104} INFO - [2021-06-11 13:53:09,209] {dag.py:2305} INFO - Setting next_dagrun for example_external_task_marker_child to None
[2021-06-11 13:53:09,210] {logging_mixin.py:104} INFO - [2021-06-11 13:53:09,210] {dag.py:2305} INFO - Setting next_dagrun for example_external_task_marker_parent to None
[2021-06-11 13:53:09,222] {scheduler_job.py:190} INFO - Processing /home/airflow/.local/lib/python3.6/site-packages/airflow/example_dags/example_external_task_marker_dag.py took 2.153 seconds
[2021-06-11 13:54:11,506] {scheduler_job.py:182} INFO - Started process (PID=147) to work on /home/airflow/.local/lib/python3.6/site-packages/airflow/example_dags/example_external_task_marker_dag.py
[2021-06-11 13:54:11,508] {scheduler_job.py:633} INFO - Processing file /home/airflow/.local/lib/python3.6/site-packages/airflow/example_dags/example_external_task_marker_dag.py for tasks to queue
[2021-06-11 13:54:11,510] {logging_mixin.py:104} INFO - [2021-06-11 13:54:11,510] {dagbag.py:487} INFO - Filling up the DagBag from /home/airflow/.local/lib/python3.6/site-packages/airflow/example_dags/example_external_task_marker_dag.py
[2021-06-11 13:54:11,537] {scheduler_job.py:643} INFO - DAG(s) dict_keys(['example_external_task_marker_parent', 'example_external_task_marker_child']) retrieved from /home/airflow/.local/lib/python3.6/site-packages/airflow/example_dags/example_external_task_marker_dag.py
[2021-06-11 13:54:12,029] {logging_mixin.py:104} INFO - [2021-06-11 13:54:12,029] {dag.py:1832} INFO - Sync 2 DAGs
[2021-06-11 13:54:12,041] {logging_mixin.py:104} INFO - [2021-06-11 13:54:12,041] {dag.py:2305} INFO - Setting next_dagrun for example_external_task_marker_child to None
[2021-06-11 13:54:12,043] {logging_mixin.py:104} INFO - [2021-06-11 13:54:12,042] {dag.py:2305} INFO - Setting next_dagrun for example_external_task_marker_parent to None
[2021-06-11 13:54:12,056] {scheduler_job.py:190} INFO - Processing /home/airflow/.local/lib/python3.6/site-packages/airflow/example_dags/example_external_task_marker_dag.py took 0.560 seconds
[2021-06-11 13:54:42,321] {scheduler_job.py:182} INFO - Started process (PID=204) to work on /home/airflow/.local/lib/python3.6/site-packages/airflow/example_dags/example_external_task_marker_dag.py
[2021-06-11 13:54:42,323] {scheduler_job.py:633} INFO - Processing file /home/airflow/.local/lib/python3.6/site-packages/airflow/example_dags/example_external_task_marker_dag.py for tasks to queue
[2021-06-11 13:54:42,325] {logging_mixin.py:104} INFO - [2021-06-11 13:54:42,324] {dagbag.py:487} INFO - Filling up the DagBag from /home/airflow/.local/lib/python3.6/site-packages/airflow/example_dags/example_external_task_marker_dag.py
[2021-06-11 13:54:42,340] {scheduler_job.py:643} INFO - DAG(s) dict_keys(['example_external_task_marker_parent', 'example_external_task_marker_child']) retrieved from /home/airflow/.local/lib/python3.6/site-packages/airflow/example_dags/example_external_task_marker_dag.py
[2021-06-11 13:54:42,611] {logging_mixin.py:104} INFO - [2021-06-11 13:54:42,611] {dag.py:1832} INFO - Sync 2 DAGs
[2021-06-11 13:54:42,620] {logging_mixin.py:104} INFO - [2021-06-11 13:54:42,620] {dag.py:2305} INFO - Setting next_dagrun for example_external_task_marker_child to None
[2021-06-11 13:54:42,621] {logging_mixin.py:104} INFO - [2021-06-11 13:54:42,621] {dag.py:2305} INFO - Setting next_dagrun for example_external_task_marker_parent to None
[2021-06-11 13:54:42,667] {scheduler_job.py:190} INFO - Processing /home/airflow/.local/lib/python3.6/site-packages/airflow/example_dags/example_external_task_marker_dag.py took 0.351 seconds
[2021-06-11 13:55:13,533] {scheduler_job.py:182} INFO - Started process (PID=283) to work on /home/airflow/.local/lib/python3.6/site-packages/airflow/example_dags/example_external_task_marker_dag.py
[2021-06-11 13:55:13,537] {scheduler_job.py:633} INFO - Processing file /home/airflow/.local/lib/python3.6/site-packages/airflow/example_dags/example_external_task_marker_dag.py for tasks to queue
[2021-06-11 13:55:13,539] {logging_mixin.py:104} INFO - [2021-06-11 13:55:13,539] {dagbag.py:487} INFO - Filling up the DagBag from /home/airflow/.local/lib/python3.6/site-packages/airflow/example_dags/example_external_task_marker_dag.py
[2021-06-11 13:55:13,555] {scheduler_job.py:643} INFO - DAG(s) dict_keys(['example_external_task_marker_parent', 'example_external_task_marker_child']) retrieved from /home/airflow/.local/lib/python3.6/site-packages/airflow/example_dags/example_external_task_marker_dag.py
[2021-06-11 13:55:13,584] {logging_mixin.py:104} INFO - [2021-06-11 13:55:13,584] {dag.py:1832} INFO - Sync 2 DAGs
[2021-06-11 13:55:13,598] {logging_mixin.py:104} INFO - [2021-06-11 13:55:13,598] {dag.py:2305} INFO - Setting next_dagrun for example_external_task_marker_child to None
[2021-06-11 13:55:13,601] {logging_mixin.py:104} INFO - [2021-06-11 13:55:13,600] {dag.py:2305} INFO - Setting next_dagrun for example_external_task_marker_parent to None
[2021-06-11 13:55:13,613] {scheduler_job.py:190} INFO - Processing /home/airflow/.local/lib/python3.6/site-packages/airflow/example_dags/example_external_task_marker_dag.py took 0.083 seconds
[2021-06-11 13:55:43,950] {scheduler_job.py:182} INFO - Started process (PID=346) to work on /home/airflow/.local/lib/python3.6/site-packages/airflow/example_dags/example_external_task_marker_dag.py
[2021-06-11 13:55:43,953] {scheduler_job.py:633} INFO - Processing file /home/airflow/.local/lib/python3.6/site-packages/airflow/example_dags/example_external_task_marker_dag.py for tasks to queue
[2021-06-11 13:55:43,955] {logging_mixin.py:104} INFO - [2021-06-11 13:55:43,955] {dagbag.py:487} INFO - Filling up the DagBag from /home/airflow/.local/lib/python3.6/site-packages/airflow/example_dags/example_external_task_marker_dag.py
[2021-06-11 13:55:43,970] {scheduler_job.py:643} INFO - DAG(s) dict_keys(['example_external_task_marker_parent', 'example_external_task_marker_child']) retrieved from /home/airflow/.local/lib/python3.6/site-packages/airflow/example_dags/example_external_task_marker_dag.py
[2021-06-11 13:55:44,003] {logging_mixin.py:104} INFO - [2021-06-11 13:55:44,003] {dag.py:1832} INFO - Sync 2 DAGs
[2021-06-11 13:55:44,019] {logging_mixin.py:104} INFO - [2021-06-11 13:55:44,019] {dag.py:2305} INFO - Setting next_dagrun for example_external_task_marker_child to None
[2021-06-11 13:55:44,021] {logging_mixin.py:104} INFO - [2021-06-11 13:55:44,021] {dag.py:2305} INFO - Setting next_dagrun for example_external_task_marker_parent to None
[2021-06-11 13:55:44,033] {scheduler_job.py:190} INFO - Processing /home/airflow/.local/lib/python3.6/site-packages/airflow/example_dags/example_external_task_marker_dag.py took 0.087 seconds
[2021-06-11 13:56:14,596] {scheduler_job.py:182} INFO - Started process (PID=427) to work on /home/airflow/.local/lib/python3.6/site-packages/airflow/example_dags/example_external_task_marker_dag.py
[2021-06-11 13:56:14,598] {scheduler_job.py:633} INFO - Processing file /home/airflow/.local/lib/python3.6/site-packages/airflow/example_dags/example_external_task_marker_dag.py for tasks to queue
[2021-06-11 13:56:14,599] {logging_mixin.py:104} INFO - [2021-06-11 13:56:14,599] {dagbag.py:487} INFO - Filling up the DagBag from /home/airflow/.local/lib/python3.6/site-packages/airflow/example_dags/example_external_task_marker_dag.py
[2021-06-11 13:56:14,614] {scheduler_job.py:643} INFO - DAG(s) dict_keys(['example_external_task_marker_parent', 'example_external_task_marker_child']) retrieved from /home/airflow/.local/lib/python3.6/site-packages/airflow/example_dags/example_external_task_marker_dag.py
[2021-06-11 13:56:14,908] {logging_mixin.py:104} INFO - [2021-06-11 13:56:14,908] {dag.py:1832} INFO - Sync 2 DAGs
[2021-06-11 13:56:14,918] {logging_mixin.py:104} INFO - [2021-06-11 13:56:14,918] {dag.py:2305} INFO - Setting next_dagrun for example_external_task_marker_child to None
[2021-06-11 13:56:14,919] {logging_mixin.py:104} INFO - [2021-06-11 13:56:14,919] {dag.py:2305} INFO - Setting next_dagrun for example_external_task_marker_parent to None
[2021-06-11 13:56:14,929] {scheduler_job.py:190} INFO - Processing /home/airflow/.local/lib/python3.6/site-packages/airflow/example_dags/example_external_task_marker_dag.py took 0.338 seconds
[2021-06-11 13:56:52,882] {scheduler_job.py:182} INFO - Started process (PID=41) to work on /home/airflow/.local/lib/python3.6/site-packages/airflow/example_dags/example_external_task_marker_dag.py
[2021-06-11 13:56:52,888] {scheduler_job.py:633} INFO - Processing file /home/airflow/.local/lib/python3.6/site-packages/airflow/example_dags/example_external_task_marker_dag.py for tasks to queue
[2021-06-11 13:56:52,892] {logging_mixin.py:104} INFO - [2021-06-11 13:56:52,891] {dagbag.py:487} INFO - Filling up the DagBag from /home/airflow/.local/lib/python3.6/site-packages/airflow/example_dags/example_external_task_marker_dag.py
[2021-06-11 13:56:52,918] {scheduler_job.py:643} INFO - DAG(s) dict_keys(['example_external_task_marker_parent', 'example_external_task_marker_child']) retrieved from /home/airflow/.local/lib/python3.6/site-packages/airflow/example_dags/example_external_task_marker_dag.py
[2021-06-11 13:56:53,495] {logging_mixin.py:104} INFO - [2021-06-11 13:56:53,495] {dag.py:1832} INFO - Sync 2 DAGs
[2021-06-11 13:56:53,522] {logging_mixin.py:104} INFO - [2021-06-11 13:56:53,522] {dag.py:2305} INFO - Setting next_dagrun for example_external_task_marker_child to None
[2021-06-11 13:56:53,524] {logging_mixin.py:104} INFO - [2021-06-11 13:56:53,524] {dag.py:2305} INFO - Setting next_dagrun for example_external_task_marker_parent to None
[2021-06-11 13:56:53,553] {scheduler_job.py:190} INFO - Processing /home/airflow/.local/lib/python3.6/site-packages/airflow/example_dags/example_external_task_marker_dag.py took 0.680 seconds
[2021-06-11 13:57:24,410] {scheduler_job.py:182} INFO - Started process (PID=115) to work on /home/airflow/.local/lib/python3.6/site-packages/airflow/example_dags/example_external_task_marker_dag.py
[2021-06-11 13:57:24,422] {scheduler_job.py:633} INFO - Processing file /home/airflow/.local/lib/python3.6/site-packages/airflow/example_dags/example_external_task_marker_dag.py for tasks to queue
[2021-06-11 13:57:24,426] {logging_mixin.py:104} INFO - [2021-06-11 13:57:24,426] {dagbag.py:487} INFO - Filling up the DagBag from /home/airflow/.local/lib/python3.6/site-packages/airflow/example_dags/example_external_task_marker_dag.py
[2021-06-11 13:57:24,482] {scheduler_job.py:643} INFO - DAG(s) dict_keys(['example_external_task_marker_parent', 'example_external_task_marker_child']) retrieved from /home/airflow/.local/lib/python3.6/site-packages/airflow/example_dags/example_external_task_marker_dag.py
[2021-06-11 13:57:24,987] {logging_mixin.py:104} INFO - [2021-06-11 13:57:24,987] {dag.py:1832} INFO - Sync 2 DAGs
[2021-06-11 13:57:25,029] {logging_mixin.py:104} INFO - [2021-06-11 13:57:25,029] {dag.py:2305} INFO - Setting next_dagrun for example_external_task_marker_child to None
[2021-06-11 13:57:25,032] {logging_mixin.py:104} INFO - [2021-06-11 13:57:25,032] {dag.py:2305} INFO - Setting next_dagrun for example_external_task_marker_parent to None
[2021-06-11 13:57:25,071] {scheduler_job.py:190} INFO - Processing /home/airflow/.local/lib/python3.6/site-packages/airflow/example_dags/example_external_task_marker_dag.py took 0.672 seconds
