[2021-06-11 14:02:09,227] {scheduler_job.py:182} INFO - Started process (PID=40) to work on /home/airflow/.local/lib/python3.6/site-packages/airflow/example_dags/example_branch_python_dop_operator_3.py
[2021-06-11 14:02:09,229] {scheduler_job.py:633} INFO - Processing file /home/airflow/.local/lib/python3.6/site-packages/airflow/example_dags/example_branch_python_dop_operator_3.py for tasks to queue
[2021-06-11 14:02:09,231] {logging_mixin.py:104} INFO - [2021-06-11 14:02:09,230] {dagbag.py:487} INFO - Filling up the DagBag from /home/airflow/.local/lib/python3.6/site-packages/airflow/example_dags/example_branch_python_dop_operator_3.py
[2021-06-11 14:02:09,264] {scheduler_job.py:643} INFO - DAG(s) dict_keys(['example_branch_dop_operator_v3']) retrieved from /home/airflow/.local/lib/python3.6/site-packages/airflow/example_dags/example_branch_python_dop_operator_3.py
[2021-06-11 14:02:09,306] {logging_mixin.py:104} INFO - [2021-06-11 14:02:09,306] {dag.py:1832} INFO - Sync 1 DAGs
[2021-06-11 14:02:09,378] {logging_mixin.py:104} INFO - [2021-06-11 14:02:09,377] {dag.py:2305} INFO - Setting next_dagrun for example_branch_dop_operator_v3 to 2021-06-09 00:00:00+00:00
[2021-06-11 14:02:09,421] {scheduler_job.py:190} INFO - Processing /home/airflow/.local/lib/python3.6/site-packages/airflow/example_dags/example_branch_python_dop_operator_3.py took 0.199 seconds
[2021-06-11 14:02:40,338] {scheduler_job.py:182} INFO - Started process (PID=101) to work on /home/airflow/.local/lib/python3.6/site-packages/airflow/example_dags/example_branch_python_dop_operator_3.py
[2021-06-11 14:02:40,341] {scheduler_job.py:633} INFO - Processing file /home/airflow/.local/lib/python3.6/site-packages/airflow/example_dags/example_branch_python_dop_operator_3.py for tasks to queue
[2021-06-11 14:02:40,342] {logging_mixin.py:104} INFO - [2021-06-11 14:02:40,342] {dagbag.py:487} INFO - Filling up the DagBag from /home/airflow/.local/lib/python3.6/site-packages/airflow/example_dags/example_branch_python_dop_operator_3.py
[2021-06-11 14:02:40,361] {scheduler_job.py:643} INFO - DAG(s) dict_keys(['example_branch_dop_operator_v3']) retrieved from /home/airflow/.local/lib/python3.6/site-packages/airflow/example_dags/example_branch_python_dop_operator_3.py
[2021-06-11 14:02:40,395] {logging_mixin.py:104} INFO - [2021-06-11 14:02:40,395] {dag.py:1832} INFO - Sync 1 DAGs
[2021-06-11 14:02:40,426] {logging_mixin.py:104} INFO - [2021-06-11 14:02:40,426] {dag.py:2305} INFO - Setting next_dagrun for example_branch_dop_operator_v3 to 2021-06-09 00:00:00+00:00
[2021-06-11 14:02:40,439] {scheduler_job.py:190} INFO - Processing /home/airflow/.local/lib/python3.6/site-packages/airflow/example_dags/example_branch_python_dop_operator_3.py took 0.104 seconds
[2021-06-11 14:03:11,090] {scheduler_job.py:182} INFO - Started process (PID=163) to work on /home/airflow/.local/lib/python3.6/site-packages/airflow/example_dags/example_branch_python_dop_operator_3.py
[2021-06-11 14:03:11,092] {scheduler_job.py:633} INFO - Processing file /home/airflow/.local/lib/python3.6/site-packages/airflow/example_dags/example_branch_python_dop_operator_3.py for tasks to queue
[2021-06-11 14:03:11,094] {logging_mixin.py:104} INFO - [2021-06-11 14:03:11,094] {dagbag.py:487} INFO - Filling up the DagBag from /home/airflow/.local/lib/python3.6/site-packages/airflow/example_dags/example_branch_python_dop_operator_3.py
[2021-06-11 14:03:11,117] {scheduler_job.py:643} INFO - DAG(s) dict_keys(['example_branch_dop_operator_v3']) retrieved from /home/airflow/.local/lib/python3.6/site-packages/airflow/example_dags/example_branch_python_dop_operator_3.py
[2021-06-11 14:03:11,153] {logging_mixin.py:104} INFO - [2021-06-11 14:03:11,153] {dag.py:1832} INFO - Sync 1 DAGs
[2021-06-11 14:03:11,199] {logging_mixin.py:104} INFO - [2021-06-11 14:03:11,199] {dag.py:2305} INFO - Setting next_dagrun for example_branch_dop_operator_v3 to 2021-06-09 00:00:00+00:00
[2021-06-11 14:03:11,215] {scheduler_job.py:190} INFO - Processing /home/airflow/.local/lib/python3.6/site-packages/airflow/example_dags/example_branch_python_dop_operator_3.py took 0.129 seconds
