[2021-06-11 14:02:09,585] {scheduler_job.py:182} INFO - Started process (PID=44) to work on /home/airflow/.local/lib/python3.6/site-packages/airflow/example_dags/example_latest_only_with_trigger.py
[2021-06-11 14:02:09,589] {scheduler_job.py:633} INFO - Processing file /home/airflow/.local/lib/python3.6/site-packages/airflow/example_dags/example_latest_only_with_trigger.py for tasks to queue
[2021-06-11 14:02:09,593] {logging_mixin.py:104} INFO - [2021-06-11 14:02:09,592] {dagbag.py:487} INFO - Filling up the DagBag from /home/airflow/.local/lib/python3.6/site-packages/airflow/example_dags/example_latest_only_with_trigger.py
[2021-06-11 14:02:09,612] {scheduler_job.py:643} INFO - DAG(s) dict_keys(['latest_only_with_trigger']) retrieved from /home/airflow/.local/lib/python3.6/site-packages/airflow/example_dags/example_latest_only_with_trigger.py
[2021-06-11 14:02:09,640] {logging_mixin.py:104} INFO - [2021-06-11 14:02:09,640] {dag.py:1832} INFO - Sync 1 DAGs
[2021-06-11 14:02:09,664] {logging_mixin.py:104} INFO - [2021-06-11 14:02:09,664] {dag.py:2305} INFO - Setting next_dagrun for latest_only_with_trigger to 2021-06-09 00:00:00+00:00
[2021-06-11 14:02:09,714] {scheduler_job.py:190} INFO - Processing /home/airflow/.local/lib/python3.6/site-packages/airflow/example_dags/example_latest_only_with_trigger.py took 0.136 seconds
[2021-06-11 14:02:40,629] {scheduler_job.py:182} INFO - Started process (PID=104) to work on /home/airflow/.local/lib/python3.6/site-packages/airflow/example_dags/example_latest_only_with_trigger.py
[2021-06-11 14:02:40,634] {scheduler_job.py:633} INFO - Processing file /home/airflow/.local/lib/python3.6/site-packages/airflow/example_dags/example_latest_only_with_trigger.py for tasks to queue
[2021-06-11 14:02:40,637] {logging_mixin.py:104} INFO - [2021-06-11 14:02:40,637] {dagbag.py:487} INFO - Filling up the DagBag from /home/airflow/.local/lib/python3.6/site-packages/airflow/example_dags/example_latest_only_with_trigger.py
[2021-06-11 14:02:40,656] {scheduler_job.py:643} INFO - DAG(s) dict_keys(['latest_only_with_trigger']) retrieved from /home/airflow/.local/lib/python3.6/site-packages/airflow/example_dags/example_latest_only_with_trigger.py
[2021-06-11 14:02:40,699] {logging_mixin.py:104} INFO - [2021-06-11 14:02:40,699] {dag.py:1832} INFO - Sync 1 DAGs
[2021-06-11 14:02:40,724] {logging_mixin.py:104} INFO - [2021-06-11 14:02:40,724] {dag.py:2305} INFO - Setting next_dagrun for latest_only_with_trigger to 2021-06-09 00:00:00+00:00
[2021-06-11 14:02:40,739] {scheduler_job.py:190} INFO - Processing /home/airflow/.local/lib/python3.6/site-packages/airflow/example_dags/example_latest_only_with_trigger.py took 0.118 seconds
[2021-06-11 14:03:11,639] {scheduler_job.py:182} INFO - Started process (PID=167) to work on /home/airflow/.local/lib/python3.6/site-packages/airflow/example_dags/example_latest_only_with_trigger.py
[2021-06-11 14:03:11,641] {scheduler_job.py:633} INFO - Processing file /home/airflow/.local/lib/python3.6/site-packages/airflow/example_dags/example_latest_only_with_trigger.py for tasks to queue
[2021-06-11 14:03:11,642] {logging_mixin.py:104} INFO - [2021-06-11 14:03:11,642] {dagbag.py:487} INFO - Filling up the DagBag from /home/airflow/.local/lib/python3.6/site-packages/airflow/example_dags/example_latest_only_with_trigger.py
[2021-06-11 14:03:11,665] {scheduler_job.py:643} INFO - DAG(s) dict_keys(['latest_only_with_trigger']) retrieved from /home/airflow/.local/lib/python3.6/site-packages/airflow/example_dags/example_latest_only_with_trigger.py
[2021-06-11 14:03:11,694] {logging_mixin.py:104} INFO - [2021-06-11 14:03:11,694] {dag.py:1832} INFO - Sync 1 DAGs
[2021-06-11 14:03:11,722] {logging_mixin.py:104} INFO - [2021-06-11 14:03:11,722] {dag.py:2305} INFO - Setting next_dagrun for latest_only_with_trigger to 2021-06-09 00:00:00+00:00
[2021-06-11 14:03:11,740] {scheduler_job.py:190} INFO - Processing /home/airflow/.local/lib/python3.6/site-packages/airflow/example_dags/example_latest_only_with_trigger.py took 0.105 seconds
