[2021-06-11 13:53:16,141] {scheduler_job.py:182} INFO - Started process (PID=110) to work on /home/airflow/.local/lib/python3.6/site-packages/airflow/example_dags/example_bash_operator.py
[2021-06-11 13:53:16,145] {scheduler_job.py:633} INFO - Processing file /home/airflow/.local/lib/python3.6/site-packages/airflow/example_dags/example_bash_operator.py for tasks to queue
[2021-06-11 13:53:16,149] {logging_mixin.py:104} INFO - [2021-06-11 13:53:16,148] {dagbag.py:487} INFO - Filling up the DagBag from /home/airflow/.local/lib/python3.6/site-packages/airflow/example_dags/example_bash_operator.py
[2021-06-11 13:53:16,201] {scheduler_job.py:643} INFO - DAG(s) dict_keys(['example_bash_operator']) retrieved from /home/airflow/.local/lib/python3.6/site-packages/airflow/example_dags/example_bash_operator.py
[2021-06-11 13:54:12,796] {scheduler_job.py:182} INFO - Started process (PID=154) to work on /home/airflow/.local/lib/python3.6/site-packages/airflow/example_dags/example_bash_operator.py
[2021-06-11 13:54:12,800] {scheduler_job.py:633} INFO - Processing file /home/airflow/.local/lib/python3.6/site-packages/airflow/example_dags/example_bash_operator.py for tasks to queue
[2021-06-11 13:54:12,802] {logging_mixin.py:104} INFO - [2021-06-11 13:54:12,802] {dagbag.py:487} INFO - Filling up the DagBag from /home/airflow/.local/lib/python3.6/site-packages/airflow/example_dags/example_bash_operator.py
[2021-06-11 13:54:12,845] {scheduler_job.py:643} INFO - DAG(s) dict_keys(['example_bash_operator']) retrieved from /home/airflow/.local/lib/python3.6/site-packages/airflow/example_dags/example_bash_operator.py
[2021-06-11 13:54:15,029] {logging_mixin.py:104} INFO - [2021-06-11 13:54:15,028] {dag.py:1832} INFO - Sync 1 DAGs
[2021-06-11 13:54:15,038] {logging_mixin.py:104} INFO - [2021-06-11 13:54:15,037] {dag.py:1851} INFO - Creating ORM DAG for example_bash_operator
[2021-06-11 13:54:15,047] {logging_mixin.py:104} INFO - [2021-06-11 13:54:15,047] {dag.py:2305} INFO - Setting next_dagrun for example_bash_operator to 2021-06-09 00:00:00+00:00
[2021-06-11 13:54:15,062] {scheduler_job.py:190} INFO - Processing /home/airflow/.local/lib/python3.6/site-packages/airflow/example_dags/example_bash_operator.py took 2.273 seconds
[2021-06-11 13:54:45,120] {scheduler_job.py:182} INFO - Started process (PID=212) to work on /home/airflow/.local/lib/python3.6/site-packages/airflow/example_dags/example_bash_operator.py
[2021-06-11 13:54:45,122] {scheduler_job.py:633} INFO - Processing file /home/airflow/.local/lib/python3.6/site-packages/airflow/example_dags/example_bash_operator.py for tasks to queue
[2021-06-11 13:54:45,123] {logging_mixin.py:104} INFO - [2021-06-11 13:54:45,123] {dagbag.py:487} INFO - Filling up the DagBag from /home/airflow/.local/lib/python3.6/site-packages/airflow/example_dags/example_bash_operator.py
[2021-06-11 13:54:45,139] {scheduler_job.py:643} INFO - DAG(s) dict_keys(['example_bash_operator']) retrieved from /home/airflow/.local/lib/python3.6/site-packages/airflow/example_dags/example_bash_operator.py
[2021-06-11 13:54:45,161] {logging_mixin.py:104} INFO - [2021-06-11 13:54:45,161] {dag.py:1832} INFO - Sync 1 DAGs
[2021-06-11 13:54:45,175] {logging_mixin.py:104} INFO - [2021-06-11 13:54:45,175] {dag.py:2305} INFO - Setting next_dagrun for example_bash_operator to 2021-06-09 00:00:00+00:00
[2021-06-11 13:54:45,192] {scheduler_job.py:190} INFO - Processing /home/airflow/.local/lib/python3.6/site-packages/airflow/example_dags/example_bash_operator.py took 0.075 seconds
[2021-06-11 13:55:16,010] {scheduler_job.py:182} INFO - Started process (PID=290) to work on /home/airflow/.local/lib/python3.6/site-packages/airflow/example_dags/example_bash_operator.py
[2021-06-11 13:55:16,011] {scheduler_job.py:633} INFO - Processing file /home/airflow/.local/lib/python3.6/site-packages/airflow/example_dags/example_bash_operator.py for tasks to queue
[2021-06-11 13:55:16,013] {logging_mixin.py:104} INFO - [2021-06-11 13:55:16,012] {dagbag.py:487} INFO - Filling up the DagBag from /home/airflow/.local/lib/python3.6/site-packages/airflow/example_dags/example_bash_operator.py
[2021-06-11 13:55:16,030] {scheduler_job.py:643} INFO - DAG(s) dict_keys(['example_bash_operator']) retrieved from /home/airflow/.local/lib/python3.6/site-packages/airflow/example_dags/example_bash_operator.py
[2021-06-11 13:55:16,056] {logging_mixin.py:104} INFO - [2021-06-11 13:55:16,056] {dag.py:1832} INFO - Sync 1 DAGs
[2021-06-11 13:55:16,073] {logging_mixin.py:104} INFO - [2021-06-11 13:55:16,073] {dag.py:2305} INFO - Setting next_dagrun for example_bash_operator to 2021-06-09 00:00:00+00:00
[2021-06-11 13:55:16,085] {scheduler_job.py:190} INFO - Processing /home/airflow/.local/lib/python3.6/site-packages/airflow/example_dags/example_bash_operator.py took 0.079 seconds
[2021-06-11 13:55:46,343] {scheduler_job.py:182} INFO - Started process (PID=364) to work on /home/airflow/.local/lib/python3.6/site-packages/airflow/example_dags/example_bash_operator.py
[2021-06-11 13:55:46,345] {scheduler_job.py:633} INFO - Processing file /home/airflow/.local/lib/python3.6/site-packages/airflow/example_dags/example_bash_operator.py for tasks to queue
[2021-06-11 13:55:46,347] {logging_mixin.py:104} INFO - [2021-06-11 13:55:46,347] {dagbag.py:487} INFO - Filling up the DagBag from /home/airflow/.local/lib/python3.6/site-packages/airflow/example_dags/example_bash_operator.py
[2021-06-11 13:55:46,361] {scheduler_job.py:643} INFO - DAG(s) dict_keys(['example_bash_operator']) retrieved from /home/airflow/.local/lib/python3.6/site-packages/airflow/example_dags/example_bash_operator.py
[2021-06-11 13:55:46,385] {logging_mixin.py:104} INFO - [2021-06-11 13:55:46,385] {dag.py:1832} INFO - Sync 1 DAGs
[2021-06-11 13:55:46,400] {logging_mixin.py:104} INFO - [2021-06-11 13:55:46,400] {dag.py:2305} INFO - Setting next_dagrun for example_bash_operator to 2021-06-09 00:00:00+00:00
[2021-06-11 13:55:46,411] {scheduler_job.py:190} INFO - Processing /home/airflow/.local/lib/python3.6/site-packages/airflow/example_dags/example_bash_operator.py took 0.071 seconds
[2021-06-11 13:56:17,071] {scheduler_job.py:182} INFO - Started process (PID=434) to work on /home/airflow/.local/lib/python3.6/site-packages/airflow/example_dags/example_bash_operator.py
[2021-06-11 13:56:17,073] {scheduler_job.py:633} INFO - Processing file /home/airflow/.local/lib/python3.6/site-packages/airflow/example_dags/example_bash_operator.py for tasks to queue
[2021-06-11 13:56:17,074] {logging_mixin.py:104} INFO - [2021-06-11 13:56:17,074] {dagbag.py:487} INFO - Filling up the DagBag from /home/airflow/.local/lib/python3.6/site-packages/airflow/example_dags/example_bash_operator.py
[2021-06-11 13:56:17,090] {scheduler_job.py:643} INFO - DAG(s) dict_keys(['example_bash_operator']) retrieved from /home/airflow/.local/lib/python3.6/site-packages/airflow/example_dags/example_bash_operator.py
[2021-06-11 13:56:17,111] {logging_mixin.py:104} INFO - [2021-06-11 13:56:17,111] {dag.py:1832} INFO - Sync 1 DAGs
[2021-06-11 13:56:17,124] {logging_mixin.py:104} INFO - [2021-06-11 13:56:17,124] {dag.py:2305} INFO - Setting next_dagrun for example_bash_operator to 2021-06-09 00:00:00+00:00
[2021-06-11 13:56:17,134] {scheduler_job.py:190} INFO - Processing /home/airflow/.local/lib/python3.6/site-packages/airflow/example_dags/example_bash_operator.py took 0.066 seconds
[2021-06-11 13:56:53,928] {scheduler_job.py:182} INFO - Started process (PID=48) to work on /home/airflow/.local/lib/python3.6/site-packages/airflow/example_dags/example_bash_operator.py
[2021-06-11 13:56:53,933] {scheduler_job.py:633} INFO - Processing file /home/airflow/.local/lib/python3.6/site-packages/airflow/example_dags/example_bash_operator.py for tasks to queue
[2021-06-11 13:56:53,935] {logging_mixin.py:104} INFO - [2021-06-11 13:56:53,935] {dagbag.py:487} INFO - Filling up the DagBag from /home/airflow/.local/lib/python3.6/site-packages/airflow/example_dags/example_bash_operator.py
[2021-06-11 13:56:53,979] {scheduler_job.py:643} INFO - DAG(s) dict_keys(['example_bash_operator']) retrieved from /home/airflow/.local/lib/python3.6/site-packages/airflow/example_dags/example_bash_operator.py
[2021-06-11 13:56:54,071] {logging_mixin.py:104} INFO - [2021-06-11 13:56:54,071] {dag.py:1832} INFO - Sync 1 DAGs
[2021-06-11 13:56:54,100] {logging_mixin.py:104} INFO - [2021-06-11 13:56:54,099] {dag.py:2305} INFO - Setting next_dagrun for example_bash_operator to 2021-06-09 00:00:00+00:00
[2021-06-11 13:56:54,124] {scheduler_job.py:190} INFO - Processing /home/airflow/.local/lib/python3.6/site-packages/airflow/example_dags/example_bash_operator.py took 0.202 seconds
[2021-06-11 13:57:25,294] {scheduler_job.py:182} INFO - Started process (PID=126) to work on /home/airflow/.local/lib/python3.6/site-packages/airflow/example_dags/example_bash_operator.py
[2021-06-11 13:57:25,296] {scheduler_job.py:633} INFO - Processing file /home/airflow/.local/lib/python3.6/site-packages/airflow/example_dags/example_bash_operator.py for tasks to queue
[2021-06-11 13:57:25,300] {logging_mixin.py:104} INFO - [2021-06-11 13:57:25,300] {dagbag.py:487} INFO - Filling up the DagBag from /home/airflow/.local/lib/python3.6/site-packages/airflow/example_dags/example_bash_operator.py
[2021-06-11 13:57:25,346] {scheduler_job.py:643} INFO - DAG(s) dict_keys(['example_bash_operator']) retrieved from /home/airflow/.local/lib/python3.6/site-packages/airflow/example_dags/example_bash_operator.py
[2021-06-11 13:57:25,392] {logging_mixin.py:104} INFO - [2021-06-11 13:57:25,392] {dag.py:1832} INFO - Sync 1 DAGs
[2021-06-11 13:57:25,424] {logging_mixin.py:104} INFO - [2021-06-11 13:57:25,424] {dag.py:2305} INFO - Setting next_dagrun for example_bash_operator to 2021-06-09 00:00:00+00:00
[2021-06-11 13:57:25,442] {scheduler_job.py:190} INFO - Processing /home/airflow/.local/lib/python3.6/site-packages/airflow/example_dags/example_bash_operator.py took 0.152 seconds
