[2021-06-11 13:54:15,127] {scheduler_job.py:182} INFO - Started process (PID=158) to work on /home/airflow/.local/lib/python3.6/site-packages/airflow/example_dags/example_xcomargs.py
[2021-06-11 13:54:15,129] {scheduler_job.py:633} INFO - Processing file /home/airflow/.local/lib/python3.6/site-packages/airflow/example_dags/example_xcomargs.py for tasks to queue
[2021-06-11 13:54:15,130] {logging_mixin.py:104} INFO - [2021-06-11 13:54:15,130] {dagbag.py:487} INFO - Filling up the DagBag from /home/airflow/.local/lib/python3.6/site-packages/airflow/example_dags/example_xcomargs.py
[2021-06-11 13:54:15,159] {scheduler_job.py:643} INFO - DAG(s) dict_keys(['example_xcom_args', 'example_xcom_args_with_operators']) retrieved from /home/airflow/.local/lib/python3.6/site-packages/airflow/example_dags/example_xcomargs.py
[2021-06-11 13:54:17,243] {logging_mixin.py:104} INFO - [2021-06-11 13:54:17,243] {dag.py:1832} INFO - Sync 2 DAGs
[2021-06-11 13:54:17,253] {logging_mixin.py:104} INFO - [2021-06-11 13:54:17,252] {dag.py:1851} INFO - Creating ORM DAG for example_xcom_args_with_operators
[2021-06-11 13:54:17,254] {logging_mixin.py:104} INFO - [2021-06-11 13:54:17,254] {dag.py:1851} INFO - Creating ORM DAG for example_xcom_args
[2021-06-11 13:54:17,259] {logging_mixin.py:104} INFO - [2021-06-11 13:54:17,259] {dag.py:2305} INFO - Setting next_dagrun for example_xcom_args to None
[2021-06-11 13:54:17,260] {logging_mixin.py:104} INFO - [2021-06-11 13:54:17,260] {dag.py:2305} INFO - Setting next_dagrun for example_xcom_args_with_operators to None
[2021-06-11 13:54:17,271] {scheduler_job.py:190} INFO - Processing /home/airflow/.local/lib/python3.6/site-packages/airflow/example_dags/example_xcomargs.py took 2.149 seconds
[2021-06-11 13:54:47,724] {scheduler_job.py:182} INFO - Started process (PID=229) to work on /home/airflow/.local/lib/python3.6/site-packages/airflow/example_dags/example_xcomargs.py
[2021-06-11 13:54:47,726] {scheduler_job.py:633} INFO - Processing file /home/airflow/.local/lib/python3.6/site-packages/airflow/example_dags/example_xcomargs.py for tasks to queue
[2021-06-11 13:54:47,728] {logging_mixin.py:104} INFO - [2021-06-11 13:54:47,728] {dagbag.py:487} INFO - Filling up the DagBag from /home/airflow/.local/lib/python3.6/site-packages/airflow/example_dags/example_xcomargs.py
[2021-06-11 13:54:47,788] {scheduler_job.py:643} INFO - DAG(s) dict_keys(['example_xcom_args', 'example_xcom_args_with_operators']) retrieved from /home/airflow/.local/lib/python3.6/site-packages/airflow/example_dags/example_xcomargs.py
[2021-06-11 13:54:48,135] {logging_mixin.py:104} INFO - [2021-06-11 13:54:48,135] {dag.py:1832} INFO - Sync 2 DAGs
[2021-06-11 13:54:48,146] {logging_mixin.py:104} INFO - [2021-06-11 13:54:48,146] {dag.py:2305} INFO - Setting next_dagrun for example_xcom_args to None
[2021-06-11 13:54:48,148] {logging_mixin.py:104} INFO - [2021-06-11 13:54:48,148] {dag.py:2305} INFO - Setting next_dagrun for example_xcom_args_with_operators to None
[2021-06-11 13:54:48,159] {scheduler_job.py:190} INFO - Processing /home/airflow/.local/lib/python3.6/site-packages/airflow/example_dags/example_xcomargs.py took 0.440 seconds
[2021-06-11 13:55:18,486] {scheduler_job.py:182} INFO - Started process (PID=292) to work on /home/airflow/.local/lib/python3.6/site-packages/airflow/example_dags/example_xcomargs.py
[2021-06-11 13:55:18,489] {scheduler_job.py:633} INFO - Processing file /home/airflow/.local/lib/python3.6/site-packages/airflow/example_dags/example_xcomargs.py for tasks to queue
[2021-06-11 13:55:18,492] {logging_mixin.py:104} INFO - [2021-06-11 13:55:18,492] {dagbag.py:487} INFO - Filling up the DagBag from /home/airflow/.local/lib/python3.6/site-packages/airflow/example_dags/example_xcomargs.py
[2021-06-11 13:55:18,528] {scheduler_job.py:643} INFO - DAG(s) dict_keys(['example_xcom_args', 'example_xcom_args_with_operators']) retrieved from /home/airflow/.local/lib/python3.6/site-packages/airflow/example_dags/example_xcomargs.py
[2021-06-11 13:55:18,887] {logging_mixin.py:104} INFO - [2021-06-11 13:55:18,887] {dag.py:1832} INFO - Sync 2 DAGs
[2021-06-11 13:55:18,903] {logging_mixin.py:104} INFO - [2021-06-11 13:55:18,903] {dag.py:2305} INFO - Setting next_dagrun for example_xcom_args to None
[2021-06-11 13:55:18,905] {logging_mixin.py:104} INFO - [2021-06-11 13:55:18,905] {dag.py:2305} INFO - Setting next_dagrun for example_xcom_args_with_operators to None
[2021-06-11 13:55:18,921] {scheduler_job.py:190} INFO - Processing /home/airflow/.local/lib/python3.6/site-packages/airflow/example_dags/example_xcomargs.py took 0.440 seconds
[2021-06-11 13:55:49,440] {scheduler_job.py:182} INFO - Started process (PID=371) to work on /home/airflow/.local/lib/python3.6/site-packages/airflow/example_dags/example_xcomargs.py
[2021-06-11 13:55:49,442] {scheduler_job.py:633} INFO - Processing file /home/airflow/.local/lib/python3.6/site-packages/airflow/example_dags/example_xcomargs.py for tasks to queue
[2021-06-11 13:55:49,444] {logging_mixin.py:104} INFO - [2021-06-11 13:55:49,444] {dagbag.py:487} INFO - Filling up the DagBag from /home/airflow/.local/lib/python3.6/site-packages/airflow/example_dags/example_xcomargs.py
[2021-06-11 13:55:49,463] {scheduler_job.py:643} INFO - DAG(s) dict_keys(['example_xcom_args', 'example_xcom_args_with_operators']) retrieved from /home/airflow/.local/lib/python3.6/site-packages/airflow/example_dags/example_xcomargs.py
[2021-06-11 13:55:49,732] {logging_mixin.py:104} INFO - [2021-06-11 13:55:49,731] {dag.py:1832} INFO - Sync 2 DAGs
[2021-06-11 13:55:49,747] {logging_mixin.py:104} INFO - [2021-06-11 13:55:49,747] {dag.py:2305} INFO - Setting next_dagrun for example_xcom_args to None
[2021-06-11 13:55:49,750] {logging_mixin.py:104} INFO - [2021-06-11 13:55:49,750] {dag.py:2305} INFO - Setting next_dagrun for example_xcom_args_with_operators to None
[2021-06-11 13:55:49,760] {scheduler_job.py:190} INFO - Processing /home/airflow/.local/lib/python3.6/site-packages/airflow/example_dags/example_xcomargs.py took 0.325 seconds
[2021-06-11 13:56:20,181] {scheduler_job.py:182} INFO - Started process (PID=436) to work on /home/airflow/.local/lib/python3.6/site-packages/airflow/example_dags/example_xcomargs.py
[2021-06-11 13:56:20,184] {scheduler_job.py:633} INFO - Processing file /home/airflow/.local/lib/python3.6/site-packages/airflow/example_dags/example_xcomargs.py for tasks to queue
[2021-06-11 13:56:20,187] {logging_mixin.py:104} INFO - [2021-06-11 13:56:20,186] {dagbag.py:487} INFO - Filling up the DagBag from /home/airflow/.local/lib/python3.6/site-packages/airflow/example_dags/example_xcomargs.py
[2021-06-11 13:56:20,216] {scheduler_job.py:643} INFO - DAG(s) dict_keys(['example_xcom_args', 'example_xcom_args_with_operators']) retrieved from /home/airflow/.local/lib/python3.6/site-packages/airflow/example_dags/example_xcomargs.py
[2021-06-11 13:56:20,539] {logging_mixin.py:104} INFO - [2021-06-11 13:56:20,539] {dag.py:1832} INFO - Sync 2 DAGs
[2021-06-11 13:56:20,550] {logging_mixin.py:104} INFO - [2021-06-11 13:56:20,550] {dag.py:2305} INFO - Setting next_dagrun for example_xcom_args to None
[2021-06-11 13:56:20,552] {logging_mixin.py:104} INFO - [2021-06-11 13:56:20,552] {dag.py:2305} INFO - Setting next_dagrun for example_xcom_args_with_operators to None
[2021-06-11 13:56:20,569] {scheduler_job.py:190} INFO - Processing /home/airflow/.local/lib/python3.6/site-packages/airflow/example_dags/example_xcomargs.py took 0.391 seconds
[2021-06-11 13:56:54,180] {scheduler_job.py:182} INFO - Started process (PID=50) to work on /home/airflow/.local/lib/python3.6/site-packages/airflow/example_dags/example_xcomargs.py
[2021-06-11 13:56:54,184] {scheduler_job.py:633} INFO - Processing file /home/airflow/.local/lib/python3.6/site-packages/airflow/example_dags/example_xcomargs.py for tasks to queue
[2021-06-11 13:56:54,186] {logging_mixin.py:104} INFO - [2021-06-11 13:56:54,186] {dagbag.py:487} INFO - Filling up the DagBag from /home/airflow/.local/lib/python3.6/site-packages/airflow/example_dags/example_xcomargs.py
[2021-06-11 13:56:54,223] {scheduler_job.py:643} INFO - DAG(s) dict_keys(['example_xcom_args', 'example_xcom_args_with_operators']) retrieved from /home/airflow/.local/lib/python3.6/site-packages/airflow/example_dags/example_xcomargs.py
[2021-06-11 13:56:54,483] {logging_mixin.py:104} INFO - [2021-06-11 13:56:54,482] {dag.py:1832} INFO - Sync 2 DAGs
[2021-06-11 13:56:54,512] {logging_mixin.py:104} INFO - [2021-06-11 13:56:54,512] {dag.py:2305} INFO - Setting next_dagrun for example_xcom_args to None
[2021-06-11 13:56:54,516] {logging_mixin.py:104} INFO - [2021-06-11 13:56:54,516] {dag.py:2305} INFO - Setting next_dagrun for example_xcom_args_with_operators to None
[2021-06-11 13:56:54,559] {scheduler_job.py:190} INFO - Processing /home/airflow/.local/lib/python3.6/site-packages/airflow/example_dags/example_xcomargs.py took 0.385 seconds
[2021-06-11 13:57:25,494] {scheduler_job.py:182} INFO - Started process (PID=128) to work on /home/airflow/.local/lib/python3.6/site-packages/airflow/example_dags/example_xcomargs.py
[2021-06-11 13:57:25,502] {scheduler_job.py:633} INFO - Processing file /home/airflow/.local/lib/python3.6/site-packages/airflow/example_dags/example_xcomargs.py for tasks to queue
[2021-06-11 13:57:25,505] {logging_mixin.py:104} INFO - [2021-06-11 13:57:25,505] {dagbag.py:487} INFO - Filling up the DagBag from /home/airflow/.local/lib/python3.6/site-packages/airflow/example_dags/example_xcomargs.py
[2021-06-11 13:57:25,568] {scheduler_job.py:643} INFO - DAG(s) dict_keys(['example_xcom_args', 'example_xcom_args_with_operators']) retrieved from /home/airflow/.local/lib/python3.6/site-packages/airflow/example_dags/example_xcomargs.py
[2021-06-11 13:57:26,991] {logging_mixin.py:104} INFO - [2021-06-11 13:57:26,990] {process_utils.py:207} INFO - Waiting up to 5 seconds for processes to exit...
