[2021-06-11 14:02:09,803] {scheduler_job.py:182} INFO - Started process (PID=45) to work on /home/airflow/.local/lib/python3.6/site-packages/airflow/example_dags/example_task_group.py
[2021-06-11 14:02:09,806] {scheduler_job.py:633} INFO - Processing file /home/airflow/.local/lib/python3.6/site-packages/airflow/example_dags/example_task_group.py for tasks to queue
[2021-06-11 14:02:09,809] {logging_mixin.py:104} INFO - [2021-06-11 14:02:09,808] {dagbag.py:487} INFO - Filling up the DagBag from /home/airflow/.local/lib/python3.6/site-packages/airflow/example_dags/example_task_group.py
[2021-06-11 14:02:09,843] {scheduler_job.py:643} INFO - DAG(s) dict_keys(['example_task_group']) retrieved from /home/airflow/.local/lib/python3.6/site-packages/airflow/example_dags/example_task_group.py
[2021-06-11 14:02:10,465] {logging_mixin.py:104} INFO - [2021-06-11 14:02:10,465] {dag.py:1832} INFO - Sync 1 DAGs
[2021-06-11 14:02:10,523] {logging_mixin.py:104} INFO - [2021-06-11 14:02:10,523] {dag.py:2305} INFO - Setting next_dagrun for example_task_group to 2021-06-09 00:00:00+00:00
[2021-06-11 14:02:10,589] {scheduler_job.py:190} INFO - Processing /home/airflow/.local/lib/python3.6/site-packages/airflow/example_dags/example_task_group.py took 0.791 seconds
[2021-06-11 14:02:40,772] {scheduler_job.py:182} INFO - Started process (PID=106) to work on /home/airflow/.local/lib/python3.6/site-packages/airflow/example_dags/example_task_group.py
[2021-06-11 14:02:40,775] {scheduler_job.py:633} INFO - Processing file /home/airflow/.local/lib/python3.6/site-packages/airflow/example_dags/example_task_group.py for tasks to queue
[2021-06-11 14:02:40,777] {logging_mixin.py:104} INFO - [2021-06-11 14:02:40,777] {dagbag.py:487} INFO - Filling up the DagBag from /home/airflow/.local/lib/python3.6/site-packages/airflow/example_dags/example_task_group.py
[2021-06-11 14:02:40,822] {scheduler_job.py:643} INFO - DAG(s) dict_keys(['example_task_group']) retrieved from /home/airflow/.local/lib/python3.6/site-packages/airflow/example_dags/example_task_group.py
[2021-06-11 14:02:40,863] {logging_mixin.py:104} INFO - [2021-06-11 14:02:40,862] {dag.py:1832} INFO - Sync 1 DAGs
[2021-06-11 14:02:40,892] {logging_mixin.py:104} INFO - [2021-06-11 14:02:40,892] {dag.py:2305} INFO - Setting next_dagrun for example_task_group to 2021-06-09 00:00:00+00:00
[2021-06-11 14:02:40,914] {scheduler_job.py:190} INFO - Processing /home/airflow/.local/lib/python3.6/site-packages/airflow/example_dags/example_task_group.py took 0.149 seconds
[2021-06-11 14:03:11,787] {scheduler_job.py:182} INFO - Started process (PID=168) to work on /home/airflow/.local/lib/python3.6/site-packages/airflow/example_dags/example_task_group.py
[2021-06-11 14:03:11,790] {scheduler_job.py:633} INFO - Processing file /home/airflow/.local/lib/python3.6/site-packages/airflow/example_dags/example_task_group.py for tasks to queue
[2021-06-11 14:03:11,793] {logging_mixin.py:104} INFO - [2021-06-11 14:03:11,792] {dagbag.py:487} INFO - Filling up the DagBag from /home/airflow/.local/lib/python3.6/site-packages/airflow/example_dags/example_task_group.py
[2021-06-11 14:03:11,815] {scheduler_job.py:643} INFO - DAG(s) dict_keys(['example_task_group']) retrieved from /home/airflow/.local/lib/python3.6/site-packages/airflow/example_dags/example_task_group.py
[2021-06-11 14:03:11,844] {logging_mixin.py:104} INFO - [2021-06-11 14:03:11,844] {dag.py:1832} INFO - Sync 1 DAGs
[2021-06-11 14:03:11,870] {logging_mixin.py:104} INFO - [2021-06-11 14:03:11,870] {dag.py:2305} INFO - Setting next_dagrun for example_task_group to 2021-06-09 00:00:00+00:00
[2021-06-11 14:03:11,893] {scheduler_job.py:190} INFO - Processing /home/airflow/.local/lib/python3.6/site-packages/airflow/example_dags/example_task_group.py took 0.111 seconds
