[2021-06-11 13:54:17,322] {scheduler_job.py:182} INFO - Started process (PID=162) to work on /home/airflow/.local/lib/python3.6/site-packages/airflow/example_dags/example_trigger_target_dag.py
[2021-06-11 13:54:17,324] {scheduler_job.py:633} INFO - Processing file /home/airflow/.local/lib/python3.6/site-packages/airflow/example_dags/example_trigger_target_dag.py for tasks to queue
[2021-06-11 13:54:17,326] {logging_mixin.py:104} INFO - [2021-06-11 13:54:17,326] {dagbag.py:487} INFO - Filling up the DagBag from /home/airflow/.local/lib/python3.6/site-packages/airflow/example_dags/example_trigger_target_dag.py
[2021-06-11 13:54:17,348] {scheduler_job.py:643} INFO - DAG(s) dict_keys(['example_trigger_target_dag']) retrieved from /home/airflow/.local/lib/python3.6/site-packages/airflow/example_dags/example_trigger_target_dag.py
[2021-06-11 13:54:19,678] {logging_mixin.py:104} INFO - [2021-06-11 13:54:19,678] {dag.py:1832} INFO - Sync 1 DAGs
[2021-06-11 13:54:19,690] {logging_mixin.py:104} INFO - [2021-06-11 13:54:19,689] {dag.py:1851} INFO - Creating ORM DAG for example_trigger_target_dag
[2021-06-11 13:54:19,695] {logging_mixin.py:104} INFO - [2021-06-11 13:54:19,695] {dag.py:2305} INFO - Setting next_dagrun for example_trigger_target_dag to None
[2021-06-11 13:54:19,707] {scheduler_job.py:190} INFO - Processing /home/airflow/.local/lib/python3.6/site-packages/airflow/example_dags/example_trigger_target_dag.py took 2.389 seconds
[2021-06-11 13:54:50,199] {scheduler_job.py:182} INFO - Started process (PID=231) to work on /home/airflow/.local/lib/python3.6/site-packages/airflow/example_dags/example_trigger_target_dag.py
[2021-06-11 13:54:50,201] {scheduler_job.py:633} INFO - Processing file /home/airflow/.local/lib/python3.6/site-packages/airflow/example_dags/example_trigger_target_dag.py for tasks to queue
[2021-06-11 13:54:50,203] {logging_mixin.py:104} INFO - [2021-06-11 13:54:50,202] {dagbag.py:487} INFO - Filling up the DagBag from /home/airflow/.local/lib/python3.6/site-packages/airflow/example_dags/example_trigger_target_dag.py
[2021-06-11 13:54:50,220] {scheduler_job.py:643} INFO - DAG(s) dict_keys(['example_trigger_target_dag']) retrieved from /home/airflow/.local/lib/python3.6/site-packages/airflow/example_dags/example_trigger_target_dag.py
[2021-06-11 13:54:50,249] {logging_mixin.py:104} INFO - [2021-06-11 13:54:50,249] {dag.py:1832} INFO - Sync 1 DAGs
[2021-06-11 13:54:50,262] {logging_mixin.py:104} INFO - [2021-06-11 13:54:50,261] {dag.py:2305} INFO - Setting next_dagrun for example_trigger_target_dag to None
[2021-06-11 13:54:50,287] {scheduler_job.py:190} INFO - Processing /home/airflow/.local/lib/python3.6/site-packages/airflow/example_dags/example_trigger_target_dag.py took 0.092 seconds
[2021-06-11 13:55:20,955] {scheduler_job.py:182} INFO - Started process (PID=294) to work on /home/airflow/.local/lib/python3.6/site-packages/airflow/example_dags/example_trigger_target_dag.py
[2021-06-11 13:55:20,957] {scheduler_job.py:633} INFO - Processing file /home/airflow/.local/lib/python3.6/site-packages/airflow/example_dags/example_trigger_target_dag.py for tasks to queue
[2021-06-11 13:55:20,958] {logging_mixin.py:104} INFO - [2021-06-11 13:55:20,958] {dagbag.py:487} INFO - Filling up the DagBag from /home/airflow/.local/lib/python3.6/site-packages/airflow/example_dags/example_trigger_target_dag.py
[2021-06-11 13:55:20,972] {scheduler_job.py:643} INFO - DAG(s) dict_keys(['example_trigger_target_dag']) retrieved from /home/airflow/.local/lib/python3.6/site-packages/airflow/example_dags/example_trigger_target_dag.py
[2021-06-11 13:55:20,994] {logging_mixin.py:104} INFO - [2021-06-11 13:55:20,994] {dag.py:1832} INFO - Sync 1 DAGs
[2021-06-11 13:55:21,005] {logging_mixin.py:104} INFO - [2021-06-11 13:55:21,004] {dag.py:2305} INFO - Setting next_dagrun for example_trigger_target_dag to None
[2021-06-11 13:55:21,014] {scheduler_job.py:190} INFO - Processing /home/airflow/.local/lib/python3.6/site-packages/airflow/example_dags/example_trigger_target_dag.py took 0.061 seconds
[2021-06-11 13:55:51,544] {scheduler_job.py:182} INFO - Started process (PID=373) to work on /home/airflow/.local/lib/python3.6/site-packages/airflow/example_dags/example_trigger_target_dag.py
[2021-06-11 13:55:51,547] {scheduler_job.py:633} INFO - Processing file /home/airflow/.local/lib/python3.6/site-packages/airflow/example_dags/example_trigger_target_dag.py for tasks to queue
[2021-06-11 13:55:51,548] {logging_mixin.py:104} INFO - [2021-06-11 13:55:51,548] {dagbag.py:487} INFO - Filling up the DagBag from /home/airflow/.local/lib/python3.6/site-packages/airflow/example_dags/example_trigger_target_dag.py
[2021-06-11 13:55:51,562] {scheduler_job.py:643} INFO - DAG(s) dict_keys(['example_trigger_target_dag']) retrieved from /home/airflow/.local/lib/python3.6/site-packages/airflow/example_dags/example_trigger_target_dag.py
[2021-06-11 13:55:51,586] {logging_mixin.py:104} INFO - [2021-06-11 13:55:51,586] {dag.py:1832} INFO - Sync 1 DAGs
[2021-06-11 13:55:51,598] {logging_mixin.py:104} INFO - [2021-06-11 13:55:51,597] {dag.py:2305} INFO - Setting next_dagrun for example_trigger_target_dag to None
[2021-06-11 13:55:51,608] {scheduler_job.py:190} INFO - Processing /home/airflow/.local/lib/python3.6/site-packages/airflow/example_dags/example_trigger_target_dag.py took 0.067 seconds
[2021-06-11 13:56:22,612] {scheduler_job.py:182} INFO - Started process (PID=454) to work on /home/airflow/.local/lib/python3.6/site-packages/airflow/example_dags/example_trigger_target_dag.py
[2021-06-11 13:56:22,614] {scheduler_job.py:633} INFO - Processing file /home/airflow/.local/lib/python3.6/site-packages/airflow/example_dags/example_trigger_target_dag.py for tasks to queue
[2021-06-11 13:56:22,616] {logging_mixin.py:104} INFO - [2021-06-11 13:56:22,616] {dagbag.py:487} INFO - Filling up the DagBag from /home/airflow/.local/lib/python3.6/site-packages/airflow/example_dags/example_trigger_target_dag.py
[2021-06-11 13:56:22,635] {scheduler_job.py:643} INFO - DAG(s) dict_keys(['example_trigger_target_dag']) retrieved from /home/airflow/.local/lib/python3.6/site-packages/airflow/example_dags/example_trigger_target_dag.py
[2021-06-11 13:56:22,664] {logging_mixin.py:104} INFO - [2021-06-11 13:56:22,664] {dag.py:1832} INFO - Sync 1 DAGs
[2021-06-11 13:56:22,678] {logging_mixin.py:104} INFO - [2021-06-11 13:56:22,678] {dag.py:2305} INFO - Setting next_dagrun for example_trigger_target_dag to None
[2021-06-11 13:56:22,691] {scheduler_job.py:190} INFO - Processing /home/airflow/.local/lib/python3.6/site-packages/airflow/example_dags/example_trigger_target_dag.py took 0.085 seconds
[2021-06-11 13:56:54,613] {scheduler_job.py:182} INFO - Started process (PID=52) to work on /home/airflow/.local/lib/python3.6/site-packages/airflow/example_dags/example_trigger_target_dag.py
[2021-06-11 13:56:54,616] {scheduler_job.py:633} INFO - Processing file /home/airflow/.local/lib/python3.6/site-packages/airflow/example_dags/example_trigger_target_dag.py for tasks to queue
[2021-06-11 13:56:54,619] {logging_mixin.py:104} INFO - [2021-06-11 13:56:54,618] {dagbag.py:487} INFO - Filling up the DagBag from /home/airflow/.local/lib/python3.6/site-packages/airflow/example_dags/example_trigger_target_dag.py
[2021-06-11 13:56:54,643] {scheduler_job.py:643} INFO - DAG(s) dict_keys(['example_trigger_target_dag']) retrieved from /home/airflow/.local/lib/python3.6/site-packages/airflow/example_dags/example_trigger_target_dag.py
[2021-06-11 13:56:54,690] {logging_mixin.py:104} INFO - [2021-06-11 13:56:54,689] {dag.py:1832} INFO - Sync 1 DAGs
[2021-06-11 13:56:54,718] {logging_mixin.py:104} INFO - [2021-06-11 13:56:54,718] {dag.py:2305} INFO - Setting next_dagrun for example_trigger_target_dag to None
[2021-06-11 13:56:54,750] {scheduler_job.py:190} INFO - Processing /home/airflow/.local/lib/python3.6/site-packages/airflow/example_dags/example_trigger_target_dag.py took 0.143 seconds
