[2021-06-11 14:02:08,396] {scheduler_job.py:182} INFO - Started process (PID=35) to work on /home/airflow/.local/lib/python3.6/site-packages/airflow/example_dags/example_nested_branch_dag.py
[2021-06-11 14:02:08,400] {scheduler_job.py:633} INFO - Processing file /home/airflow/.local/lib/python3.6/site-packages/airflow/example_dags/example_nested_branch_dag.py for tasks to queue
[2021-06-11 14:02:08,405] {logging_mixin.py:104} INFO - [2021-06-11 14:02:08,405] {dagbag.py:487} INFO - Filling up the DagBag from /home/airflow/.local/lib/python3.6/site-packages/airflow/example_dags/example_nested_branch_dag.py
[2021-06-11 14:02:08,435] {scheduler_job.py:643} INFO - DAG(s) dict_keys(['example_nested_branch_dag']) retrieved from /home/airflow/.local/lib/python3.6/site-packages/airflow/example_dags/example_nested_branch_dag.py
[2021-06-11 14:02:08,477] {logging_mixin.py:104} INFO - [2021-06-11 14:02:08,477] {dag.py:1832} INFO - Sync 1 DAGs
[2021-06-11 14:02:08,556] {logging_mixin.py:104} INFO - [2021-06-11 14:02:08,556] {dag.py:2305} INFO - Setting next_dagrun for example_nested_branch_dag to 2021-06-09 00:00:00+00:00
[2021-06-11 14:02:08,633] {scheduler_job.py:190} INFO - Processing /home/airflow/.local/lib/python3.6/site-packages/airflow/example_dags/example_nested_branch_dag.py took 0.246 seconds
[2021-06-11 14:02:38,791] {scheduler_job.py:182} INFO - Started process (PID=95) to work on /home/airflow/.local/lib/python3.6/site-packages/airflow/example_dags/example_nested_branch_dag.py
[2021-06-11 14:02:38,795] {scheduler_job.py:633} INFO - Processing file /home/airflow/.local/lib/python3.6/site-packages/airflow/example_dags/example_nested_branch_dag.py for tasks to queue
[2021-06-11 14:02:38,797] {logging_mixin.py:104} INFO - [2021-06-11 14:02:38,797] {dagbag.py:487} INFO - Filling up the DagBag from /home/airflow/.local/lib/python3.6/site-packages/airflow/example_dags/example_nested_branch_dag.py
[2021-06-11 14:02:38,819] {scheduler_job.py:643} INFO - DAG(s) dict_keys(['example_nested_branch_dag']) retrieved from /home/airflow/.local/lib/python3.6/site-packages/airflow/example_dags/example_nested_branch_dag.py
[2021-06-11 14:02:38,845] {logging_mixin.py:104} INFO - [2021-06-11 14:02:38,845] {dag.py:1832} INFO - Sync 1 DAGs
[2021-06-11 14:02:38,868] {logging_mixin.py:104} INFO - [2021-06-11 14:02:38,868] {dag.py:2305} INFO - Setting next_dagrun for example_nested_branch_dag to 2021-06-09 00:00:00+00:00
[2021-06-11 14:02:38,882] {scheduler_job.py:190} INFO - Processing /home/airflow/.local/lib/python3.6/site-packages/airflow/example_dags/example_nested_branch_dag.py took 0.095 seconds
[2021-06-11 14:03:09,679] {scheduler_job.py:182} INFO - Started process (PID=157) to work on /home/airflow/.local/lib/python3.6/site-packages/airflow/example_dags/example_nested_branch_dag.py
[2021-06-11 14:03:09,681] {scheduler_job.py:633} INFO - Processing file /home/airflow/.local/lib/python3.6/site-packages/airflow/example_dags/example_nested_branch_dag.py for tasks to queue
[2021-06-11 14:03:09,683] {logging_mixin.py:104} INFO - [2021-06-11 14:03:09,683] {dagbag.py:487} INFO - Filling up the DagBag from /home/airflow/.local/lib/python3.6/site-packages/airflow/example_dags/example_nested_branch_dag.py
[2021-06-11 14:03:09,714] {scheduler_job.py:643} INFO - DAG(s) dict_keys(['example_nested_branch_dag']) retrieved from /home/airflow/.local/lib/python3.6/site-packages/airflow/example_dags/example_nested_branch_dag.py
[2021-06-11 14:03:09,749] {logging_mixin.py:104} INFO - [2021-06-11 14:03:09,749] {dag.py:1832} INFO - Sync 1 DAGs
[2021-06-11 14:03:09,778] {logging_mixin.py:104} INFO - [2021-06-11 14:03:09,778] {dag.py:2305} INFO - Setting next_dagrun for example_nested_branch_dag to 2021-06-09 00:00:00+00:00
[2021-06-11 14:03:09,791] {scheduler_job.py:190} INFO - Processing /home/airflow/.local/lib/python3.6/site-packages/airflow/example_dags/example_nested_branch_dag.py took 0.116 seconds
