[2021-06-11 13:53:11,302] {scheduler_job.py:182} INFO - Started process (PID=90) to work on /home/airflow/.local/lib/python3.6/site-packages/airflow/example_dags/example_branch_operator.py
[2021-06-11 13:53:11,304] {scheduler_job.py:633} INFO - Processing file /home/airflow/.local/lib/python3.6/site-packages/airflow/example_dags/example_branch_operator.py for tasks to queue
[2021-06-11 13:53:11,306] {logging_mixin.py:104} INFO - [2021-06-11 13:53:11,306] {dagbag.py:487} INFO - Filling up the DagBag from /home/airflow/.local/lib/python3.6/site-packages/airflow/example_dags/example_branch_operator.py
[2021-06-11 13:53:11,328] {scheduler_job.py:643} INFO - DAG(s) dict_keys(['example_branch_operator']) retrieved from /home/airflow/.local/lib/python3.6/site-packages/airflow/example_dags/example_branch_operator.py
[2021-06-11 13:53:13,566] {logging_mixin.py:104} INFO - [2021-06-11 13:53:13,566] {dag.py:1832} INFO - Sync 1 DAGs
[2021-06-11 13:53:13,579] {logging_mixin.py:104} INFO - [2021-06-11 13:53:13,578] {dag.py:1851} INFO - Creating ORM DAG for example_branch_operator
[2021-06-11 13:53:13,590] {logging_mixin.py:104} INFO - [2021-06-11 13:53:13,590] {dag.py:2305} INFO - Setting next_dagrun for example_branch_operator to 2021-06-09 00:00:00+00:00
[2021-06-11 13:53:13,604] {scheduler_job.py:190} INFO - Processing /home/airflow/.local/lib/python3.6/site-packages/airflow/example_dags/example_branch_operator.py took 2.306 seconds
[2021-06-11 13:54:12,325] {scheduler_job.py:182} INFO - Started process (PID=150) to work on /home/airflow/.local/lib/python3.6/site-packages/airflow/example_dags/example_branch_operator.py
[2021-06-11 13:54:12,327] {scheduler_job.py:633} INFO - Processing file /home/airflow/.local/lib/python3.6/site-packages/airflow/example_dags/example_branch_operator.py for tasks to queue
[2021-06-11 13:54:12,329] {logging_mixin.py:104} INFO - [2021-06-11 13:54:12,329] {dagbag.py:487} INFO - Filling up the DagBag from /home/airflow/.local/lib/python3.6/site-packages/airflow/example_dags/example_branch_operator.py
[2021-06-11 13:54:12,349] {scheduler_job.py:643} INFO - DAG(s) dict_keys(['example_branch_operator']) retrieved from /home/airflow/.local/lib/python3.6/site-packages/airflow/example_dags/example_branch_operator.py
[2021-06-11 13:54:12,378] {logging_mixin.py:104} INFO - [2021-06-11 13:54:12,377] {dag.py:1832} INFO - Sync 1 DAGs
[2021-06-11 13:54:12,391] {logging_mixin.py:104} INFO - [2021-06-11 13:54:12,391] {dag.py:2305} INFO - Setting next_dagrun for example_branch_operator to 2021-06-09 00:00:00+00:00
[2021-06-11 13:54:12,402] {scheduler_job.py:190} INFO - Processing /home/airflow/.local/lib/python3.6/site-packages/airflow/example_dags/example_branch_operator.py took 0.082 seconds
[2021-06-11 13:54:42,819] {scheduler_job.py:182} INFO - Started process (PID=207) to work on /home/airflow/.local/lib/python3.6/site-packages/airflow/example_dags/example_branch_operator.py
[2021-06-11 13:54:42,821] {scheduler_job.py:633} INFO - Processing file /home/airflow/.local/lib/python3.6/site-packages/airflow/example_dags/example_branch_operator.py for tasks to queue
[2021-06-11 13:54:42,822] {logging_mixin.py:104} INFO - [2021-06-11 13:54:42,822] {dagbag.py:487} INFO - Filling up the DagBag from /home/airflow/.local/lib/python3.6/site-packages/airflow/example_dags/example_branch_operator.py
[2021-06-11 13:54:42,838] {scheduler_job.py:643} INFO - DAG(s) dict_keys(['example_branch_operator']) retrieved from /home/airflow/.local/lib/python3.6/site-packages/airflow/example_dags/example_branch_operator.py
[2021-06-11 13:54:42,862] {logging_mixin.py:104} INFO - [2021-06-11 13:54:42,862] {dag.py:1832} INFO - Sync 1 DAGs
[2021-06-11 13:54:42,882] {logging_mixin.py:104} INFO - [2021-06-11 13:54:42,881] {dag.py:2305} INFO - Setting next_dagrun for example_branch_operator to 2021-06-09 00:00:00+00:00
[2021-06-11 13:54:42,900] {scheduler_job.py:190} INFO - Processing /home/airflow/.local/lib/python3.6/site-packages/airflow/example_dags/example_branch_operator.py took 0.083 seconds
[2021-06-11 13:55:13,756] {scheduler_job.py:182} INFO - Started process (PID=286) to work on /home/airflow/.local/lib/python3.6/site-packages/airflow/example_dags/example_branch_operator.py
[2021-06-11 13:55:13,760] {scheduler_job.py:633} INFO - Processing file /home/airflow/.local/lib/python3.6/site-packages/airflow/example_dags/example_branch_operator.py for tasks to queue
[2021-06-11 13:55:13,762] {logging_mixin.py:104} INFO - [2021-06-11 13:55:13,762] {dagbag.py:487} INFO - Filling up the DagBag from /home/airflow/.local/lib/python3.6/site-packages/airflow/example_dags/example_branch_operator.py
[2021-06-11 13:55:13,782] {scheduler_job.py:643} INFO - DAG(s) dict_keys(['example_branch_operator']) retrieved from /home/airflow/.local/lib/python3.6/site-packages/airflow/example_dags/example_branch_operator.py
[2021-06-11 13:55:13,810] {logging_mixin.py:104} INFO - [2021-06-11 13:55:13,810] {dag.py:1832} INFO - Sync 1 DAGs
[2021-06-11 13:55:13,827] {logging_mixin.py:104} INFO - [2021-06-11 13:55:13,827] {dag.py:2305} INFO - Setting next_dagrun for example_branch_operator to 2021-06-09 00:00:00+00:00
[2021-06-11 13:55:13,840] {scheduler_job.py:190} INFO - Processing /home/airflow/.local/lib/python3.6/site-packages/airflow/example_dags/example_branch_operator.py took 0.089 seconds
[2021-06-11 13:55:44,133] {scheduler_job.py:182} INFO - Started process (PID=349) to work on /home/airflow/.local/lib/python3.6/site-packages/airflow/example_dags/example_branch_operator.py
[2021-06-11 13:55:44,136] {scheduler_job.py:633} INFO - Processing file /home/airflow/.local/lib/python3.6/site-packages/airflow/example_dags/example_branch_operator.py for tasks to queue
[2021-06-11 13:55:44,138] {logging_mixin.py:104} INFO - [2021-06-11 13:55:44,137] {dagbag.py:487} INFO - Filling up the DagBag from /home/airflow/.local/lib/python3.6/site-packages/airflow/example_dags/example_branch_operator.py
[2021-06-11 13:55:44,157] {scheduler_job.py:643} INFO - DAG(s) dict_keys(['example_branch_operator']) retrieved from /home/airflow/.local/lib/python3.6/site-packages/airflow/example_dags/example_branch_operator.py
[2021-06-11 13:55:44,184] {logging_mixin.py:104} INFO - [2021-06-11 13:55:44,184] {dag.py:1832} INFO - Sync 1 DAGs
[2021-06-11 13:55:44,202] {logging_mixin.py:104} INFO - [2021-06-11 13:55:44,202] {dag.py:2305} INFO - Setting next_dagrun for example_branch_operator to 2021-06-09 00:00:00+00:00
[2021-06-11 13:55:44,214] {scheduler_job.py:190} INFO - Processing /home/airflow/.local/lib/python3.6/site-packages/airflow/example_dags/example_branch_operator.py took 0.085 seconds
[2021-06-11 13:56:14,871] {scheduler_job.py:182} INFO - Started process (PID=430) to work on /home/airflow/.local/lib/python3.6/site-packages/airflow/example_dags/example_branch_operator.py
[2021-06-11 13:56:14,873] {scheduler_job.py:633} INFO - Processing file /home/airflow/.local/lib/python3.6/site-packages/airflow/example_dags/example_branch_operator.py for tasks to queue
[2021-06-11 13:56:14,875] {logging_mixin.py:104} INFO - [2021-06-11 13:56:14,874] {dagbag.py:487} INFO - Filling up the DagBag from /home/airflow/.local/lib/python3.6/site-packages/airflow/example_dags/example_branch_operator.py
[2021-06-11 13:56:14,892] {scheduler_job.py:643} INFO - DAG(s) dict_keys(['example_branch_operator']) retrieved from /home/airflow/.local/lib/python3.6/site-packages/airflow/example_dags/example_branch_operator.py
[2021-06-11 13:56:14,917] {logging_mixin.py:104} INFO - [2021-06-11 13:56:14,917] {dag.py:1832} INFO - Sync 1 DAGs
[2021-06-11 13:56:14,931] {logging_mixin.py:104} INFO - [2021-06-11 13:56:14,931] {dag.py:2305} INFO - Setting next_dagrun for example_branch_operator to 2021-06-09 00:00:00+00:00
[2021-06-11 13:56:14,943] {scheduler_job.py:190} INFO - Processing /home/airflow/.local/lib/python3.6/site-packages/airflow/example_dags/example_branch_operator.py took 0.075 seconds
[2021-06-11 13:56:53,578] {scheduler_job.py:182} INFO - Started process (PID=44) to work on /home/airflow/.local/lib/python3.6/site-packages/airflow/example_dags/example_branch_operator.py
[2021-06-11 13:56:53,582] {scheduler_job.py:633} INFO - Processing file /home/airflow/.local/lib/python3.6/site-packages/airflow/example_dags/example_branch_operator.py for tasks to queue
[2021-06-11 13:56:53,584] {logging_mixin.py:104} INFO - [2021-06-11 13:56:53,584] {dagbag.py:487} INFO - Filling up the DagBag from /home/airflow/.local/lib/python3.6/site-packages/airflow/example_dags/example_branch_operator.py
[2021-06-11 13:56:53,608] {scheduler_job.py:643} INFO - DAG(s) dict_keys(['example_branch_operator']) retrieved from /home/airflow/.local/lib/python3.6/site-packages/airflow/example_dags/example_branch_operator.py
[2021-06-11 13:56:53,653] {logging_mixin.py:104} INFO - [2021-06-11 13:56:53,653] {dag.py:1832} INFO - Sync 1 DAGs
[2021-06-11 13:56:53,690] {logging_mixin.py:104} INFO - [2021-06-11 13:56:53,690] {dag.py:2305} INFO - Setting next_dagrun for example_branch_operator to 2021-06-09 00:00:00+00:00
[2021-06-11 13:56:53,716] {scheduler_job.py:190} INFO - Processing /home/airflow/.local/lib/python3.6/site-packages/airflow/example_dags/example_branch_operator.py took 0.142 seconds
[2021-06-11 13:57:24,640] {scheduler_job.py:182} INFO - Started process (PID=117) to work on /home/airflow/.local/lib/python3.6/site-packages/airflow/example_dags/example_branch_operator.py
[2021-06-11 13:57:24,646] {scheduler_job.py:633} INFO - Processing file /home/airflow/.local/lib/python3.6/site-packages/airflow/example_dags/example_branch_operator.py for tasks to queue
[2021-06-11 13:57:24,649] {logging_mixin.py:104} INFO - [2021-06-11 13:57:24,649] {dagbag.py:487} INFO - Filling up the DagBag from /home/airflow/.local/lib/python3.6/site-packages/airflow/example_dags/example_branch_operator.py
[2021-06-11 13:57:24,684] {scheduler_job.py:643} INFO - DAG(s) dict_keys(['example_branch_operator']) retrieved from /home/airflow/.local/lib/python3.6/site-packages/airflow/example_dags/example_branch_operator.py
[2021-06-11 13:57:24,728] {logging_mixin.py:104} INFO - [2021-06-11 13:57:24,728] {dag.py:1832} INFO - Sync 1 DAGs
[2021-06-11 13:57:24,762] {logging_mixin.py:104} INFO - [2021-06-11 13:57:24,762] {dag.py:2305} INFO - Setting next_dagrun for example_branch_operator to 2021-06-09 00:00:00+00:00
[2021-06-11 13:57:24,795] {scheduler_job.py:190} INFO - Processing /home/airflow/.local/lib/python3.6/site-packages/airflow/example_dags/example_branch_operator.py took 0.160 seconds
