[2021-06-11 13:52:53,429] {scheduler_job.py:182} INFO - Started process (PID=55) to work on /home/airflow/.local/lib/python3.6/site-packages/airflow/example_dags/example_branch_datetime_operator.py
[2021-06-11 13:52:53,452] {scheduler_job.py:633} INFO - Processing file /home/airflow/.local/lib/python3.6/site-packages/airflow/example_dags/example_branch_datetime_operator.py for tasks to queue
[2021-06-11 13:52:53,459] {logging_mixin.py:104} INFO - [2021-06-11 13:52:53,458] {dagbag.py:487} INFO - Filling up the DagBag from /home/airflow/.local/lib/python3.6/site-packages/airflow/example_dags/example_branch_datetime_operator.py
[2021-06-11 13:52:53,553] {scheduler_job.py:643} INFO - DAG(s) dict_keys(['example_branch_datetime_operator_2']) retrieved from /home/airflow/.local/lib/python3.6/site-packages/airflow/example_dags/example_branch_datetime_operator.py
[2021-06-11 13:52:56,501] {logging_mixin.py:104} INFO - [2021-06-11 13:52:56,501] {dag.py:1832} INFO - Sync 1 DAGs
[2021-06-11 13:52:56,515] {logging_mixin.py:104} INFO - [2021-06-11 13:52:56,514] {dag.py:1851} INFO - Creating ORM DAG for example_branch_datetime_operator_2
[2021-06-11 13:52:56,528] {logging_mixin.py:104} INFO - [2021-06-11 13:52:56,528] {dag.py:2305} INFO - Setting next_dagrun for example_branch_datetime_operator_2 to 2021-06-09 00:00:00+00:00
[2021-06-11 13:52:56,543] {scheduler_job.py:190} INFO - Processing /home/airflow/.local/lib/python3.6/site-packages/airflow/example_dags/example_branch_datetime_operator.py took 3.144 seconds
[2021-06-11 13:54:10,476] {scheduler_job.py:182} INFO - Started process (PID=140) to work on /home/airflow/.local/lib/python3.6/site-packages/airflow/example_dags/example_branch_datetime_operator.py
[2021-06-11 13:54:10,479] {scheduler_job.py:633} INFO - Processing file /home/airflow/.local/lib/python3.6/site-packages/airflow/example_dags/example_branch_datetime_operator.py for tasks to queue
[2021-06-11 13:54:10,481] {logging_mixin.py:104} INFO - [2021-06-11 13:54:10,480] {dagbag.py:487} INFO - Filling up the DagBag from /home/airflow/.local/lib/python3.6/site-packages/airflow/example_dags/example_branch_datetime_operator.py
[2021-06-11 13:54:10,507] {scheduler_job.py:643} INFO - DAG(s) dict_keys(['example_branch_datetime_operator_2']) retrieved from /home/airflow/.local/lib/python3.6/site-packages/airflow/example_dags/example_branch_datetime_operator.py
[2021-06-11 13:54:10,572] {logging_mixin.py:104} INFO - [2021-06-11 13:54:10,572] {dag.py:1832} INFO - Sync 1 DAGs
[2021-06-11 13:54:10,606] {logging_mixin.py:104} INFO - [2021-06-11 13:54:10,606] {dag.py:2305} INFO - Setting next_dagrun for example_branch_datetime_operator_2 to 2021-06-09 00:00:00+00:00
[2021-06-11 13:54:10,632] {scheduler_job.py:190} INFO - Processing /home/airflow/.local/lib/python3.6/site-packages/airflow/example_dags/example_branch_datetime_operator.py took 0.161 seconds
[2021-06-11 13:54:40,833] {scheduler_job.py:182} INFO - Started process (PID=198) to work on /home/airflow/.local/lib/python3.6/site-packages/airflow/example_dags/example_branch_datetime_operator.py
[2021-06-11 13:54:40,837] {scheduler_job.py:633} INFO - Processing file /home/airflow/.local/lib/python3.6/site-packages/airflow/example_dags/example_branch_datetime_operator.py for tasks to queue
[2021-06-11 13:54:40,839] {logging_mixin.py:104} INFO - [2021-06-11 13:54:40,839] {dagbag.py:487} INFO - Filling up the DagBag from /home/airflow/.local/lib/python3.6/site-packages/airflow/example_dags/example_branch_datetime_operator.py
[2021-06-11 13:54:40,877] {scheduler_job.py:643} INFO - DAG(s) dict_keys(['example_branch_datetime_operator_2']) retrieved from /home/airflow/.local/lib/python3.6/site-packages/airflow/example_dags/example_branch_datetime_operator.py
[2021-06-11 13:54:40,930] {logging_mixin.py:104} INFO - [2021-06-11 13:54:40,929] {dag.py:1832} INFO - Sync 1 DAGs
[2021-06-11 13:54:40,977] {logging_mixin.py:104} INFO - [2021-06-11 13:54:40,976] {dag.py:2305} INFO - Setting next_dagrun for example_branch_datetime_operator_2 to 2021-06-09 00:00:00+00:00
[2021-06-11 13:54:40,996] {scheduler_job.py:190} INFO - Processing /home/airflow/.local/lib/python3.6/site-packages/airflow/example_dags/example_branch_datetime_operator.py took 0.171 seconds
[2021-06-11 13:55:11,873] {scheduler_job.py:182} INFO - Started process (PID=276) to work on /home/airflow/.local/lib/python3.6/site-packages/airflow/example_dags/example_branch_datetime_operator.py
[2021-06-11 13:55:11,875] {scheduler_job.py:633} INFO - Processing file /home/airflow/.local/lib/python3.6/site-packages/airflow/example_dags/example_branch_datetime_operator.py for tasks to queue
[2021-06-11 13:55:11,877] {logging_mixin.py:104} INFO - [2021-06-11 13:55:11,877] {dagbag.py:487} INFO - Filling up the DagBag from /home/airflow/.local/lib/python3.6/site-packages/airflow/example_dags/example_branch_datetime_operator.py
[2021-06-11 13:55:11,898] {scheduler_job.py:643} INFO - DAG(s) dict_keys(['example_branch_datetime_operator_2']) retrieved from /home/airflow/.local/lib/python3.6/site-packages/airflow/example_dags/example_branch_datetime_operator.py
[2021-06-11 13:55:11,932] {logging_mixin.py:104} INFO - [2021-06-11 13:55:11,931] {dag.py:1832} INFO - Sync 1 DAGs
[2021-06-11 13:55:11,953] {logging_mixin.py:104} INFO - [2021-06-11 13:55:11,953] {dag.py:2305} INFO - Setting next_dagrun for example_branch_datetime_operator_2 to 2021-06-09 00:00:00+00:00
[2021-06-11 13:55:11,980] {scheduler_job.py:190} INFO - Processing /home/airflow/.local/lib/python3.6/site-packages/airflow/example_dags/example_branch_datetime_operator.py took 0.113 seconds
[2021-06-11 13:55:42,545] {scheduler_job.py:182} INFO - Started process (PID=339) to work on /home/airflow/.local/lib/python3.6/site-packages/airflow/example_dags/example_branch_datetime_operator.py
[2021-06-11 13:55:42,548] {scheduler_job.py:633} INFO - Processing file /home/airflow/.local/lib/python3.6/site-packages/airflow/example_dags/example_branch_datetime_operator.py for tasks to queue
[2021-06-11 13:55:42,550] {logging_mixin.py:104} INFO - [2021-06-11 13:55:42,550] {dagbag.py:487} INFO - Filling up the DagBag from /home/airflow/.local/lib/python3.6/site-packages/airflow/example_dags/example_branch_datetime_operator.py
[2021-06-11 13:55:42,569] {scheduler_job.py:643} INFO - DAG(s) dict_keys(['example_branch_datetime_operator_2']) retrieved from /home/airflow/.local/lib/python3.6/site-packages/airflow/example_dags/example_branch_datetime_operator.py
[2021-06-11 13:55:42,604] {logging_mixin.py:104} INFO - [2021-06-11 13:55:42,604] {dag.py:1832} INFO - Sync 1 DAGs
[2021-06-11 13:55:42,624] {logging_mixin.py:104} INFO - [2021-06-11 13:55:42,624] {dag.py:2305} INFO - Setting next_dagrun for example_branch_datetime_operator_2 to 2021-06-09 00:00:00+00:00
[2021-06-11 13:55:42,684] {scheduler_job.py:190} INFO - Processing /home/airflow/.local/lib/python3.6/site-packages/airflow/example_dags/example_branch_datetime_operator.py took 0.144 seconds
[2021-06-11 13:56:13,226] {scheduler_job.py:182} INFO - Started process (PID=420) to work on /home/airflow/.local/lib/python3.6/site-packages/airflow/example_dags/example_branch_datetime_operator.py
[2021-06-11 13:56:13,229] {scheduler_job.py:633} INFO - Processing file /home/airflow/.local/lib/python3.6/site-packages/airflow/example_dags/example_branch_datetime_operator.py for tasks to queue
[2021-06-11 13:56:13,230] {logging_mixin.py:104} INFO - [2021-06-11 13:56:13,230] {dagbag.py:487} INFO - Filling up the DagBag from /home/airflow/.local/lib/python3.6/site-packages/airflow/example_dags/example_branch_datetime_operator.py
[2021-06-11 13:56:13,247] {scheduler_job.py:643} INFO - DAG(s) dict_keys(['example_branch_datetime_operator_2']) retrieved from /home/airflow/.local/lib/python3.6/site-packages/airflow/example_dags/example_branch_datetime_operator.py
[2021-06-11 13:56:13,275] {logging_mixin.py:104} INFO - [2021-06-11 13:56:13,275] {dag.py:1832} INFO - Sync 1 DAGs
[2021-06-11 13:56:13,295] {logging_mixin.py:104} INFO - [2021-06-11 13:56:13,295] {dag.py:2305} INFO - Setting next_dagrun for example_branch_datetime_operator_2 to 2021-06-09 00:00:00+00:00
[2021-06-11 13:56:13,308] {scheduler_job.py:190} INFO - Processing /home/airflow/.local/lib/python3.6/site-packages/airflow/example_dags/example_branch_datetime_operator.py took 0.086 seconds
[2021-06-11 13:56:51,975] {scheduler_job.py:182} INFO - Started process (PID=35) to work on /home/airflow/.local/lib/python3.6/site-packages/airflow/example_dags/example_branch_datetime_operator.py
[2021-06-11 13:56:51,978] {scheduler_job.py:633} INFO - Processing file /home/airflow/.local/lib/python3.6/site-packages/airflow/example_dags/example_branch_datetime_operator.py for tasks to queue
[2021-06-11 13:56:51,982] {logging_mixin.py:104} INFO - [2021-06-11 13:56:51,981] {dagbag.py:487} INFO - Filling up the DagBag from /home/airflow/.local/lib/python3.6/site-packages/airflow/example_dags/example_branch_datetime_operator.py
[2021-06-11 13:56:52,031] {scheduler_job.py:643} INFO - DAG(s) dict_keys(['example_branch_datetime_operator_2']) retrieved from /home/airflow/.local/lib/python3.6/site-packages/airflow/example_dags/example_branch_datetime_operator.py
[2021-06-11 13:56:52,144] {logging_mixin.py:104} INFO - [2021-06-11 13:56:52,144] {dag.py:1832} INFO - Sync 1 DAGs
[2021-06-11 13:56:52,217] {logging_mixin.py:104} INFO - [2021-06-11 13:56:52,217] {dag.py:2305} INFO - Setting next_dagrun for example_branch_datetime_operator_2 to 2021-06-09 00:00:00+00:00
[2021-06-11 13:56:52,268] {scheduler_job.py:190} INFO - Processing /home/airflow/.local/lib/python3.6/site-packages/airflow/example_dags/example_branch_datetime_operator.py took 0.299 seconds
[2021-06-11 13:57:22,897] {scheduler_job.py:182} INFO - Started process (PID=98) to work on /home/airflow/.local/lib/python3.6/site-packages/airflow/example_dags/example_branch_datetime_operator.py
[2021-06-11 13:57:22,900] {scheduler_job.py:633} INFO - Processing file /home/airflow/.local/lib/python3.6/site-packages/airflow/example_dags/example_branch_datetime_operator.py for tasks to queue
[2021-06-11 13:57:22,902] {logging_mixin.py:104} INFO - [2021-06-11 13:57:22,901] {dagbag.py:487} INFO - Filling up the DagBag from /home/airflow/.local/lib/python3.6/site-packages/airflow/example_dags/example_branch_datetime_operator.py
[2021-06-11 13:57:22,917] {scheduler_job.py:643} INFO - DAG(s) dict_keys(['example_branch_datetime_operator_2']) retrieved from /home/airflow/.local/lib/python3.6/site-packages/airflow/example_dags/example_branch_datetime_operator.py
[2021-06-11 13:57:22,944] {logging_mixin.py:104} INFO - [2021-06-11 13:57:22,944] {dag.py:1832} INFO - Sync 1 DAGs
[2021-06-11 13:57:22,963] {logging_mixin.py:104} INFO - [2021-06-11 13:57:22,963] {dag.py:2305} INFO - Setting next_dagrun for example_branch_datetime_operator_2 to 2021-06-09 00:00:00+00:00
[2021-06-11 13:57:22,975] {scheduler_job.py:190} INFO - Processing /home/airflow/.local/lib/python3.6/site-packages/airflow/example_dags/example_branch_datetime_operator.py took 0.082 seconds
