[2021-06-11 13:54:15,244] {scheduler_job.py:182} INFO - Started process (PID=159) to work on /home/airflow/.local/lib/python3.6/site-packages/airflow/example_dags/tutorial_taskflow_api_etl.py
[2021-06-11 13:54:15,248] {scheduler_job.py:633} INFO - Processing file /home/airflow/.local/lib/python3.6/site-packages/airflow/example_dags/tutorial_taskflow_api_etl.py for tasks to queue
[2021-06-11 13:54:15,249] {logging_mixin.py:104} INFO - [2021-06-11 13:54:15,249] {dagbag.py:487} INFO - Filling up the DagBag from /home/airflow/.local/lib/python3.6/site-packages/airflow/example_dags/tutorial_taskflow_api_etl.py
[2021-06-11 13:54:15,272] {scheduler_job.py:643} INFO - DAG(s) dict_keys(['tutorial_taskflow_api_etl']) retrieved from /home/airflow/.local/lib/python3.6/site-packages/airflow/example_dags/tutorial_taskflow_api_etl.py
[2021-06-11 13:54:17,245] {logging_mixin.py:104} INFO - [2021-06-11 13:54:17,245] {dag.py:1832} INFO - Sync 1 DAGs
[2021-06-11 13:54:17,255] {logging_mixin.py:104} INFO - [2021-06-11 13:54:17,254] {dag.py:1851} INFO - Creating ORM DAG for tutorial_taskflow_api_etl
[2021-06-11 13:54:17,260] {logging_mixin.py:104} INFO - [2021-06-11 13:54:17,260] {dag.py:2305} INFO - Setting next_dagrun for tutorial_taskflow_api_etl to None
[2021-06-11 13:54:17,271] {scheduler_job.py:190} INFO - Processing /home/airflow/.local/lib/python3.6/site-packages/airflow/example_dags/tutorial_taskflow_api_etl.py took 2.031 seconds
[2021-06-11 13:54:47,740] {scheduler_job.py:182} INFO - Started process (PID=230) to work on /home/airflow/.local/lib/python3.6/site-packages/airflow/example_dags/tutorial_taskflow_api_etl.py
[2021-06-11 13:54:47,745] {scheduler_job.py:633} INFO - Processing file /home/airflow/.local/lib/python3.6/site-packages/airflow/example_dags/tutorial_taskflow_api_etl.py for tasks to queue
[2021-06-11 13:54:47,768] {logging_mixin.py:104} INFO - [2021-06-11 13:54:47,768] {dagbag.py:487} INFO - Filling up the DagBag from /home/airflow/.local/lib/python3.6/site-packages/airflow/example_dags/tutorial_taskflow_api_etl.py
[2021-06-11 13:54:47,819] {scheduler_job.py:643} INFO - DAG(s) dict_keys(['tutorial_taskflow_api_etl']) retrieved from /home/airflow/.local/lib/python3.6/site-packages/airflow/example_dags/tutorial_taskflow_api_etl.py
[2021-06-11 13:54:48,147] {logging_mixin.py:104} INFO - [2021-06-11 13:54:48,147] {dag.py:1832} INFO - Sync 1 DAGs
[2021-06-11 13:54:48,162] {logging_mixin.py:104} INFO - [2021-06-11 13:54:48,162] {dag.py:2305} INFO - Setting next_dagrun for tutorial_taskflow_api_etl to None
[2021-06-11 13:54:48,186] {scheduler_job.py:190} INFO - Processing /home/airflow/.local/lib/python3.6/site-packages/airflow/example_dags/tutorial_taskflow_api_etl.py took 0.450 seconds
[2021-06-11 13:55:18,495] {scheduler_job.py:182} INFO - Started process (PID=293) to work on /home/airflow/.local/lib/python3.6/site-packages/airflow/example_dags/tutorial_taskflow_api_etl.py
[2021-06-11 13:55:18,498] {scheduler_job.py:633} INFO - Processing file /home/airflow/.local/lib/python3.6/site-packages/airflow/example_dags/tutorial_taskflow_api_etl.py for tasks to queue
[2021-06-11 13:55:18,500] {logging_mixin.py:104} INFO - [2021-06-11 13:55:18,499] {dagbag.py:487} INFO - Filling up the DagBag from /home/airflow/.local/lib/python3.6/site-packages/airflow/example_dags/tutorial_taskflow_api_etl.py
[2021-06-11 13:55:18,527] {scheduler_job.py:643} INFO - DAG(s) dict_keys(['tutorial_taskflow_api_etl']) retrieved from /home/airflow/.local/lib/python3.6/site-packages/airflow/example_dags/tutorial_taskflow_api_etl.py
[2021-06-11 13:55:18,888] {logging_mixin.py:104} INFO - [2021-06-11 13:55:18,888] {dag.py:1832} INFO - Sync 1 DAGs
[2021-06-11 13:55:18,901] {logging_mixin.py:104} INFO - [2021-06-11 13:55:18,900] {dag.py:2305} INFO - Setting next_dagrun for tutorial_taskflow_api_etl to None
[2021-06-11 13:55:18,916] {scheduler_job.py:190} INFO - Processing /home/airflow/.local/lib/python3.6/site-packages/airflow/example_dags/tutorial_taskflow_api_etl.py took 0.427 seconds
[2021-06-11 13:55:49,444] {scheduler_job.py:182} INFO - Started process (PID=372) to work on /home/airflow/.local/lib/python3.6/site-packages/airflow/example_dags/tutorial_taskflow_api_etl.py
[2021-06-11 13:55:49,447] {scheduler_job.py:633} INFO - Processing file /home/airflow/.local/lib/python3.6/site-packages/airflow/example_dags/tutorial_taskflow_api_etl.py for tasks to queue
[2021-06-11 13:55:49,448] {logging_mixin.py:104} INFO - [2021-06-11 13:55:49,448] {dagbag.py:487} INFO - Filling up the DagBag from /home/airflow/.local/lib/python3.6/site-packages/airflow/example_dags/tutorial_taskflow_api_etl.py
[2021-06-11 13:55:49,463] {scheduler_job.py:643} INFO - DAG(s) dict_keys(['tutorial_taskflow_api_etl']) retrieved from /home/airflow/.local/lib/python3.6/site-packages/airflow/example_dags/tutorial_taskflow_api_etl.py
[2021-06-11 13:55:49,488] {logging_mixin.py:104} INFO - [2021-06-11 13:55:49,488] {dag.py:1832} INFO - Sync 1 DAGs
[2021-06-11 13:55:49,503] {logging_mixin.py:104} INFO - [2021-06-11 13:55:49,503] {dag.py:2305} INFO - Setting next_dagrun for tutorial_taskflow_api_etl to None
[2021-06-11 13:55:49,516] {scheduler_job.py:190} INFO - Processing /home/airflow/.local/lib/python3.6/site-packages/airflow/example_dags/tutorial_taskflow_api_etl.py took 0.076 seconds
[2021-06-11 13:56:20,188] {scheduler_job.py:182} INFO - Started process (PID=437) to work on /home/airflow/.local/lib/python3.6/site-packages/airflow/example_dags/tutorial_taskflow_api_etl.py
[2021-06-11 13:56:20,191] {scheduler_job.py:633} INFO - Processing file /home/airflow/.local/lib/python3.6/site-packages/airflow/example_dags/tutorial_taskflow_api_etl.py for tasks to queue
[2021-06-11 13:56:20,194] {logging_mixin.py:104} INFO - [2021-06-11 13:56:20,193] {dagbag.py:487} INFO - Filling up the DagBag from /home/airflow/.local/lib/python3.6/site-packages/airflow/example_dags/tutorial_taskflow_api_etl.py
[2021-06-11 13:56:20,215] {scheduler_job.py:643} INFO - DAG(s) dict_keys(['tutorial_taskflow_api_etl']) retrieved from /home/airflow/.local/lib/python3.6/site-packages/airflow/example_dags/tutorial_taskflow_api_etl.py
[2021-06-11 13:56:20,558] {logging_mixin.py:104} INFO - [2021-06-11 13:56:20,557] {dag.py:1832} INFO - Sync 1 DAGs
[2021-06-11 13:56:20,567] {logging_mixin.py:104} INFO - [2021-06-11 13:56:20,567] {dag.py:2305} INFO - Setting next_dagrun for tutorial_taskflow_api_etl to None
[2021-06-11 13:56:20,581] {scheduler_job.py:190} INFO - Processing /home/airflow/.local/lib/python3.6/site-packages/airflow/example_dags/tutorial_taskflow_api_etl.py took 0.399 seconds
[2021-06-11 13:56:54,605] {scheduler_job.py:182} INFO - Started process (PID=51) to work on /home/airflow/.local/lib/python3.6/site-packages/airflow/example_dags/tutorial_taskflow_api_etl.py
[2021-06-11 13:56:54,607] {scheduler_job.py:633} INFO - Processing file /home/airflow/.local/lib/python3.6/site-packages/airflow/example_dags/tutorial_taskflow_api_etl.py for tasks to queue
[2021-06-11 13:56:54,610] {logging_mixin.py:104} INFO - [2021-06-11 13:56:54,609] {dagbag.py:487} INFO - Filling up the DagBag from /home/airflow/.local/lib/python3.6/site-packages/airflow/example_dags/tutorial_taskflow_api_etl.py
[2021-06-11 13:56:54,656] {scheduler_job.py:643} INFO - DAG(s) dict_keys(['tutorial_taskflow_api_etl']) retrieved from /home/airflow/.local/lib/python3.6/site-packages/airflow/example_dags/tutorial_taskflow_api_etl.py
[2021-06-11 13:56:55,047] {logging_mixin.py:104} INFO - [2021-06-11 13:56:55,047] {dag.py:1832} INFO - Sync 1 DAGs
[2021-06-11 13:56:55,081] {logging_mixin.py:104} INFO - [2021-06-11 13:56:55,081] {dag.py:2305} INFO - Setting next_dagrun for tutorial_taskflow_api_etl to None
[2021-06-11 13:56:55,146] {scheduler_job.py:190} INFO - Processing /home/airflow/.local/lib/python3.6/site-packages/airflow/example_dags/tutorial_taskflow_api_etl.py took 0.547 seconds
