[2021-06-11 13:54:22,712] {scheduler_job.py:182} INFO - Started process (PID=181) to work on /home/airflow/.local/lib/python3.6/site-packages/airflow/example_dags/tutorial_taskflow_api_etl_virtualenv.py
[2021-06-11 13:54:22,718] {scheduler_job.py:633} INFO - Processing file /home/airflow/.local/lib/python3.6/site-packages/airflow/example_dags/tutorial_taskflow_api_etl_virtualenv.py for tasks to queue
[2021-06-11 13:54:22,724] {logging_mixin.py:104} INFO - [2021-06-11 13:54:22,724] {dagbag.py:487} INFO - Filling up the DagBag from /home/airflow/.local/lib/python3.6/site-packages/airflow/example_dags/tutorial_taskflow_api_etl_virtualenv.py
[2021-06-11 13:54:22,767] {scheduler_job.py:643} INFO - DAG(s) dict_keys(['tutorial_taskflow_api_etl_virtualenv']) retrieved from /home/airflow/.local/lib/python3.6/site-packages/airflow/example_dags/tutorial_taskflow_api_etl_virtualenv.py
[2021-06-11 13:54:37,396] {logging_mixin.py:104} INFO - [2021-06-11 13:54:37,396] {dag.py:1832} INFO - Sync 1 DAGs
[2021-06-11 13:54:37,407] {logging_mixin.py:104} INFO - [2021-06-11 13:54:37,406] {dag.py:1851} INFO - Creating ORM DAG for tutorial_taskflow_api_etl_virtualenv
[2021-06-11 13:54:37,412] {logging_mixin.py:104} INFO - [2021-06-11 13:54:37,412] {dag.py:2305} INFO - Setting next_dagrun for tutorial_taskflow_api_etl_virtualenv to None
[2021-06-11 13:54:37,422] {scheduler_job.py:190} INFO - Processing /home/airflow/.local/lib/python3.6/site-packages/airflow/example_dags/tutorial_taskflow_api_etl_virtualenv.py took 14.784 seconds
[2021-06-11 13:55:08,042] {scheduler_job.py:182} INFO - Started process (PID=252) to work on /home/airflow/.local/lib/python3.6/site-packages/airflow/example_dags/tutorial_taskflow_api_etl_virtualenv.py
[2021-06-11 13:55:08,044] {scheduler_job.py:633} INFO - Processing file /home/airflow/.local/lib/python3.6/site-packages/airflow/example_dags/tutorial_taskflow_api_etl_virtualenv.py for tasks to queue
[2021-06-11 13:55:08,045] {logging_mixin.py:104} INFO - [2021-06-11 13:55:08,045] {dagbag.py:487} INFO - Filling up the DagBag from /home/airflow/.local/lib/python3.6/site-packages/airflow/example_dags/tutorial_taskflow_api_etl_virtualenv.py
[2021-06-11 13:55:08,064] {scheduler_job.py:643} INFO - DAG(s) dict_keys(['tutorial_taskflow_api_etl_virtualenv']) retrieved from /home/airflow/.local/lib/python3.6/site-packages/airflow/example_dags/tutorial_taskflow_api_etl_virtualenv.py
[2021-06-11 13:55:08,366] {logging_mixin.py:104} INFO - [2021-06-11 13:55:08,366] {dag.py:1832} INFO - Sync 1 DAGs
[2021-06-11 13:55:08,374] {logging_mixin.py:104} INFO - [2021-06-11 13:55:08,374] {dag.py:2305} INFO - Setting next_dagrun for tutorial_taskflow_api_etl_virtualenv to None
[2021-06-11 13:55:08,384] {scheduler_job.py:190} INFO - Processing /home/airflow/.local/lib/python3.6/site-packages/airflow/example_dags/tutorial_taskflow_api_etl_virtualenv.py took 0.345 seconds
[2021-06-11 13:55:39,183] {scheduler_job.py:182} INFO - Started process (PID=331) to work on /home/airflow/.local/lib/python3.6/site-packages/airflow/example_dags/tutorial_taskflow_api_etl_virtualenv.py
[2021-06-11 13:55:39,185] {scheduler_job.py:633} INFO - Processing file /home/airflow/.local/lib/python3.6/site-packages/airflow/example_dags/tutorial_taskflow_api_etl_virtualenv.py for tasks to queue
[2021-06-11 13:55:39,186] {logging_mixin.py:104} INFO - [2021-06-11 13:55:39,186] {dagbag.py:487} INFO - Filling up the DagBag from /home/airflow/.local/lib/python3.6/site-packages/airflow/example_dags/tutorial_taskflow_api_etl_virtualenv.py
[2021-06-11 13:55:39,201] {scheduler_job.py:643} INFO - DAG(s) dict_keys(['tutorial_taskflow_api_etl_virtualenv']) retrieved from /home/airflow/.local/lib/python3.6/site-packages/airflow/example_dags/tutorial_taskflow_api_etl_virtualenv.py
[2021-06-11 13:55:39,461] {logging_mixin.py:104} INFO - [2021-06-11 13:55:39,460] {dag.py:1832} INFO - Sync 1 DAGs
[2021-06-11 13:55:39,469] {logging_mixin.py:104} INFO - [2021-06-11 13:55:39,469] {dag.py:2305} INFO - Setting next_dagrun for tutorial_taskflow_api_etl_virtualenv to None
[2021-06-11 13:55:39,481] {scheduler_job.py:190} INFO - Processing /home/airflow/.local/lib/python3.6/site-packages/airflow/example_dags/tutorial_taskflow_api_etl_virtualenv.py took 0.301 seconds
[2021-06-11 13:56:09,781] {scheduler_job.py:182} INFO - Started process (PID=412) to work on /home/airflow/.local/lib/python3.6/site-packages/airflow/example_dags/tutorial_taskflow_api_etl_virtualenv.py
[2021-06-11 13:56:09,784] {scheduler_job.py:633} INFO - Processing file /home/airflow/.local/lib/python3.6/site-packages/airflow/example_dags/tutorial_taskflow_api_etl_virtualenv.py for tasks to queue
[2021-06-11 13:56:09,786] {logging_mixin.py:104} INFO - [2021-06-11 13:56:09,786] {dagbag.py:487} INFO - Filling up the DagBag from /home/airflow/.local/lib/python3.6/site-packages/airflow/example_dags/tutorial_taskflow_api_etl_virtualenv.py
[2021-06-11 13:56:09,809] {scheduler_job.py:643} INFO - DAG(s) dict_keys(['tutorial_taskflow_api_etl_virtualenv']) retrieved from /home/airflow/.local/lib/python3.6/site-packages/airflow/example_dags/tutorial_taskflow_api_etl_virtualenv.py
[2021-06-11 13:56:10,116] {logging_mixin.py:104} INFO - [2021-06-11 13:56:10,115] {dag.py:1832} INFO - Sync 1 DAGs
[2021-06-11 13:56:10,133] {logging_mixin.py:104} INFO - [2021-06-11 13:56:10,133] {dag.py:2305} INFO - Setting next_dagrun for tutorial_taskflow_api_etl_virtualenv to None
[2021-06-11 13:56:10,153] {scheduler_job.py:190} INFO - Processing /home/airflow/.local/lib/python3.6/site-packages/airflow/example_dags/tutorial_taskflow_api_etl_virtualenv.py took 0.379 seconds
[2021-06-11 13:56:55,484] {scheduler_job.py:182} INFO - Started process (PID=57) to work on /home/airflow/.local/lib/python3.6/site-packages/airflow/example_dags/tutorial_taskflow_api_etl_virtualenv.py
[2021-06-11 13:56:55,488] {scheduler_job.py:633} INFO - Processing file /home/airflow/.local/lib/python3.6/site-packages/airflow/example_dags/tutorial_taskflow_api_etl_virtualenv.py for tasks to queue
[2021-06-11 13:56:55,491] {logging_mixin.py:104} INFO - [2021-06-11 13:56:55,490] {dagbag.py:487} INFO - Filling up the DagBag from /home/airflow/.local/lib/python3.6/site-packages/airflow/example_dags/tutorial_taskflow_api_etl_virtualenv.py
[2021-06-11 13:56:55,530] {scheduler_job.py:643} INFO - DAG(s) dict_keys(['tutorial_taskflow_api_etl_virtualenv']) retrieved from /home/airflow/.local/lib/python3.6/site-packages/airflow/example_dags/tutorial_taskflow_api_etl_virtualenv.py
[2021-06-11 13:56:56,048] {logging_mixin.py:104} INFO - [2021-06-11 13:56:56,048] {dag.py:1832} INFO - Sync 1 DAGs
[2021-06-11 13:56:56,075] {logging_mixin.py:104} INFO - [2021-06-11 13:56:56,075] {dag.py:2305} INFO - Setting next_dagrun for tutorial_taskflow_api_etl_virtualenv to None
[2021-06-11 13:56:56,094] {scheduler_job.py:190} INFO - Processing /home/airflow/.local/lib/python3.6/site-packages/airflow/example_dags/tutorial_taskflow_api_etl_virtualenv.py took 0.619 seconds
