[2021-06-11 14:02:12,378] {scheduler_job.py:182} INFO - Started process (PID=63) to work on /home/airflow/.local/lib/python3.6/site-packages/airflow/example_dags/tutorial.py
[2021-06-11 14:02:12,386] {scheduler_job.py:633} INFO - Processing file /home/airflow/.local/lib/python3.6/site-packages/airflow/example_dags/tutorial.py for tasks to queue
[2021-06-11 14:02:12,390] {logging_mixin.py:104} INFO - [2021-06-11 14:02:12,389] {dagbag.py:487} INFO - Filling up the DagBag from /home/airflow/.local/lib/python3.6/site-packages/airflow/example_dags/tutorial.py
[2021-06-11 14:02:12,417] {scheduler_job.py:643} INFO - DAG(s) dict_keys(['tutorial']) retrieved from /home/airflow/.local/lib/python3.6/site-packages/airflow/example_dags/tutorial.py
[2021-06-11 14:02:12,470] {logging_mixin.py:104} INFO - [2021-06-11 14:02:12,470] {dag.py:1832} INFO - Sync 1 DAGs
[2021-06-11 14:02:12,560] {logging_mixin.py:104} INFO - [2021-06-11 14:02:12,560] {dag.py:2305} INFO - Setting next_dagrun for tutorial to 2021-06-09 00:00:00+00:00
[2021-06-11 14:02:12,603] {scheduler_job.py:190} INFO - Processing /home/airflow/.local/lib/python3.6/site-packages/airflow/example_dags/tutorial.py took 0.237 seconds
[2021-06-11 14:02:42,998] {scheduler_job.py:182} INFO - Started process (PID=117) to work on /home/airflow/.local/lib/python3.6/site-packages/airflow/example_dags/tutorial.py
[2021-06-11 14:02:43,000] {scheduler_job.py:633} INFO - Processing file /home/airflow/.local/lib/python3.6/site-packages/airflow/example_dags/tutorial.py for tasks to queue
[2021-06-11 14:02:43,001] {logging_mixin.py:104} INFO - [2021-06-11 14:02:43,001] {dagbag.py:487} INFO - Filling up the DagBag from /home/airflow/.local/lib/python3.6/site-packages/airflow/example_dags/tutorial.py
[2021-06-11 14:02:43,017] {scheduler_job.py:643} INFO - DAG(s) dict_keys(['tutorial']) retrieved from /home/airflow/.local/lib/python3.6/site-packages/airflow/example_dags/tutorial.py
[2021-06-11 14:02:43,047] {logging_mixin.py:104} INFO - [2021-06-11 14:02:43,046] {dag.py:1832} INFO - Sync 1 DAGs
[2021-06-11 14:02:43,065] {logging_mixin.py:104} INFO - [2021-06-11 14:02:43,065] {dag.py:2305} INFO - Setting next_dagrun for tutorial to 2021-06-09 00:00:00+00:00
[2021-06-11 14:02:43,077] {scheduler_job.py:190} INFO - Processing /home/airflow/.local/lib/python3.6/site-packages/airflow/example_dags/tutorial.py took 0.083 seconds
[2021-06-11 14:03:14,238] {scheduler_job.py:182} INFO - Started process (PID=179) to work on /home/airflow/.local/lib/python3.6/site-packages/airflow/example_dags/tutorial.py
[2021-06-11 14:03:14,240] {scheduler_job.py:633} INFO - Processing file /home/airflow/.local/lib/python3.6/site-packages/airflow/example_dags/tutorial.py for tasks to queue
[2021-06-11 14:03:14,241] {logging_mixin.py:104} INFO - [2021-06-11 14:03:14,241] {dagbag.py:487} INFO - Filling up the DagBag from /home/airflow/.local/lib/python3.6/site-packages/airflow/example_dags/tutorial.py
[2021-06-11 14:03:14,256] {scheduler_job.py:643} INFO - DAG(s) dict_keys(['tutorial']) retrieved from /home/airflow/.local/lib/python3.6/site-packages/airflow/example_dags/tutorial.py
[2021-06-11 14:03:14,284] {logging_mixin.py:104} INFO - [2021-06-11 14:03:14,284] {dag.py:1832} INFO - Sync 1 DAGs
[2021-06-11 14:03:14,306] {logging_mixin.py:104} INFO - [2021-06-11 14:03:14,306] {dag.py:2305} INFO - Setting next_dagrun for tutorial to 2021-06-09 00:00:00+00:00
[2021-06-11 14:03:14,321] {scheduler_job.py:190} INFO - Processing /home/airflow/.local/lib/python3.6/site-packages/airflow/example_dags/tutorial.py took 0.086 seconds
