[2021-06-11 13:52:05,034] {scheduler_job.py:182} INFO - Started process (PID=31) to work on /home/airflow/.local/lib/python3.6/site-packages/airflow/example_dags/tutorial_etl_dag.py
[2021-06-11 13:52:05,041] {scheduler_job.py:633} INFO - Processing file /home/airflow/.local/lib/python3.6/site-packages/airflow/example_dags/tutorial_etl_dag.py for tasks to queue
[2021-06-11 13:52:05,046] {logging_mixin.py:104} INFO - [2021-06-11 13:52:05,046] {dagbag.py:487} INFO - Filling up the DagBag from /home/airflow/.local/lib/python3.6/site-packages/airflow/example_dags/tutorial_etl_dag.py
[2021-06-11 13:52:05,097] {scheduler_job.py:643} INFO - DAG(s) dict_keys(['tutorial_etl_dag']) retrieved from /home/airflow/.local/lib/python3.6/site-packages/airflow/example_dags/tutorial_etl_dag.py
[2021-06-11 13:54:08,908] {scheduler_job.py:182} INFO - Started process (PID=131) to work on /home/airflow/.local/lib/python3.6/site-packages/airflow/example_dags/tutorial_etl_dag.py
[2021-06-11 13:54:08,917] {scheduler_job.py:633} INFO - Processing file /home/airflow/.local/lib/python3.6/site-packages/airflow/example_dags/tutorial_etl_dag.py for tasks to queue
[2021-06-11 13:54:08,920] {logging_mixin.py:104} INFO - [2021-06-11 13:54:08,920] {dagbag.py:487} INFO - Filling up the DagBag from /home/airflow/.local/lib/python3.6/site-packages/airflow/example_dags/tutorial_etl_dag.py
[2021-06-11 13:54:08,982] {scheduler_job.py:643} INFO - DAG(s) dict_keys(['tutorial_etl_dag']) retrieved from /home/airflow/.local/lib/python3.6/site-packages/airflow/example_dags/tutorial_etl_dag.py
[2021-06-11 13:54:12,924] {logging_mixin.py:104} INFO - [2021-06-11 13:54:12,923] {dag.py:1832} INFO - Sync 1 DAGs
[2021-06-11 13:54:12,938] {logging_mixin.py:104} INFO - [2021-06-11 13:54:12,937] {dag.py:1851} INFO - Creating ORM DAG for tutorial_etl_dag
[2021-06-11 13:54:12,945] {logging_mixin.py:104} INFO - [2021-06-11 13:54:12,945] {dag.py:2305} INFO - Setting next_dagrun for tutorial_etl_dag to None
[2021-06-11 13:54:12,962] {scheduler_job.py:190} INFO - Processing /home/airflow/.local/lib/python3.6/site-packages/airflow/example_dags/tutorial_etl_dag.py took 4.064 seconds
[2021-06-11 13:54:43,106] {scheduler_job.py:182} INFO - Started process (PID=211) to work on /home/airflow/.local/lib/python3.6/site-packages/airflow/example_dags/tutorial_etl_dag.py
[2021-06-11 13:54:43,108] {scheduler_job.py:633} INFO - Processing file /home/airflow/.local/lib/python3.6/site-packages/airflow/example_dags/tutorial_etl_dag.py for tasks to queue
[2021-06-11 13:54:43,109] {logging_mixin.py:104} INFO - [2021-06-11 13:54:43,109] {dagbag.py:487} INFO - Filling up the DagBag from /home/airflow/.local/lib/python3.6/site-packages/airflow/example_dags/tutorial_etl_dag.py
[2021-06-11 13:54:43,125] {scheduler_job.py:643} INFO - DAG(s) dict_keys(['tutorial_etl_dag']) retrieved from /home/airflow/.local/lib/python3.6/site-packages/airflow/example_dags/tutorial_etl_dag.py
[2021-06-11 13:54:43,149] {logging_mixin.py:104} INFO - [2021-06-11 13:54:43,149] {dag.py:1832} INFO - Sync 1 DAGs
[2021-06-11 13:54:43,161] {logging_mixin.py:104} INFO - [2021-06-11 13:54:43,161] {dag.py:2305} INFO - Setting next_dagrun for tutorial_etl_dag to None
[2021-06-11 13:54:43,171] {scheduler_job.py:190} INFO - Processing /home/airflow/.local/lib/python3.6/site-packages/airflow/example_dags/tutorial_etl_dag.py took 0.069 seconds
[2021-06-11 13:55:13,292] {scheduler_job.py:182} INFO - Started process (PID=280) to work on /home/airflow/.local/lib/python3.6/site-packages/airflow/example_dags/tutorial_etl_dag.py
[2021-06-11 13:55:13,295] {scheduler_job.py:633} INFO - Processing file /home/airflow/.local/lib/python3.6/site-packages/airflow/example_dags/tutorial_etl_dag.py for tasks to queue
[2021-06-11 13:55:13,297] {logging_mixin.py:104} INFO - [2021-06-11 13:55:13,296] {dagbag.py:487} INFO - Filling up the DagBag from /home/airflow/.local/lib/python3.6/site-packages/airflow/example_dags/tutorial_etl_dag.py
[2021-06-11 13:55:13,316] {scheduler_job.py:643} INFO - DAG(s) dict_keys(['tutorial_etl_dag']) retrieved from /home/airflow/.local/lib/python3.6/site-packages/airflow/example_dags/tutorial_etl_dag.py
[2021-06-11 13:55:13,356] {logging_mixin.py:104} INFO - [2021-06-11 13:55:13,356] {dag.py:1832} INFO - Sync 1 DAGs
[2021-06-11 13:55:13,375] {logging_mixin.py:104} INFO - [2021-06-11 13:55:13,375] {dag.py:2305} INFO - Setting next_dagrun for tutorial_etl_dag to None
[2021-06-11 13:55:13,392] {scheduler_job.py:190} INFO - Processing /home/airflow/.local/lib/python3.6/site-packages/airflow/example_dags/tutorial_etl_dag.py took 0.105 seconds
[2021-06-11 13:55:43,852] {scheduler_job.py:182} INFO - Started process (PID=343) to work on /home/airflow/.local/lib/python3.6/site-packages/airflow/example_dags/tutorial_etl_dag.py
[2021-06-11 13:55:43,854] {scheduler_job.py:633} INFO - Processing file /home/airflow/.local/lib/python3.6/site-packages/airflow/example_dags/tutorial_etl_dag.py for tasks to queue
[2021-06-11 13:55:43,856] {logging_mixin.py:104} INFO - [2021-06-11 13:55:43,856] {dagbag.py:487} INFO - Filling up the DagBag from /home/airflow/.local/lib/python3.6/site-packages/airflow/example_dags/tutorial_etl_dag.py
[2021-06-11 13:55:43,869] {scheduler_job.py:643} INFO - DAG(s) dict_keys(['tutorial_etl_dag']) retrieved from /home/airflow/.local/lib/python3.6/site-packages/airflow/example_dags/tutorial_etl_dag.py
[2021-06-11 13:55:43,891] {logging_mixin.py:104} INFO - [2021-06-11 13:55:43,891] {dag.py:1832} INFO - Sync 1 DAGs
[2021-06-11 13:55:43,903] {logging_mixin.py:104} INFO - [2021-06-11 13:55:43,903] {dag.py:2305} INFO - Setting next_dagrun for tutorial_etl_dag to None
[2021-06-11 13:55:43,914] {scheduler_job.py:190} INFO - Processing /home/airflow/.local/lib/python3.6/site-packages/airflow/example_dags/tutorial_etl_dag.py took 0.066 seconds
[2021-06-11 13:56:14,511] {scheduler_job.py:182} INFO - Started process (PID=424) to work on /home/airflow/.local/lib/python3.6/site-packages/airflow/example_dags/tutorial_etl_dag.py
[2021-06-11 13:56:14,513] {scheduler_job.py:633} INFO - Processing file /home/airflow/.local/lib/python3.6/site-packages/airflow/example_dags/tutorial_etl_dag.py for tasks to queue
[2021-06-11 13:56:14,515] {logging_mixin.py:104} INFO - [2021-06-11 13:56:14,514] {dagbag.py:487} INFO - Filling up the DagBag from /home/airflow/.local/lib/python3.6/site-packages/airflow/example_dags/tutorial_etl_dag.py
[2021-06-11 13:56:14,527] {scheduler_job.py:643} INFO - DAG(s) dict_keys(['tutorial_etl_dag']) retrieved from /home/airflow/.local/lib/python3.6/site-packages/airflow/example_dags/tutorial_etl_dag.py
[2021-06-11 13:56:14,547] {logging_mixin.py:104} INFO - [2021-06-11 13:56:14,547] {dag.py:1832} INFO - Sync 1 DAGs
[2021-06-11 13:56:14,558] {logging_mixin.py:104} INFO - [2021-06-11 13:56:14,558] {dag.py:2305} INFO - Setting next_dagrun for tutorial_etl_dag to None
[2021-06-11 13:56:14,568] {scheduler_job.py:190} INFO - Processing /home/airflow/.local/lib/python3.6/site-packages/airflow/example_dags/tutorial_etl_dag.py took 0.063 seconds
[2021-06-11 13:56:51,175] {scheduler_job.py:182} INFO - Started process (PID=31) to work on /home/airflow/.local/lib/python3.6/site-packages/airflow/example_dags/tutorial_etl_dag.py
[2021-06-11 13:56:51,182] {scheduler_job.py:633} INFO - Processing file /home/airflow/.local/lib/python3.6/site-packages/airflow/example_dags/tutorial_etl_dag.py for tasks to queue
[2021-06-11 13:56:51,185] {logging_mixin.py:104} INFO - [2021-06-11 13:56:51,185] {dagbag.py:487} INFO - Filling up the DagBag from /home/airflow/.local/lib/python3.6/site-packages/airflow/example_dags/tutorial_etl_dag.py
[2021-06-11 13:56:51,250] {scheduler_job.py:643} INFO - DAG(s) dict_keys(['tutorial_etl_dag']) retrieved from /home/airflow/.local/lib/python3.6/site-packages/airflow/example_dags/tutorial_etl_dag.py
[2021-06-11 13:56:51,316] {logging_mixin.py:104} INFO - [2021-06-11 13:56:51,316] {dag.py:1832} INFO - Sync 1 DAGs
[2021-06-11 13:56:51,365] {logging_mixin.py:104} INFO - [2021-06-11 13:56:51,364] {dag.py:2305} INFO - Setting next_dagrun for tutorial_etl_dag to None
[2021-06-11 13:56:51,405] {scheduler_job.py:190} INFO - Processing /home/airflow/.local/lib/python3.6/site-packages/airflow/example_dags/tutorial_etl_dag.py took 0.241 seconds
[2021-06-11 13:57:22,291] {scheduler_job.py:182} INFO - Started process (PID=94) to work on /home/airflow/.local/lib/python3.6/site-packages/airflow/example_dags/tutorial_etl_dag.py
[2021-06-11 13:57:22,294] {scheduler_job.py:633} INFO - Processing file /home/airflow/.local/lib/python3.6/site-packages/airflow/example_dags/tutorial_etl_dag.py for tasks to queue
[2021-06-11 13:57:22,297] {logging_mixin.py:104} INFO - [2021-06-11 13:57:22,296] {dagbag.py:487} INFO - Filling up the DagBag from /home/airflow/.local/lib/python3.6/site-packages/airflow/example_dags/tutorial_etl_dag.py
[2021-06-11 13:57:22,324] {scheduler_job.py:643} INFO - DAG(s) dict_keys(['tutorial_etl_dag']) retrieved from /home/airflow/.local/lib/python3.6/site-packages/airflow/example_dags/tutorial_etl_dag.py
[2021-06-11 13:57:22,362] {logging_mixin.py:104} INFO - [2021-06-11 13:57:22,362] {dag.py:1832} INFO - Sync 1 DAGs
[2021-06-11 13:57:22,386] {logging_mixin.py:104} INFO - [2021-06-11 13:57:22,386] {dag.py:2305} INFO - Setting next_dagrun for tutorial_etl_dag to None
[2021-06-11 13:57:22,403] {scheduler_job.py:190} INFO - Processing /home/airflow/.local/lib/python3.6/site-packages/airflow/example_dags/tutorial_etl_dag.py took 0.117 seconds
